 
****************************************
Report : qor
Design : Add64
Version: U-2022.12-SP7
Date   : Sun Dec 24 15:22:50 2023
****************************************


  Timing Path Group 'vsysclk'
  -----------------------------------
  Levels of Logic:               2.00
  Critical Path Length:          0.67
  Critical Path Slack:           0.63
  Critical Path Clk Period:      2.00
  Total Negative Slack:          0.00
  No. of Violating Paths:        0.00
  Worst Hold Violation:          0.00
  Total Hold Violation:          0.00
  No. of Hold Violations:        0.00
  -----------------------------------


  Cell Count
  -----------------------------------
  Hierarchical Cell Count:         64
  Hierarchical Port Count:        320
  Leaf Cell Count:                192
  Buf/Inv Cell Count:               0
  Buf Cell Count:                   0
  Inv Cell Count:                   0
  CT Buf/Inv Cell Count:            0
  Combinational Cell Count:       192
  Sequential Cell Count:            0
  Macro Count:                      0
  -----------------------------------


  Area
  -----------------------------------
  Combinational Area:     2536.243225
  Noncombinational Area:     0.000000
  Buf/Inv Area:              0.000000
  Total Buffer Area:             0.00
  Total Inverter Area:           0.00
  Macro/Black Box Area:      0.000000
  Net Area:                 90.602640
  -----------------------------------
  Cell Area:              2536.243225
  Design Area:            2626.845865


  Design Rules
  -----------------------------------
  Total Number of Nets:           385
  Nets With Violations:             0
  Max Trans Violations:             0
  Max Cap Violations:               0
  -----------------------------------


  Hostname: ip-172-31-17-209.ec2.internal

  Compile CPU Statistics
  -----------------------------------------
  Resource Sharing:                    0.00
  Logic Optimization:                  0.05
  Mapping Optimization:                0.10
  -----------------------------------------
  Overall Compile Time:                0.56
  Overall Compile Wall Clock Time:     0.80

  --------------------------------------------------------------------

  Design  WNS: 0.00  TNS: 0.00  Number of Violating Paths: 0


  Design (Hold)  WNS: 0.00  TNS: 0.00  Number of Violating Paths: 0

  --------------------------------------------------------------------


1
