Warning: Design 'WM32bit' has '18' unresolved references. For more detailed information, use the "link" command. (UID-341)
 
****************************************
Report : resources
Design : WM32bit
Version: U-2022.12-SP7
Date   : Sun Dec 24 14:43:14 2023
****************************************

Resource Sharing Report for design WM32bit in file ./source/WM32bit.v

===============================================================================
|          |              |            | Contained     |                      |
| Resource | Module       | Parameters | Resources     | Contained Operations |
===============================================================================
| r85      | DW01_inc     | width=64   |               | add_0_root_add_113_ni |
| r87      | DW01_sub     | width=64   |               | sub_1_root_add_113_ni |
| r193     | DW01_sub     | width=32   |               | sub_1_root_add_39_ni |
| r195     | DW01_inc     | width=32   |               | add_0_root_add_39_ni |
| r301     | DW01_sub     | width=32   |               | sub_1_root_add_40_ni |
| r303     | DW01_inc     | width=32   |               | add_0_root_add_40_ni |
===============================================================================


Implementation Report
===============================================================================
|                    |                  | Current            | Set            |
| Cell               | Module           | Implementation     | Implementation |
===============================================================================
| add_0_root_add_39_ni                  |                    |                |
|                    | DW01_inc         | rpl                |                |
| add_0_root_add_40_ni                  |                    |                |
|                    | DW01_inc         | rpl                |                |
| add_0_root_add_113_ni                 |                    |                |
|                    | DW01_inc         | rpl                |                |
| sub_1_root_add_113_ni                 |                    |                |
|                    | DW01_sub         | rpl                |                |
===============================================================================

1
