 
****************************************
Report : cell
Design : floating_integration
Version: U-2022.12-SP7
Date   : Sun Dec 24 21:24:42 2023
****************************************

Attributes:
    b - black box (unknown)
    h - hierarchical
    n - noncombinational
    r - removable
    u - contains unmapped logic

Cell                      Reference       Library             Area  Attributes
--------------------------------------------------------------------------------
FloatingPointMultiplier1  FloatingPointMultiplier         43809.177418
                                                                    h
U3                        NBUFFX2         saed90nm_typ_ht 5.529600  
U4                        NBUFFX2         saed90nm_typ_ht 5.529600  
U5                        NBUFFX2         saed90nm_typ_ht 5.529600  
U6                        NBUFFX2         saed90nm_typ_ht 5.529600  
U7                        NBUFFX2         saed90nm_typ_ht 5.529600  
U8                        NBUFFX2         saed90nm_typ_ht 5.529600  
U9                        NBUFFX2         saed90nm_typ_ht 5.529600  
U10                       NBUFFX2         saed90nm_typ_ht 5.529600  
input_reg1_reg[0]         DFFX1           saed90nm_typ_ht 24.883200 n
input_reg1_reg[1]         DFFX1           saed90nm_typ_ht 24.883200 n
input_reg1_reg[2]         DFFX1           saed90nm_typ_ht 24.883200 n
input_reg1_reg[3]         DFFX1           saed90nm_typ_ht 24.883200 n
input_reg1_reg[4]         DFFX1           saed90nm_typ_ht 24.883200 n
input_reg1_reg[5]         DFFX1           saed90nm_typ_ht 24.883200 n
input_reg1_reg[6]         DFFX1           saed90nm_typ_ht 24.883200 n
input_reg1_reg[7]         DFFX1           saed90nm_typ_ht 24.883200 n
input_reg1_reg[8]         DFFX1           saed90nm_typ_ht 24.883200 n
input_reg1_reg[9]         DFFX1           saed90nm_typ_ht 24.883200 n
input_reg1_reg[10]        DFFX1           saed90nm_typ_ht 24.883200 n
input_reg1_reg[11]        DFFX1           saed90nm_typ_ht 24.883200 n
input_reg1_reg[12]        DFFX1           saed90nm_typ_ht 24.883200 n
input_reg1_reg[13]        DFFX1           saed90nm_typ_ht 24.883200 n
input_reg1_reg[14]        DFFX1           saed90nm_typ_ht 24.883200 n
input_reg1_reg[15]        DFFX1           saed90nm_typ_ht 24.883200 n
input_reg1_reg[16]        DFFX1           saed90nm_typ_ht 24.883200 n
input_reg1_reg[17]        DFFX1           saed90nm_typ_ht 24.883200 n
input_reg1_reg[18]        DFFX1           saed90nm_typ_ht 24.883200 n
input_reg1_reg[19]        DFFX1           saed90nm_typ_ht 24.883200 n
input_reg1_reg[20]        DFFX1           saed90nm_typ_ht 24.883200 n
input_reg1_reg[21]        DFFX1           saed90nm_typ_ht 24.883200 n
input_reg1_reg[22]        DFFX1           saed90nm_typ_ht 24.883200 n
input_reg1_reg[23]        DFFX1           saed90nm_typ_ht 24.883200 n
input_reg1_reg[24]        DFFX1           saed90nm_typ_ht 24.883200 n
input_reg1_reg[25]        DFFX1           saed90nm_typ_ht 24.883200 n
input_reg1_reg[26]        DFFX1           saed90nm_typ_ht 24.883200 n
input_reg1_reg[27]        DFFX1           saed90nm_typ_ht 24.883200 n
input_reg1_reg[28]        DFFX1           saed90nm_typ_ht 24.883200 n
input_reg1_reg[29]        DFFX1           saed90nm_typ_ht 24.883200 n
input_reg1_reg[30]        DFFX1           saed90nm_typ_ht 24.883200 n
input_reg1_reg[31]        DFFX1           saed90nm_typ_ht 24.883200 n
input_reg2_reg[0]         DFFX1           saed90nm_typ_ht 24.883200 n
input_reg2_reg[1]         DFFX1           saed90nm_typ_ht 24.883200 n
input_reg2_reg[2]         DFFX1           saed90nm_typ_ht 24.883200 n
input_reg2_reg[3]         DFFX1           saed90nm_typ_ht 24.883200 n
input_reg2_reg[4]         DFFX1           saed90nm_typ_ht 24.883200 n
input_reg2_reg[5]         DFFX1           saed90nm_typ_ht 24.883200 n
input_reg2_reg[6]         DFFX1           saed90nm_typ_ht 24.883200 n
input_reg2_reg[7]         DFFX1           saed90nm_typ_ht 24.883200 n
input_reg2_reg[8]         DFFX1           saed90nm_typ_ht 24.883200 n
input_reg2_reg[9]         DFFX1           saed90nm_typ_ht 24.883200 n
input_reg2_reg[10]        DFFX1           saed90nm_typ_ht 24.883200 n
input_reg2_reg[11]        DFFX1           saed90nm_typ_ht 24.883200 n
input_reg2_reg[12]        DFFX1           saed90nm_typ_ht 24.883200 n
input_reg2_reg[13]        DFFX1           saed90nm_typ_ht 24.883200 n
input_reg2_reg[14]        DFFX1           saed90nm_typ_ht 24.883200 n
input_reg2_reg[15]        DFFX1           saed90nm_typ_ht 24.883200 n
input_reg2_reg[16]        DFFX1           saed90nm_typ_ht 24.883200 n
input_reg2_reg[17]        DFFX1           saed90nm_typ_ht 24.883200 n
input_reg2_reg[18]        DFFX1           saed90nm_typ_ht 24.883200 n
input_reg2_reg[19]        DFFX1           saed90nm_typ_ht 24.883200 n
input_reg2_reg[20]        DFFX1           saed90nm_typ_ht 24.883200 n
input_reg2_reg[21]        DFFX1           saed90nm_typ_ht 24.883200 n
input_reg2_reg[22]        DFFX1           saed90nm_typ_ht 24.883200 n
input_reg2_reg[23]        DFFX1           saed90nm_typ_ht 24.883200 n
input_reg2_reg[24]        DFFX1           saed90nm_typ_ht 24.883200 n
input_reg2_reg[25]        DFFX1           saed90nm_typ_ht 24.883200 n
input_reg2_reg[26]        DFFX1           saed90nm_typ_ht 24.883200 n
input_reg2_reg[27]        DFFX1           saed90nm_typ_ht 24.883200 n
input_reg2_reg[28]        DFFX1           saed90nm_typ_ht 24.883200 n
input_reg2_reg[29]        DFFX1           saed90nm_typ_ht 24.883200 n
input_reg2_reg[30]        DFFX1           saed90nm_typ_ht 24.883200 n
input_reg2_reg[31]        DFFX1           saed90nm_typ_ht 24.883200 n
output1_reg[0]            DFFX1           saed90nm_typ_ht 24.883200 n
output1_reg[1]            DFFX1           saed90nm_typ_ht 24.883200 n
output1_reg[2]            DFFX1           saed90nm_typ_ht 24.883200 n
output1_reg[3]            DFFX1           saed90nm_typ_ht 24.883200 n
output1_reg[4]            DFFX1           saed90nm_typ_ht 24.883200 n
output1_reg[5]            DFFX1           saed90nm_typ_ht 24.883200 n
output1_reg[6]            DFFX1           saed90nm_typ_ht 24.883200 n
output1_reg[7]            DFFX1           saed90nm_typ_ht 24.883200 n
output1_reg[8]            DFFX1           saed90nm_typ_ht 24.883200 n
output1_reg[9]            DFFX1           saed90nm_typ_ht 24.883200 n
output1_reg[10]           DFFX1           saed90nm_typ_ht 24.883200 n
output1_reg[11]           DFFX1           saed90nm_typ_ht 24.883200 n
output1_reg[12]           DFFX1           saed90nm_typ_ht 24.883200 n
output1_reg[13]           DFFX1           saed90nm_typ_ht 24.883200 n
output1_reg[14]           DFFX1           saed90nm_typ_ht 24.883200 n
output1_reg[15]           DFFX1           saed90nm_typ_ht 24.883200 n
output1_reg[16]           DFFX1           saed90nm_typ_ht 24.883200 n
output1_reg[17]           DFFX1           saed90nm_typ_ht 24.883200 n
output1_reg[18]           DFFX1           saed90nm_typ_ht 24.883200 n
output1_reg[19]           DFFX1           saed90nm_typ_ht 24.883200 n
output1_reg[20]           DFFX1           saed90nm_typ_ht 24.883200 n
output1_reg[21]           DFFX1           saed90nm_typ_ht 24.883200 n
output1_reg[22]           DFFX1           saed90nm_typ_ht 24.883200 n
output1_reg[23]           DFFX1           saed90nm_typ_ht 24.883200 n
output1_reg[24]           DFFX1           saed90nm_typ_ht 24.883200 n
output1_reg[25]           DFFX1           saed90nm_typ_ht 24.883200 n
output1_reg[26]           DFFX1           saed90nm_typ_ht 24.883200 n
output1_reg[27]           DFFX1           saed90nm_typ_ht 24.883200 n
output1_reg[28]           DFFX1           saed90nm_typ_ht 24.883200 n
output1_reg[29]           DFFX1           saed90nm_typ_ht 24.883200 n
output1_reg[30]           DFFX1           saed90nm_typ_ht 24.883200 n
output1_reg[31]           DFFX1           saed90nm_typ_ht 24.883200 n
--------------------------------------------------------------------------------
Total 105 cells                                           46242.201389
1
