 
****************************************
Report : cell
Design : Fulladder_onebit
Version: U-2022.12-SP7
Date   : Tue Dec 12 19:38:12 2023
****************************************

Attributes:
    b - black box (unknown)
    h - hierarchical
    n - noncombinational
    r - removable
    u - contains unmapped logic

Cell                      Reference       Library             Area  Attributes
--------------------------------------------------------------------------------
U1                        XOR2X1          saed90nm_typ_ht 13.824000 
U2                        AO22X1          saed90nm_typ_ht 11.980800 
U3                        XOR2X1          saed90nm_typ_ht 13.824000 
--------------------------------------------------------------------------------
Total 3 cells                                             39.628800
1
