 
****************************************
Report : timing
        -path full
        -delay min
        -max_paths 10
Design : Fulladder_onebit
Version: U-2022.12-SP7
Date   : Tue Dec 12 19:38:12 2023
****************************************

Operating Conditions: TYPICAL   Library: saed90nm_typ_ht
Wire Load Model Mode: enclosed

  Startpoint: a[0] (input port clocked by vsysclk)
  Endpoint: s[0] (output port clocked by vsysclk)
  Path Group: vsysclk
  Path Type: min

  Des/Clust/Port     Wire Load Model       Library
  ------------------------------------------------
  Fulladder_onebit   ForQA                 saed90nm_typ_ht

  Point                                    Incr       Path
  -----------------------------------------------------------
  clock vsysclk (rise edge)                0.00       0.00
  clock network delay (ideal)              0.00       0.00
  input external delay                     1.00       1.00 r
  a[0] (in)                                0.00       1.00 r
  U1/Q (XOR2X1)                            0.21       1.21 f
  s[0] (out)                               0.17       1.39 f
  data arrival time                                   1.39

  clock vsysclk (rise edge)                0.00       0.00
  clock network delay (ideal)              0.00       0.00
  output external delay                   -0.50      -0.50
  data required time                                 -0.50
  -----------------------------------------------------------
  data required time                                 -0.50
  data arrival time                                  -1.39
  -----------------------------------------------------------
  slack (MET)                                         1.89


  Startpoint: b[0] (input port clocked by vsysclk)
  Endpoint: cout[0] (output port clocked by vsysclk)
  Path Group: vsysclk
  Path Type: min

  Des/Clust/Port     Wire Load Model       Library
  ------------------------------------------------
  Fulladder_onebit   ForQA                 saed90nm_typ_ht

  Point                                    Incr       Path
  -----------------------------------------------------------
  clock vsysclk (rise edge)                0.00       0.00
  clock network delay (ideal)              0.00       0.00
  input external delay                     1.00       1.00 r
  b[0] (in)                                0.00       1.00 r
  U3/Q (XOR2X1)                            0.20       1.20 f
  U2/Q (AO22X1)                            0.19       1.39 f
  cout[0] (out)                            0.17       1.57 f
  data arrival time                                   1.57

  clock vsysclk (rise edge)                0.00       0.00
  clock network delay (ideal)              0.00       0.00
  output external delay                   -0.50      -0.50
  data required time                                 -0.50
  -----------------------------------------------------------
  data required time                                 -0.50
  data arrival time                                  -1.57
  -----------------------------------------------------------
  slack (MET)                                         2.07


1
