 
****************************************
Report : qor
Design : Fulladder_onebit
Version: U-2022.12-SP7
Date   : Tue Dec 12 19:38:12 2023
****************************************


  Timing Path Group 'vsysclk'
  -----------------------------------
  Levels of Logic:               2.00
  Critical Path Length:          0.61
  Critical Path Slack:          17.89
  Critical Path Clk Period:     20.00
  Total Negative Slack:          0.00
  No. of Violating Paths:        0.00
  Worst Hold Violation:          0.00
  Total Hold Violation:          0.00
  No. of Hold Violations:        0.00
  -----------------------------------


  Cell Count
  -----------------------------------
  Hierarchical Cell Count:          0
  Hierarchical Port Count:          0
  Leaf Cell Count:                  3
  Buf/Inv Cell Count:               0
  Buf Cell Count:                   0
  Inv Cell Count:                   0
  CT Buf/Inv Cell Count:            0
  Combinational Cell Count:         3
  Sequential Cell Count:            0
  Macro Count:                      0
  -----------------------------------


  Area
  -----------------------------------
  Combinational Area:       39.628800
  Noncombinational Area:     0.000000
  Buf/Inv Area:              0.000000
  Total Buffer Area:             0.00
  Total Inverter Area:           0.00
  Macro/Black Box Area:      0.000000
  Net Area:                  0.905160
  -----------------------------------
  Cell Area:                39.628800
  Design Area:              40.533961


  Design Rules
  -----------------------------------
  Total Number of Nets:             6
  Nets With Violations:             0
  Max Trans Violations:             0
  Max Cap Violations:               0
  -----------------------------------


  Hostname: ip-172-31-17-209.ec2.internal

  Compile CPU Statistics
  -----------------------------------------
  Resource Sharing:                    0.00
  Logic Optimization:                  0.02
  Mapping Optimization:                0.09
  -----------------------------------------
  Overall Compile Time:                0.44
  Overall Compile Wall Clock Time:     0.67

  --------------------------------------------------------------------

  Design  WNS: 0.00  TNS: 0.00  Number of Violating Paths: 0


  Design (Hold)  WNS: 0.00  TNS: 0.00  Number of Violating Paths: 0

  --------------------------------------------------------------------


1
