 
****************************************
Report : area
Design : WM8bit
Version: U-2022.12-SP7
Date   : Sun Dec 24 15:00:48 2023
****************************************

Library(s) Used:

    saed90nm_typ_ht (File: /home/user24/Downloads/Lab4/ref/models/saed90nm_typ_ht.db)

Number of ports:                          367
Number of nets:                           637
Number of cells:                          359
Number of combinational cells:            287
Number of sequential cells:                 0
Number of macros/black boxes:               0
Number of buf/inv:                         32
Number of references:                      76

Combinational area:               3060.633636
Buf/Inv area:                      284.774403
Noncombinational area:               0.000000
Macro/Black Box area:                0.000000
Net Interconnect area:             104.228001

Total cell area:                  3060.633636
Total area:                       3164.861637
1
