 
****************************************
Report : area
Design : multOp_integration
Version: U-2022.12-SP7
Date   : Sat Dec 23 19:46:06 2023
****************************************

Library(s) Used:

    saed90nm_typ_ht (File: /home/user24/Downloads/Lab4/ref/models/saed90nm_typ_ht.db)

Number of ports:                          574
Number of nets:                          3963
Number of cells:                         2557
Number of combinational cells:           2423
Number of sequential cells:               128
Number of macros/black boxes:               0
Number of buf/inv:                        174
Number of references:                       3

Combinational area:              36841.881323
Buf/Inv area:                      962.150425
Noncombinational area:            3185.049561
Macro/Black Box area:                0.000000
Net Interconnect area:            1995.208838

Total cell area:                 40026.930883
Total area:                      42022.139722
1
