 
****************************************
Report : area
Design : booth_integration
Version: U-2022.12-SP7
Date   : Sat Dec 23 19:24:41 2023
****************************************

Library(s) Used:

    saed90nm_typ_ht (File: /home/user24/Downloads/Lab4/ref/models/saed90nm_typ_ht.db)

Number of ports:                        13057
Number of nets:                         18917
Number of cells:                         4264
Number of combinational cells:           3941
Number of sequential cells:               128
Number of macros/black boxes:               0
Number of buf/inv:                        714
Number of references:                       3

Combinational area:              79995.800410
Buf/Inv area:                     4007.116894
Noncombinational area:            3185.049561
Macro/Black Box area:                0.000000
Net Interconnect area:            5229.761842

Total cell area:                 83180.849971
Total area:                      88410.611813
1
