Warning: Design 'WM32bit' has '18' unresolved references. For more detailed information, use the "link" command. (UID-341)
 
****************************************
Report : area
Design : WM32bit
Version: U-2022.12-SP7
Date   : Sun Dec 24 14:43:14 2023
****************************************

Library(s) Used:

    saed90nm_typ_ht (File: /home/user24/Downloads/Lab4/ref/models/saed90nm_typ_ht.db)

Number of ports:                         2694
Number of nets:                          8727
Number of cells:                         3886
Number of combinational cells:           2545
Number of sequential cells:               829
Number of macros/black boxes:               0
Number of buf/inv:                        400
Number of references:                      28

Combinational area:              25770.701028
Buf/Inv area:                     2211.840057
Noncombinational area:               0.000000
Macro/Black Box area:                0.000000
Net Interconnect area:            3766.764112

Total cell area:                 25770.701028
Total area:                      29537.465140

Information: This design contains black box (unknown) components. (RPT-8)
1
