Information: Updating design information... (UID-85)
Information: Propagating switching activity (low effort zero delay simulation). (PWR-6)
Warning: Design has unannotated primary inputs. (PWR-414)
 
****************************************
Report : power
        -analysis_effort low
Design : CarryLookaheadAdder
Version: U-2022.12-SP7
Date   : Tue Dec 12 19:42:27 2023
****************************************


Library(s) Used:

    saed90nm_typ_ht (File: /home/user26/Downloads/Lab4/ref/models/saed90nm_typ_ht.db)


Operating Conditions: TYPICAL   Library: saed90nm_typ_ht
Wire Load Model Mode: enclosed

Design        Wire Load Model            Library
------------------------------------------------
CarryLookaheadAdder    8000              saed90nm_typ_ht


Global Operating Voltage = 1.2  
Power-specific unit information :
    Voltage Units = 1V
    Capacitance Units = 1.000000ff
    Time Units = 1ns
    Dynamic Power Units = 1uW    (derived from V,C,T units)
    Leakage Power Units = 1pW


Attributes
----------
i - Including register clock pin internal power


  Cell Internal Power  =  20.4542 uW   (77%)
  Net Switching Power  =   6.1638 uW   (23%)
                         ---------
Total Dynamic Power    =  26.6180 uW  (100%)

Cell Leakage Power     =  21.1070 uW

Information: report_power power group summary does not include estimated clock tree power. (PWR-789)

                 Internal         Switching           Leakage            Total
Power Group      Power            Power               Power              Power   (   %    )  Attrs
--------------------------------------------------------------------------------------------------
io_pad             0.0000            0.0000            0.0000            0.0000  (   0.00%)
memory             0.0000            0.0000            0.0000            0.0000  (   0.00%)
black_box          0.0000            0.0000            0.0000            0.0000  (   0.00%)
clock_network      0.0000            0.0000            0.0000            0.0000  (   0.00%)  i
register           0.0000            0.0000            0.0000            0.0000  (   0.00%)
sequential         0.0000            0.0000            0.0000            0.0000  (   0.00%)
combinational     20.4542            6.1638        2.1107e+07           47.7250  ( 100.00%)
--------------------------------------------------------------------------------------------------
Total             20.4542 uW         6.1638 uW     2.1107e+07 pW        47.7250 uW
1
