Warning: Design 'CarryBypass_Adder' has '1' unresolved references. For more detailed information, use the "link" command. (UID-341)
 
****************************************
Report : cell
Design : CarryBypass_Adder
Version: U-2022.12-SP7
Date   : Tue Dec 12 19:49:20 2023
****************************************

Attributes:
    b - black box (unknown)
    h - hierarchical
    n - noncombinational
    r - removable
    u - contains unmapped logic

Cell                      Reference       Library             Area  Attributes
--------------------------------------------------------------------------------
ripple_loop[0].R          Ripple4bit                      0.000000  b
ripple_loop[1].R          Ripple4bit                      0.000000  b
ripple_loop[2].R          Ripple4bit                      0.000000  b
ripple_loop[3].R          Ripple4bit                      0.000000  b
ripple_loop[4].R          Ripple4bit                      0.000000  b
ripple_loop[5].R          Ripple4bit                      0.000000  b
ripple_loop[6].R          Ripple4bit                      0.000000  b
ripple_loop[7].R          Ripple4bit                      0.000000  b
--------------------------------------------------------------------------------
Total 8 cells                                             0.000000
1
