Warning: Design 'CarryBypass_Adder' has '1' unresolved references. For more detailed information, use the "link" command. (UID-341)
 
****************************************
Report : area
Design : CarryBypass_Adder
Version: U-2022.12-SP7
Date   : Tue Dec 12 19:49:20 2023
****************************************

Library(s) Used:

    No libraries used.

Number of ports:                           98
Number of nets:                           105
Number of cells:                            8
Number of combinational cells:              0
Number of sequential cells:                 8
Number of macros/black boxes:               0
Number of buf/inv:                          0
Number of references:                       1

Combinational area:                  0.000000
Buf/Inv area:                        0.000000
Noncombinational area:               0.000000
Macro/Black Box area:                0.000000
Net Interconnect area:               8.688788

Total cell area:                     0.000000
Total area:                          8.688788

Information: This design contains black box (unknown) components. (RPT-8)
1
