Loading db file '/home/user26/Downloads/Lab4/ref/models/saed90nm_typ_ht.db'
Information: Updating design information... (UID-85)
Information: Propagating switching activity (low effort zero delay simulation). (PWR-6)
Warning: Design has unannotated primary inputs. (PWR-414)
 
****************************************
Report : power
        -analysis_effort low
Design : FloatingPointAdder
Version: U-2022.12-SP7
Date   : Tue Dec 12 21:35:38 2023
****************************************


Library(s) Used:

    saed90nm_typ_ht (File: /home/user26/Downloads/Lab4/ref/models/saed90nm_typ_ht.db)


Operating Conditions: TYPICAL   Library: saed90nm_typ_ht
Wire Load Model Mode: enclosed

Design        Wire Load Model            Library
------------------------------------------------
FloatingPointAdder     16000             saed90nm_typ_ht
FloatingPointAdder_DW01_sub_0
                       8000              saed90nm_typ_ht
FloatingPointAdder_DW01_sub_1
                       8000              saed90nm_typ_ht
FloatingPointAdder_DW01_add_0
                       8000              saed90nm_typ_ht
FloatingPointAdder_DW_rash_0
                       8000              saed90nm_typ_ht
FloatingPointAdder_DW_rash_1
                       8000              saed90nm_typ_ht
FloatingPointAdder_DW01_sub_3
                       8000              saed90nm_typ_ht
FloatingPointAdder_DW01_sub_4
                       8000              saed90nm_typ_ht


Global Operating Voltage = 1.2  
Power-specific unit information :
    Voltage Units = 1V
    Capacitance Units = 1.000000ff
    Time Units = 1ns
    Dynamic Power Units = 1uW    (derived from V,C,T units)
    Leakage Power Units = 1pW


Attributes
----------
i - Including register clock pin internal power


  Cell Internal Power  = 162.6698 uW   (73%)
  Net Switching Power  =  61.4537 uW   (27%)
                         ---------
Total Dynamic Power    = 224.1236 uW  (100%)

Cell Leakage Power     = 163.1389 uW

Information: report_power power group summary does not include estimated clock tree power. (PWR-789)

                 Internal         Switching           Leakage            Total
Power Group      Power            Power               Power              Power   (   %    )  Attrs
--------------------------------------------------------------------------------------------------
io_pad             0.0000            0.0000            0.0000            0.0000  (   0.00%)
memory             0.0000            0.0000            0.0000            0.0000  (   0.00%)
black_box          0.0000            0.0000            0.0000            0.0000  (   0.00%)
clock_network      0.0000            0.0000            0.0000            0.0000  (   0.00%)  i
register           0.0000            0.0000            0.0000            0.0000  (   0.00%)
sequential         0.0000            0.0000            0.0000            0.0000  (   0.00%)
combinational    162.6699           61.4537        1.6314e+08          387.2625  ( 100.00%)
--------------------------------------------------------------------------------------------------
Total            162.6699 uW        61.4537 uW     1.6314e+08 pW       387.2625 uW
1
