 
****************************************
Report : area
Design : RippleCarryAdder
Version: U-2022.12-SP7
Date   : Tue Dec 12 19:46:29 2023
****************************************

Library(s) Used:

    saed90nm_typ_ht (File: /home/user26/Downloads/Lab4/ref/models/saed90nm_typ_ht.db)

Number of ports:                          258
Number of nets:                           321
Number of cells:                          128
Number of combinational cells:             96
Number of sequential cells:                 0
Number of macros/black boxes:               0
Number of buf/inv:                          0
Number of references:                      32

Combinational area:               1268.121613
Buf/Inv area:                        0.000000
Noncombinational area:               0.000000
Macro/Black Box area:                0.000000
Net Interconnect area:              41.049510

Total cell area:                  1268.121613
Total area:                       1309.171123
1
