====================================================================================================
| Flow Information                                                                                 |
----------------------------------------------------------------------------------------------------
| Flow         | Design Compiler                                                                   |
====================================================================================================
| Design Information                                      | Value                                  |
====================================================================================================
| Number of Scenarios                                     | 0                                      |
| Leaf Cell Count                                         | 282                                    |
| Number of User Hierarchies                              | 3                                      |
| Sequential Cell Count                                   | 96                                     |
| Macro Count                                             | 0                                      |
| Number of Power Domains                                 | 0                                      |
| Number of Path Groups                                   | 2                                      |
| Number of VT Class                                      | 1                                      |
| Number of Clocks                                        | 1                                      |
| Number of Dont Touch Cells                              | 91                                     |
| Number of Dont Touch Nets                               | 0                                      |
| Number of Size Only Cells                               | 0                                      |
| Design with UPF Data                                    | false                                  |
====================================================================================================

Information: There are 110 potential problems in your design. Please run 'check_design' for more information. (LINT-99)



  Beginning Pass 1 Mapping
  ------------------------
  Processing 'PlusOperatorAdder'
  Processing 'MultiplierOperator'
  Processing 'FloatingPointMultiplier'
  Processing 'floating_integration'

  Updating timing information
Information: Updating design information... (UID-85)

  Beginning Implementation Selection
  ----------------------------------
  Processing 'PlusOperatorAdder_DW01_add_0'
  Allocating blocks in 'DW02_mult_A_width32_B_width32'
  Building model 'DW01_MUX'
  Processing 'DW01_MUX'
  Building model 'DW01_mmux_width2'
  Processing 'DW01_mmux_width2'
  Building model 'DW01_mmux_width3'
  Processing 'DW01_mmux_width3'
  Building model 'DW01_mmux_width4'
  Processing 'DW01_mmux_width4'
  Building model 'DW01_mmux_width5'
  Processing 'DW01_mmux_width5'
  Building model 'DW01_NAND2'
  Processing 'DW01_NAND2'
  Building model 'DW01_add_width62' (cla)
  Processing 'DW01_add_width62'
  Building model 'DW02_mult_A_width32_B_width32' (csa)
  Processing 'DW02_mult_A_width32_B_width32'
  Building model 'DW01_add_width8' (rpl)
  Processing 'DW01_add_width8'
  Building model 'DW01_add_width8' (cla)
  Processing 'DW01_add_width8'
  Building model 'DW01_sub_width8' (rpl)
  Processing 'DW01_sub_width8'
  Building model 'DW01_sub_width8' (cla)
  Processing 'DW01_sub_width8'
  Processing 'MultiplierOperator_DW02_mult_0'
  Processing 'MultiplierOperator_DW01_add_0_DW01_add_1'
  Processing 'FloatingPointMultiplier_DW01_sub_0'
  Processing 'FloatingPointMultiplier_DW01_add_0_DW01_add_2'
  Processing 'FloatingPointMultiplier_DW01_add_1_DW01_add_3'
  Processing 'FloatingPointMultiplier_DW01_add_2_DW01_add_4'
  Processing 'FloatingPointMultiplier_DW01_sub_1'
  Processing 'FloatingPointMultiplier_DW01_add_3_DW01_add_5'
  Processing 'FloatingPointMultiplier_DW01_sub_2'
  Processing 'FloatingPointMultiplier_DW01_add_4_DW01_add_6'
  Processing 'FloatingPointMultiplier_DW01_add_5_DW01_add_7'
  Processing 'FloatingPointMultiplier_DW01_add_6_DW01_add_8'
  Processing 'FloatingPointMultiplier_DW01_add_7_DW01_add_9'
  Processing 'FloatingPointMultiplier_DW01_add_8_DW01_add_10'
  Processing 'FloatingPointMultiplier_DW01_add_9_DW01_add_11'
  Processing 'FloatingPointMultiplier_DW01_add_10_DW01_add_12'
Information: Command 'do_operand_isolation' is obsolete and is being ignored.  Please refer to the replacement command 'set power_enable_datapath_gating true' instead. (INFO-118)

  Beginning Mapping Optimizations  (Medium effort)
  -------------------------------
Information: Command 'do_operand_isolation' is obsolete and is being ignored.  Please refer to the replacement command 'set power_enable_datapath_gating true' instead. (INFO-118)

                                  TOTAL                                      
   ELAPSED            WORST NEG   SETUP    DESIGN                            
    TIME      AREA      SLACK     COST    RULE COST         ENDPOINT         
  --------- --------- --------- --------- --------- -------------------------
    0:00:05   56895.0      0.00       0.0       0.0                          
    0:00:05   56895.0      0.00       0.0       0.0                          
    0:00:05   56895.0      0.00       0.0       0.0                          
    0:00:05   56895.0      0.00       0.0       0.0                          
    0:00:05   56895.0      0.00       0.0       0.0                          
    0:00:05   44910.5      0.00       0.0       0.0                          
    0:00:05   44653.4      0.00       0.0       0.0                          
    0:00:05   44653.4      0.00       0.0       0.0                          
    0:00:05   44653.4      0.00       0.0       0.0                          
    0:00:05   44653.4      0.00       0.0       0.0                          
    0:00:05   44653.4      0.00       0.0       0.0                          
    0:00:05   44653.4      0.00       0.0       0.0                          
    0:00:05   44653.4      0.00       0.0       0.0                          
    0:00:05   44653.4      0.00       0.0       0.0                          



  Beginning Delay Optimization Phase
  ----------------------------------

                                  TOTAL                                      
   ELAPSED            WORST NEG   SETUP    DESIGN                            
    TIME      AREA      SLACK     COST    RULE COST         ENDPOINT         
  --------- --------- --------- --------- --------- -------------------------
    0:00:05   44653.4      0.00       0.0       0.0                          
    0:00:05   44653.4      0.00       0.0       0.0                          
    0:00:05   44653.4      0.00       0.0       0.0                          


  Beginning Area-Recovery Phase  (cleanup)
  -----------------------------

                                  TOTAL                                      
   ELAPSED            WORST NEG   SETUP    DESIGN                            
    TIME      AREA      SLACK     COST    RULE COST         ENDPOINT         
  --------- --------- --------- --------- --------- -------------------------
    0:00:05   44653.4      0.00       0.0       0.0                          
    0:00:05   44653.4      0.00       0.0       0.0                          
    0:00:05   43738.2      0.00       0.0       0.0                          
    0:00:05   43423.0      0.00       0.0       0.0                          
    0:00:05   43395.4      0.00       0.0       0.0                          
    0:00:05   43395.4      0.00       0.0       0.0                          
    0:00:05   43395.4      0.00       0.0       0.0                          
    0:00:05   43395.4      0.00       0.0       0.0                          
    0:00:05   43395.4      0.00       0.0       0.0                          
    0:00:05   43395.4      0.00       0.0       0.0                          
    0:00:05   43395.4      0.00       0.0       0.0                          
    0:00:05   43395.4      0.00       0.0       0.0                          
    0:00:05   43395.4      0.00       0.0       0.0                          
    0:00:05   43395.4      0.00       0.0       0.0                          
    0:00:05   43395.4      0.00       0.0       0.0                          
Loading db file '/home/user24/Downloads/Lab4/ref/models/saed90nm_typ_ht.db'


Note: Symbol # after min delay cost means estimated hold TNS across all active scenarios 


  Optimization Complete
  ---------------------
Information: Total number of MV cells in the design.
----------------------------------------------------------------------------------------------------
 MV Cells                                           Total Number                                   
----------------------------------------------------------------------------------------------------
 Level Shifter:                                     0                                             
 Enable Level Shifter:                              0                                             
 Isolation Cell:                                    0                                             
 Retention Cell:                                    0                                             
 Retention Clamp Cell:                              0                                             
 Switch Cell:                                       0                                             
 Always-On Cell:                                    0                                             
 Repeater Cell:                                     0                                             

----------------------------------------------------------------------------------------------------
Unmapped MV Cells 
----------------------------------------------------------------------------------------------------
0 Isolation Cells are unmapped 
0 Retention Clamp Cells are unmapped 
----------------------------------------------------------------------------------------------------
1
