Information: Evaluating DesignWare library utilization. (UISN-27)

============================================================================
| DesignWare Building Block Library  |         Version         | Available |
============================================================================
| Basic DW Building Blocks           | U-2022.12-DWBB_202212.5 |     *     |
| Licensed DW Building Blocks        |                         |           |
============================================================================

====================================================================================================
| Flow Information                                                                                 |
----------------------------------------------------------------------------------------------------
| Flow         | Design Compiler                                                                   |
====================================================================================================
| Design Information                                      | Value                                  |
====================================================================================================
| Number of Scenarios                                     | 0                                      |
| Leaf Cell Count                                         | 382                                    |
| Number of User Hierarchies                              | 64                                     |
| Sequential Cell Count                                   | 0                                      |
| Macro Count                                             | 0                                      |
| Number of Power Domains                                 | 0                                      |
| Number of Path Groups                                   | 2                                      |
| Number of VT Class                                      | 1                                      |
| Number of Clocks                                        | 1                                      |
| Number of Dont Touch Cells                              | 126                                    |
| Number of Dont Touch Nets                               | 0                                      |
| Number of Size Only Cells                               | 0                                      |
| Design with UPF Data                                    | false                                  |
====================================================================================================

Information: There are 292 potential problems in your design. Please run 'check_design' for more information. (LINT-99)



  Beginning Pass 1 Mapping
  ------------------------
  Processing 'PlusOperatorAdder_0'
  Processing 'Booth'

  Updating timing information
Information: Updating design information... (UID-85)

  Beginning Implementation Selection
  ----------------------------------
  Processing 'PlusOperatorAdder_1_DW01_add_0'
  Processing 'PlusOperatorAdder_2_DW01_add_0_DW01_add_1'
  Processing 'PlusOperatorAdder_3_DW01_add_0_DW01_add_2'
  Processing 'PlusOperatorAdder_4_DW01_add_0_DW01_add_3'
  Processing 'PlusOperatorAdder_5_DW01_add_0_DW01_add_4'
  Processing 'PlusOperatorAdder_6_DW01_add_0_DW01_add_5'
  Processing 'PlusOperatorAdder_7_DW01_add_0_DW01_add_6'
  Processing 'PlusOperatorAdder_8_DW01_add_0_DW01_add_7'
  Processing 'PlusOperatorAdder_9_DW01_add_0_DW01_add_8'
  Processing 'PlusOperatorAdder_10_DW01_add_0_DW01_add_9'
  Processing 'PlusOperatorAdder_11_DW01_add_0_DW01_add_10'
  Processing 'PlusOperatorAdder_12_DW01_add_0_DW01_add_11'
  Processing 'PlusOperatorAdder_13_DW01_add_0_DW01_add_12'
  Processing 'PlusOperatorAdder_14_DW01_add_0_DW01_add_13'
  Processing 'PlusOperatorAdder_15_DW01_add_0_DW01_add_14'
  Processing 'PlusOperatorAdder_16_DW01_add_0_DW01_add_15'
  Processing 'PlusOperatorAdder_17_DW01_add_0_DW01_add_16'
  Processing 'PlusOperatorAdder_18_DW01_add_0_DW01_add_17'
  Processing 'PlusOperatorAdder_19_DW01_add_0_DW01_add_18'
  Processing 'PlusOperatorAdder_20_DW01_add_0_DW01_add_19'
  Processing 'PlusOperatorAdder_21_DW01_add_0_DW01_add_20'
  Processing 'PlusOperatorAdder_22_DW01_add_0_DW01_add_21'
  Processing 'PlusOperatorAdder_23_DW01_add_0_DW01_add_22'
  Processing 'PlusOperatorAdder_24_DW01_add_0_DW01_add_23'
  Processing 'PlusOperatorAdder_25_DW01_add_0_DW01_add_24'
  Processing 'PlusOperatorAdder_26_DW01_add_0_DW01_add_25'
  Processing 'PlusOperatorAdder_27_DW01_add_0_DW01_add_26'
  Processing 'PlusOperatorAdder_28_DW01_add_0_DW01_add_27'
  Processing 'PlusOperatorAdder_29_DW01_add_0_DW01_add_28'
  Processing 'PlusOperatorAdder_30_DW01_add_0_DW01_add_29'
  Processing 'PlusOperatorAdder_31_DW01_add_0_DW01_add_30'
  Processing 'PlusOperatorAdder_32_DW01_add_0_DW01_add_31'
  Processing 'PlusOperatorAdder_33_DW01_add_0_DW01_add_32'
  Processing 'PlusOperatorAdder_34_DW01_add_0_DW01_add_33'
  Processing 'PlusOperatorAdder_35_DW01_add_0_DW01_add_34'
  Processing 'PlusOperatorAdder_36_DW01_add_0_DW01_add_35'
  Processing 'PlusOperatorAdder_37_DW01_add_0_DW01_add_36'
  Processing 'PlusOperatorAdder_38_DW01_add_0_DW01_add_37'
  Processing 'PlusOperatorAdder_39_DW01_add_0_DW01_add_38'
  Processing 'PlusOperatorAdder_40_DW01_add_0_DW01_add_39'
  Processing 'PlusOperatorAdder_41_DW01_add_0_DW01_add_40'
  Processing 'PlusOperatorAdder_42_DW01_add_0_DW01_add_41'
  Processing 'PlusOperatorAdder_43_DW01_add_0_DW01_add_42'
  Processing 'PlusOperatorAdder_44_DW01_add_0_DW01_add_43'
  Processing 'PlusOperatorAdder_45_DW01_add_0_DW01_add_44'
  Processing 'PlusOperatorAdder_46_DW01_add_0_DW01_add_45'
  Processing 'PlusOperatorAdder_47_DW01_add_0_DW01_add_46'
  Processing 'PlusOperatorAdder_48_DW01_add_0_DW01_add_47'
  Processing 'PlusOperatorAdder_49_DW01_add_0_DW01_add_48'
  Processing 'PlusOperatorAdder_50_DW01_add_0_DW01_add_49'
  Processing 'PlusOperatorAdder_51_DW01_add_0_DW01_add_50'
  Processing 'PlusOperatorAdder_52_DW01_add_0_DW01_add_51'
  Processing 'PlusOperatorAdder_53_DW01_add_0_DW01_add_52'
  Processing 'PlusOperatorAdder_54_DW01_add_0_DW01_add_53'
  Processing 'PlusOperatorAdder_55_DW01_add_0_DW01_add_54'
  Processing 'PlusOperatorAdder_56_DW01_add_0_DW01_add_55'
  Processing 'PlusOperatorAdder_57_DW01_add_0_DW01_add_56'
  Processing 'PlusOperatorAdder_58_DW01_add_0_DW01_add_57'
  Processing 'PlusOperatorAdder_59_DW01_add_0_DW01_add_58'
  Processing 'PlusOperatorAdder_60_DW01_add_0_DW01_add_59'
  Processing 'PlusOperatorAdder_61_DW01_add_0_DW01_add_60'
  Processing 'PlusOperatorAdder_62_DW01_add_0_DW01_add_61'
  Processing 'PlusOperatorAdder_63_DW01_add_0_DW01_add_62'
  Processing 'PlusOperatorAdder_0_DW01_add_0_DW01_add_63'
  Building model 'DW01_NAND2'
  Processing 'DW01_NAND2'
  Building model 'DW01_sub_width32' (rpl)
  Processing 'DW01_sub_width32'
  Building model 'DW01_sub_width32' (cla)
  Processing 'DW01_sub_width32'
  Building model 'DW01_inc_width32' (rpl)
  Processing 'DW01_inc_width32'
  Processing 'Booth_DW01_inc_0'
  Processing 'Booth_DW01_sub_0'
Information: Command 'do_operand_isolation' is obsolete and is being ignored.  Please refer to the replacement command 'set power_enable_datapath_gating true' instead. (INFO-118)

  Beginning Mapping Optimizations  (Medium effort)
  -------------------------------
  Mapping Optimization (Phase 1)
  Mapping Optimization (Phase 2)
  Mapping Optimization (Phase 3)
  Mapping Optimization (Phase 4)
  Mapping Optimization (Phase 5)
  Mapping Optimization (Phase 6)
  Mapping Optimization (Phase 7)
  Mapping Optimization (Phase 8)
  Mapping Optimization (Phase 9)
  Mapping Optimization (Phase 10)
  Mapping Optimization (Phase 11)
  Mapping Optimization (Phase 12)
  Mapping Optimization (Phase 13)
  Mapping Optimization (Phase 14)
  Mapping Optimization (Phase 15)
  Mapping Optimization (Phase 16)
  Mapping Optimization (Phase 17)
  Mapping Optimization (Phase 18)
  Mapping Optimization (Phase 19)
  Mapping Optimization (Phase 20)
  Mapping Optimization (Phase 21)
  Mapping Optimization (Phase 22)

                                  TOTAL                                      
   ELAPSED            WORST NEG   SETUP    DESIGN                            
    TIME      AREA      SLACK     COST    RULE COST         ENDPOINT         
  --------- --------- --------- --------- --------- -------------------------
    0:05:37  243042.5    214.20    9232.6    4007.5                          
    0:05:37  243042.5    214.20    9232.6    4007.5                          
    0:05:37  260832.1    214.20    9365.6    4007.5                          
    0:05:37  278910.3    214.20    9501.5    4007.5                          
    0:05:37  297129.4    214.20    9762.4    4007.5                          
    0:05:38  315348.5    215.52   10118.2    4007.5                          
    0:05:38  333426.6    219.19   10488.2    4007.4                          
    0:05:38  350981.2    221.48   10811.8    4007.4                          
    0:05:39  373677.5    276.44   14420.2    3892.0                          
    0:05:39  394415.3    276.11   14417.8    3332.5                          
    0:05:39  415119.0    276.00   14414.8    2768.0                          
    0:05:39  436145.3    276.00   14413.2    2316.0                          
    0:05:39  457460.1    276.00   14412.5    1912.6                          
    0:05:40  478821.9    276.00   14410.7    1512.6                          
    0:05:40  499760.6    277.24   14473.0    1021.7                          
    0:05:40  520370.4    279.37   14604.6     502.4                          
    0:05:42  542847.3    279.04   14594.2       0.0                          
Information: Command 'do_operand_isolation' is obsolete and is being ignored.  Please refer to the replacement command 'set power_enable_datapath_gating true' instead. (INFO-118)
    0:06:31  504798.1    159.47    7810.3   20417.5                          
    0:06:31  504798.1    159.47    7810.3   20417.5                          
    0:06:31  504798.1    159.47    7810.3   20417.5                          
    0:06:31  504798.1    159.47    7810.3   20417.5                          
    0:06:32  504798.1    159.47    7810.3   20417.5                          
    0:06:38  195134.1    121.48    5400.7       6.9                          
    0:06:41  189812.7    112.40    5003.9       6.9                          
    0:06:42  189829.3    111.80    4966.6       6.9                          
    0:06:42  189803.5    111.80    4966.5       6.9                          
    0:06:42  189805.4    111.80    4966.5       6.9                          
    0:06:42  189803.5    111.80    4966.5       6.9                          
    0:06:42  189805.4    111.80    4966.5       6.9                          
    0:06:43  189803.5    111.80    4966.5       6.9                          
    0:06:43  189805.4    111.80    4966.5       6.9                          
    0:06:43  189805.4    111.80    4966.5       6.9                          
    0:06:43  189805.4    111.80    4966.5       6.9                          
    0:06:43  189927.0    111.80    4966.4       2.2                          
    0:06:43  189927.0    111.80    4966.4       2.2                          
    0:06:43  189927.0    111.80    4966.4       2.2                          
    0:06:43  189927.0    111.80    4966.4       2.2                          



  Beginning Delay Optimization Phase
  ----------------------------------

                                  TOTAL                                      
   ELAPSED            WORST NEG   SETUP    DESIGN                            
    TIME      AREA      SLACK     COST    RULE COST         ENDPOINT         
  --------- --------- --------- --------- --------- -------------------------
    0:06:43  189927.0    111.80    4966.4       2.2                          
    0:06:47  190405.3    105.67    4735.4       6.8 P[63]                    
    0:06:48  190416.4    105.53    4727.6      11.4 P[63]                    
    0:06:49  190411.8    105.47    4724.3      11.4 P[63]                    
    0:06:50  190644.9    104.61    4684.1      11.4 P[63]                    
    0:06:53  190753.7    103.54    4644.7      11.4 P[63]                    
    0:06:53  190809.9    103.47    4641.3      14.7 P[63]                    
    0:06:54  190870.7    103.14    4628.5      14.7 P[63]                    
    0:06:54  190945.4    102.87    4611.2      14.7 P[63]                    
    0:06:55  191005.3    102.77    4608.9      14.7 P[63]                    
    0:06:55  191000.7    102.64    4605.6      14.7 P[63]                    
    0:06:56  191099.3    102.54    4599.7      14.7 P[63]                    
    0:06:57  191102.1    102.20    4595.8      14.7 P[63]                    
    0:06:57  191113.1    102.09    4588.0      14.7 P[63]                    
    0:06:58  191112.2    102.09    4588.0      14.7 P[63]                    
    0:06:59  191191.5    101.65    4572.1      18.1 P[63]                    
    0:07:00  191253.2    101.47    4561.4      18.1 P[63]                    
    0:07:00  191264.3    101.39    4559.2      18.1 P[63]                    
    0:07:01  191301.1    101.34    4556.1      18.1 P[63]                    
    0:07:01  191305.7    101.32    4554.9      18.1 P[63]                    
    0:07:02  191333.4    101.20    4549.5      21.4 P[63]                    
    0:07:02  191364.7    101.01    4548.0      21.4 P[63]                    
    0:07:02  191368.4    100.96    4545.4      21.4 P[63]                    
    0:07:03  191481.8    100.87    4540.8      21.4 P[63]                    
    0:07:03  191481.8    100.70    4535.5      21.4 P[63]                    
    0:07:03  191492.8    100.52    4529.6      24.8 P[63]                    
    0:07:03  191494.7    100.51    4529.5      24.8 P[63]                    
    0:07:04  191516.8    100.39    4527.3      24.8 P[63]                    
    0:07:04  191517.7    100.34    4527.1      24.8 P[63]                    
    0:07:05  191550.9    100.31    4523.4      24.8 P[63]                    
    0:07:05  191540.7    100.31    4523.4      24.8 P[63]                    
    0:07:05  191586.8    100.26    4522.0      24.8 P[63]                    
    0:07:05  191597.0    100.18    4520.2      24.8 P[63]                    
    0:07:06  191634.7    100.16    4520.2      28.0 P[63]                    
    0:07:06  191643.0    100.07    4518.7      28.0 P[63]                    
    0:07:06  191762.8    100.04    4518.5      30.1 P[63]                    
    0:07:07  191789.6    100.02    4517.6      30.1 P[63]                    
    0:07:07  191785.9    100.00    4517.2      30.1 P[63]                    
    0:07:07  191784.0     99.99    4516.5      30.1 P[63]                    
    0:07:07  191781.3     99.99    4516.3      30.1 P[63]                    
    0:07:07  191853.2     99.93    4513.8      30.1 P[63]                    
    0:07:08  191855.0     99.90    4513.4      30.1 P[63]                    
    0:07:08  191868.8     99.88    4512.6      30.1 P[63]                    
    0:07:08  191875.3     99.85    4512.2      30.1 P[63]                    
    0:07:09  191886.3     99.77    4510.9      30.1 P[63]                    
    0:07:09  191879.9     99.76    4510.5      30.1 P[63]                    
    0:07:10  191901.1     99.68    4506.5      30.1 P[63]                    
    0:07:10  191890.0     99.65    4503.9      30.1 P[63]                    
    0:07:10  191901.1     99.61    4502.1      30.1 P[63]                    
    0:07:10  191902.0     99.57    4501.0      30.1 P[63]                    
    0:07:11  191917.7     99.56    4500.4      30.1 P[63]                    
    0:07:11  191917.7     99.52    4497.7      30.1 P[63]                    
    0:07:11  191950.9     99.48    4495.2      30.1 P[63]                    
    0:07:12  192013.5     99.46    4493.7      30.1 P[63]                    
    0:07:12  192015.4     99.40    4491.4      30.1 P[63]                    
    0:07:12  192026.4     99.39    4491.3      30.1 P[63]                    
    0:07:13  192110.3     99.20    4482.9      30.1 P[63]                    
    0:07:13  192178.5     99.15    4478.9      30.1 P[63]                    
    0:07:14  192220.9     99.11    4476.1      30.1 P[63]                    
    0:07:14  192302.0     99.02    4473.0      36.8 P[63]                    
    0:07:14  192328.7     98.98    4470.3      36.8 P[63]                    
    0:07:15  192363.7     98.87    4468.1      36.8 P[63]                    
    0:07:15  192364.6     98.84    4466.6      41.3 P[63]                    
    0:07:15  192364.6     98.77    4465.0      41.3 P[63]                    
    0:07:16  192356.4     98.76    4464.6      41.3 P[63]                    
    0:07:16  192356.4     98.73    4464.2      41.3 P[63]                    
    0:07:16  192361.9     98.70    4463.5      43.8 P[63]                    
    0:07:16  192361.0     98.69    4463.2      43.8 P[63]                    
    0:07:17  192474.3     98.63    4459.6      43.8 P[63]                    
    0:07:17  192557.3     98.56    4456.0      43.8 P[63]                    
    0:07:18  192694.6     98.49    4451.7      43.9 P[63]                    
    0:07:18  192805.2     98.44    4449.0      43.9 P[63]                    
    0:07:19  192831.0     98.44    4448.7      43.9 P[63]                    
    0:07:19  192840.2     98.42    4448.2      43.9 P[63]                    
    0:07:19  192850.3     98.36    4443.6      43.9 P[63]                    
    0:07:19  192850.3     98.33    4442.3      43.9 P[63]                    
    0:07:20  192876.1     98.33    4442.1      43.9 P[63]                    
    0:07:20  192877.1     98.27    4440.9      43.8 P[63]                    
    0:07:20  192897.3     98.23    4440.7      43.8 P[63]                    
    0:07:20  192889.0     98.20    4440.5      43.8 P[63]                    
    0:07:21  192899.2     98.12    4437.1      43.8 P[63]                    
    0:07:22  192922.2     97.92    4427.0      43.8 P[63]                    
    0:07:22  192931.4     97.88    4425.8      43.8 P[63]                    
    0:07:22  192965.5     97.84    4422.7      43.8 P[63]                    
    0:07:22  193032.8     97.78    4420.8      46.0 P[63]                    
    0:07:23  193101.0     97.67    4417.6      43.5 P[63]                    
    0:07:23  193129.6     97.66    4416.4      43.5 P[63]                    
    0:07:23  193131.4     97.61    4413.6      43.5 P[63]                    
    0:07:24  193150.8     97.55    4411.0      43.5 P[63]                    
    0:07:24  193143.4     97.54    4410.2      43.5 P[63]                    
    0:07:24  193143.4     97.52    4410.1      43.5 P[63]                    
    0:07:24  193137.9     97.51    4408.6      43.4 P[63]                    
    0:07:25  193165.5     97.43    4404.6      47.9 P[63]                    
    0:07:25  193150.8     97.42    4403.9      47.9 P[63]                    
    0:07:25  193176.6     97.39    4402.6      47.9 P[63]                    
    0:07:25  193176.6     97.29    4397.3      47.9 P[63]                    
    0:07:26  193169.2     97.25    4393.9      47.9 P[63]                    
    0:07:26  193188.6     97.18    4390.9      47.9 P[63]                    
    0:07:26  193194.1     97.17    4390.4      47.9 P[63]                    
    0:07:26  193199.6     97.13    4388.3      47.9 P[63]                    
    0:07:27  193220.8     97.11    4387.6      47.9 P[63]                    
    0:07:28  193231.9     97.10    4387.5      47.9 P[63]                    
    0:07:28  193254.0     97.06    4385.6      51.2 P[63]                    
    0:07:28  193284.4     97.04    4385.5      53.2 P[63]                    
    0:07:29  193286.2     97.03    4385.0      53.2 P[63]                    
    0:07:29  193328.6     97.00    4383.1      53.2 P[63]                    
    0:07:29  193325.9     96.97    4381.8      53.2 P[63]                    
    0:07:29  193355.4     96.95    4380.4      53.2 P[63]                    
    0:07:30  193342.5     96.93    4379.7      53.2 P[63]                    
    0:07:30  193366.4     96.83    4375.9      53.1 P[63]                    
    0:07:31  193372.9     96.83    4375.8      53.1 P[63]                    
    0:07:31  193396.8     96.80    4374.6      53.1 P[63]                    
    0:07:31  193397.8     96.79    4374.1      53.1 P[63]                    
    0:07:32  193407.0     96.77    4373.6      53.1 P[63]                    
    0:07:32  193382.1     96.75    4373.3      53.1 P[63]                    
    0:07:32  193386.7     96.74    4373.0      53.1 P[63]                    
    0:07:32  193396.8     96.69    4371.3      53.1 P[63]                    
    0:07:33  193396.8     96.67    4371.2      53.1 P[63]                    
    0:07:33  193386.7     96.66    4371.1      53.1 P[63]                    
    0:07:33  193421.7     96.65    4370.9      53.1 P[63]                    
    0:07:33  193421.7     96.63    4369.7      53.1 P[63]                    
    0:07:33  193443.8     96.60    4369.1      53.1 P[63]                    
    0:07:34  193434.6     96.56    4367.9      53.1 P[63]                    
    0:07:34  193485.3     96.50    4365.1      53.1 P[63]                    
    0:07:34  193498.2     96.50    4365.1      53.1 P[63]                    
    0:07:34  193496.4     96.48    4364.1      53.1 P[63]                    
    0:07:34  193528.6     96.45    4363.2      53.1 P[63]                    
    0:07:35  193556.3     96.43    4362.5      53.1 P[63]                    
    0:07:35  193567.3     96.42    4360.3      53.1 P[63]                    
    0:07:35  193570.1     96.36    4358.2      53.1 P[63]                    
    0:07:35  193575.6     96.32    4356.5      53.1 P[63]                    
    0:07:36  193593.1     96.29    4352.0      53.1 P[63]                    
    0:07:36  193661.3     96.24    4351.6      53.1 P[63]                    
    0:07:36  193654.0     96.22    4351.3      53.1 P[63]                    
    0:07:36  193671.5     96.20    4351.2      53.1 P[63]                    
    0:07:36  193697.3     96.17    4347.8      51.9 P[63]                    
    0:07:37  193731.4     96.13    4347.3      50.7 P[63]                    
    0:07:37  193753.5     96.10    4347.0      50.7 P[63]                    
    0:07:37  193803.3     96.08    4340.3      49.1 P[63]                    
    0:07:38  193786.7     96.04    4339.0      49.1 P[63]                    
    0:07:38  193809.7     95.98    4336.6      49.1 P[63]                    
    0:07:38  193799.6     95.96    4335.8      49.1 P[63]                    
    0:07:39  193820.8     95.93    4334.3      49.1 P[63]                    
    0:07:39  193831.8     95.90    4334.1      49.1 P[63]                    
    0:07:39  193841.1     95.86    4333.6      49.1 P[63]                    
    0:07:39  193860.4     95.86    4333.5      49.1 P[63]                    
    0:07:40  193877.9     95.82    4333.1      49.1 P[63]                    
    0:07:40  193887.1     95.81    4333.0      49.1 P[63]                    
    0:07:40  193899.1     95.81    4332.9      49.1 P[63]                    
    0:07:40  193900.0     95.80    4332.8      49.1 P[63]                    
    0:07:41  193901.0     95.77    4330.8      49.1 P[63]                    
    0:07:41  193931.4     95.75    4330.7      49.1 P[63]                    
    0:07:41  193937.8     95.72    4330.3      49.1 P[63]                    
    0:07:41  193966.4     95.68    4329.8      49.1 P[63]                    
    0:07:41  193953.5     95.68    4329.6      49.1 P[63]                    
    0:07:42  193950.7     95.64    4327.9      49.1 P[63]                    
    0:07:42  193928.6     95.60    4325.9      49.1 P[63]                    
    0:07:42  194033.7     95.58    4325.3      49.1 P[63]                    
    0:07:43  194018.9     95.53    4322.5      49.1 P[63]                    
    0:07:44  194008.8     95.51    4321.2      49.1 P[63]                    
    0:07:44  194003.3     95.49    4321.1      49.1 P[63]                    
    0:07:44  194016.2     95.44    4320.9      49.1 P[63]                    
    0:07:44  194032.7     95.40    4319.2      51.2 P[63]                    
    0:07:45  194057.6     95.35    4317.9      51.2 P[63]                    
    0:07:45  194057.6     95.35    4317.6      51.2 P[63]                    
    0:07:45  194067.8     95.31    4315.7      51.2 P[63]                    
    0:07:46  194074.2     95.30    4315.3      51.2 P[63]                    
    0:07:46  194073.3     95.25    4312.8      51.2 P[63]                    
    0:07:47  194081.6     95.21    4311.5      51.2 P[63]                    
    0:07:47  194115.7     95.15    4310.7      51.2 P[63]                    
    0:07:47  194122.1     95.14    4310.6      51.2 P[63]                    
    0:07:48  194120.3     95.11    4308.9      51.2 P[63]                    
    0:07:48  194142.4     95.04    4307.7      51.2 P[63]                    
    0:07:48  194207.8     94.86    4300.9      51.2 P[63]                    
    0:07:49  194190.3     94.84    4299.7      51.2 P[63]                    
    0:07:49  194203.2     94.82    4299.0      51.2 P[63]                    
    0:07:49  194231.8     94.81    4298.6      51.2 P[63]                    
    0:07:50  194231.8     94.80    4298.0      51.2 P[63]                    
    0:07:50  194228.1     94.78    4297.7      51.2 P[63]                    
    0:07:50  194228.1     94.78    4297.5      51.2 P[63]                    
    0:07:51  194242.9     94.75    4296.8      51.2 P[63]                    
    0:07:51  194242.9     94.74    4296.6      51.2 P[63]                    
    0:07:51  194261.3     94.71    4295.8      51.2 P[63]                    
    0:07:51  194275.1     94.67    4295.2      51.2 P[63]                    
    0:07:52  194293.6     94.63    4294.5      51.2 P[63]                    
    0:07:52  194294.5     94.59    4292.4      51.2 P[63]                    
    0:07:53  194295.4     94.59    4291.6      51.2 P[63]                    
    0:07:53  194295.4     94.57    4291.2      51.2 P[63]                    
    0:07:53  194278.8     94.56    4291.1      51.2 P[63]                    
    0:07:53  194299.1     94.55    4286.3      51.2 P[63]                    
    0:07:54  194290.8     94.29    4280.5      51.2 P[63]                    
    0:07:54  194300.9     94.26    4279.7      51.2 P[63]                    
    0:07:54  194312.9     94.21    4275.0      51.2 P[63]                    
    0:07:55  194398.6     94.13    4270.7      51.2 P[63]                    
    0:07:55  194398.6     94.10    4269.3      51.2 P[63]                    
    0:07:55  194377.4     94.09    4268.2      51.2 P[63]                    
    0:07:56  194383.0     94.03    4265.4      51.2 P[63]                    
    0:07:56  194385.7     94.03    4265.2      51.2 P[63]                    
    0:07:56  194390.3     94.01    4264.8      51.2 P[63]                    
    0:07:57  194377.4     94.00    4264.2      51.2 P[63]                    
    0:07:57  194387.6     93.99    4263.5      51.2 P[63]                    
    0:07:57  194394.0     93.99    4263.4      51.2 P[63]                    
    0:07:57  194408.8     93.99    4263.2      51.2 P[63]                    
    0:07:58  194414.3     93.98    4262.9      51.2 P[63]                    
    0:07:59  194408.8     93.98    4262.9      51.2 P[63]                    
    0:07:59  194549.8     93.97    4262.4      51.2 P[63]                    
    0:08:00  194549.8     93.95    4261.6      51.2 P[63]                    
    0:08:00  194549.8     93.95    4261.5      51.2 P[63]                    
    0:08:01  194530.4     93.92    4260.5      51.2 P[63]                    
    0:08:01  194563.6     93.89    4260.2      51.2 P[63]                    
    0:08:01  194573.7     93.88    4259.6      51.2 P[63]                    
    0:08:01  194575.6     93.87    4259.6      51.2 P[63]                    
    0:08:02  194562.7     93.86    4259.5      51.2 P[63]                    
    0:08:02  194564.5     93.85    4259.3      51.2 P[63]                    
    0:08:02  194560.8     93.83    4259.2      51.2 P[63]                    
    0:08:02  194576.5     93.81    4259.0      51.2 P[63]                    
    0:08:02  194582.0     93.81    4258.8      51.2 P[63]                    
    0:08:03  194582.0     93.81    4258.7      51.2 P[63]                    
    0:08:03  194567.3     93.81    4258.6      51.2 P[63]                    
    0:08:03  194626.3     93.80    4258.0      51.2 P[63]                    
    0:08:04  194629.0     93.80    4257.8      51.2 P[63]                    
    0:08:04  194630.9     93.79    4257.7      51.2 P[63]                    
    0:08:05  194636.4     93.78    4257.4      51.2 P[63]                    
    0:08:05  194635.5     93.77    4257.4      51.2 P[63]                    
    0:08:05  194632.7     93.75    4256.5      51.2 P[63]                    
    0:08:05  194652.1     93.74    4256.3      51.2 P[63]                    
    0:08:06  194641.9     93.73    4256.2      51.2 P[63]                    
    0:08:06  194691.7     93.73    4253.8      51.2 P[63]                    
    0:08:06  194674.2     93.71    4253.8      51.2 P[63]                    
    0:08:06  194675.1     93.71    4253.7      51.2 P[63]                    
    0:08:06  194685.2     93.71    4253.7      51.2 P[63]                    
    0:08:06  194688.9     93.69    4253.5      51.2 P[63]                    
    0:08:06  194683.4     93.69    4253.4      51.2 P[63]                    
    0:08:07  194686.2     93.66    4253.2      51.2 P[63]                    
    0:08:07  194680.6     93.64    4253.0      51.2 P[63]                    
    0:08:07  194682.5     93.64    4252.9      51.2 P[63]                    
    0:08:08  194689.8     93.63    4252.6      51.2 P[63]                    
    0:08:08  194702.7     93.62    4252.3      51.2 P[63]                    
    0:08:09  194724.9     93.57    4248.2      51.2 P[63]                    
    0:08:09  194725.8     93.56    4247.7      51.2 P[63]                    
    0:08:09  194740.5     93.54    4247.3      51.2 P[63]                    
    0:08:10  194735.0     93.54    4247.1      51.2 P[63]                    
    0:08:10  194719.3     93.54    4247.1      51.2 P[63]                    
    0:08:10  194730.4     93.53    4246.7      51.2 P[63]                    
    0:08:11  194725.8     93.50    4244.9      51.2 P[63]                    
    0:08:11  194731.3     93.48    4243.7      51.2 P[63]                    
    0:08:11  194725.8     93.48    4243.5      51.2 P[63]                    
    0:08:11  194724.9     93.46    4242.4      51.2 P[63]                    
    0:08:12  194735.9     93.46    4242.3      51.2 P[63]                    
    0:08:12  194732.2     93.44    4241.4      51.2 P[63]                    
    0:08:12  194781.1     93.43    4240.6      51.2 P[63]                    
    0:08:13  194786.6     93.43    4240.5      51.2 P[63]                    
    0:08:13  194792.1     93.42    4240.3      51.2 P[63]                    
    0:08:13  194876.0     93.42    4239.7      51.2 P[63]                    
    0:08:13  194870.5     93.42    4239.4      51.2 P[63]                    
    0:08:13  194886.1     93.41    4239.1      51.2 P[63]                    
    0:08:14  194900.9     93.40    4238.4      51.2 P[63]                    
    0:08:14  194902.7     93.36    4238.2      51.2 P[63]                    
    0:08:14  194902.7     93.35    4237.6      51.2 P[63]                    
    0:08:15  194902.7     93.34    4237.3      51.2 P[63]                    
    0:08:15  194915.6     93.34    4237.3      51.2 P[63]                    
    0:08:15  194915.6     93.34    4237.3      51.2 P[63]                    
    0:08:15  194923.0     93.32    4237.1      51.2 P[63]                    
    0:08:16  194961.7     93.20    4232.8      51.2 P[63]                    
    0:08:16  195027.2     93.08    4225.6      51.2 P[63]                    
    0:08:17  195110.1     93.00    4223.1      51.2 P[63]                    
    0:08:17  195102.7     92.99    4223.0      51.2 P[63]                    
    0:08:18  195111.9     92.82    4215.4      51.1 P[63]                    
    0:08:18  195140.5     92.79    4215.1      51.1 P[63]                    
    0:08:19  195124.8     92.76    4214.0      51.1 P[63]                    
    0:08:19  195123.9     92.74    4213.7      51.1 P[63]                    
    0:08:19  195116.5     92.72    4213.5      51.1 P[63]                    
    0:08:20  195114.7     92.72    4212.7      51.1 P[63]                    
    0:08:20  195123.9     92.70    4212.6      51.1 P[63]                    
    0:08:20  195125.8     92.69    4209.9      51.1 P[63]                    
    0:08:20  195131.3     92.65    4209.3      51.1 P[63]                    
    0:08:21  195235.4     92.64    4208.3      54.4 P[63]                    
    0:08:21  195242.8     92.62    4208.0      54.4 P[63]                    
    0:08:21  195252.0     92.60    4207.7      54.4 P[63]                    
    0:08:21  195252.0     92.60    4207.7      54.4 P[63]                    
    0:08:22  195324.8     92.59    4207.6      54.4 P[63]                    
    0:08:22  195324.8     92.59    4207.5      54.4 P[63]                    
    0:08:22  195339.6     92.56    4207.2      54.4 P[63]                    
    0:08:22  195361.7     92.55    4197.9      54.5 P[63]                    
    0:08:22  195354.3     92.53    4197.0      54.5 P[63]                    
    0:08:23  195354.3     92.51    4196.3      54.5 P[63]                    
    0:08:23  195387.5     92.51    4196.1      54.5 P[63]                    
    0:08:23  195406.9     92.43    4192.6      54.5 P[63]                    
    0:08:24  195417.0     92.39    4190.9      54.5 P[63]                    
    0:08:24  195489.8     92.36    4188.0      54.5 P[63]                    
    0:08:24  195504.5     92.30    4185.5      54.5 P[63]                    
    0:08:25  195563.5     92.28    4184.3      54.5 P[63]                    
    0:08:26  195558.0     92.27    4184.2      54.5 P[63]                    
    0:08:26  195565.4     92.25    4183.6      54.5 P[63]                    
    0:08:26  195562.6     92.19    4181.3      54.5 P[63]                    
    0:08:26  195605.9     92.17    4181.1      54.5 P[63]                    
    0:08:27  195602.2     92.17    4181.0      54.5 P[63]                    
    0:08:27  195598.5     92.16    4180.7      54.5 P[63]                    
    0:08:27  195598.5     92.16    4180.5      54.5 P[63]                    
    0:08:27  195598.5     92.16    4180.4      54.5 P[63]                    
    0:08:27  195602.2     92.15    4180.2      54.5 P[63]                    
    0:08:28  195613.3     92.14    4179.8      54.5 P[63]                    
    0:08:28  195609.6     92.12    4179.2      54.5 P[63]                    
    0:08:28  195615.1     92.12    4179.1      54.5 P[63]                    
    0:08:28  195615.1     92.12    4179.0      54.5 P[62]                    
    0:08:29  195604.1     92.11    4178.8      54.5 P[62]                    
    0:08:29  195626.2     92.11    4178.6      54.5 P[62]                    
    0:08:29  195620.7     92.10    4178.4      54.5 P[62]                    
    0:08:30  195636.3     92.09    4178.2      54.5 P[62]                    
    0:08:30  195649.2     92.08    4178.0      54.5 P[62]                    
    0:08:30  195643.7     92.08    4177.7      54.5 P[62]                    
    0:08:30  195652.9     92.07    4177.7      54.5 P[62]                    
    0:08:30  195668.6     92.07    4177.1      54.5 P[62]                    
    0:08:31  195663.1     92.06    4176.7      54.5 P[62]                    
    0:08:31  195663.1     92.05    4176.4      54.5 P[62]                    
    0:08:31  195666.7     92.05    4176.3      54.4 P[62]                    
    0:08:31  195666.7     92.05    4176.3      54.4 P[62]                    
    0:08:31  195673.2     92.04    4175.8      54.4 P[62]                    
    0:08:32  195675.0     92.04    4175.6      54.4 P[62]                    
    0:08:32  195675.0     92.02    4174.6      54.4 P[62]                    
    0:08:32  195758.9     92.01    4174.1      54.4 P[62]                    
    0:08:32  195755.2     92.01    4174.1      54.4 P[62]                    
    0:08:32  195734.9     92.00    4173.7      54.4 P[62]                    
    0:08:33  195729.4     92.00    4173.7      54.4 P[62]                    
    0:08:33  195736.8     92.00    4173.5      54.4 P[62]                    
    0:08:33  195736.8     92.00    4173.4      54.4 P[62]                    
    0:08:33  195745.1     91.99    4173.2      54.4 P[62]                    
    0:08:33  195748.8     91.98    4173.1      54.4 P[62]                    
    0:08:34  195771.8     91.93    4171.4      57.8 P[62]                    
    0:08:34  195858.4     91.73    4165.0      57.8 P[62]                    
    0:08:35  195924.8     91.52    4155.3      59.8 P[62]                    
    0:08:35  195960.7     91.48    4154.9      61.9 P[62]                    
    0:08:36  195970.9     91.46    4154.3      61.9 P[62]                    
    0:08:36  195964.4     91.43    4153.4      61.9 P[63]                    
    0:08:36  195984.7     91.32    4147.9      61.9 P[63]                    
    0:08:36  195995.8     91.29    4146.7      61.9 P[63]                    
    0:08:36  195997.6     91.25    4145.7      61.9 P[63]                    
    0:08:37  196003.1     91.21    4143.3      61.8 P[63]                    
    0:08:37  196003.1     91.18    4141.9      61.8 P[63]                    
    0:08:37  195994.8     91.14    4139.8      61.8 P[63]                    
    0:08:37  196014.2     91.10    4137.1      65.1 P[63]                    
    0:08:38  196011.4     91.10    4136.9      65.1 P[63]                    
    0:08:38  196011.4     91.03    4136.3      65.1 P[63]                    
    0:08:38  196018.8     91.00    4135.4      65.1 P[63]                    
    0:08:38  196027.1     91.00    4135.3      65.1 P[63]                    
    0:08:39  196024.3     91.00    4135.3      65.1 P[63]                    
    0:08:39  196018.8     90.99    4135.0      65.1 P[63]                    
    0:08:39  196031.7     90.99    4134.9      65.1 P[63]                    
    0:08:39  196020.6     90.99    4134.7      65.1 P[63]                    
    0:08:39  196026.2     90.99    4134.7      65.1 P[63]                    
    0:08:39  196020.6     90.97    4134.4      65.1 P[63]                    
    0:08:40  196020.6     90.97    4134.2      65.1 P[63]                    
    0:08:40  196037.2     90.96    4133.4      65.1 P[63]                    
    0:08:40  196045.5     90.95    4133.3      65.1 P[63]                    
    0:08:40  196045.5     90.95    4133.1      65.1 P[63]                    
    0:08:41  196041.8     90.94    4132.8      65.1 P[63]                    
    0:08:41  196038.1     90.94    4132.8      65.1 P[63]                    
    0:08:41  196060.3     90.94    4132.8      63.8 P[63]                    
    0:08:42  196065.8     90.94    4132.8      63.8 P[63]                    
    0:08:42  196075.0     90.86    4121.7      63.8 P[63]                    
    0:08:42  196060.3     90.75    4120.7      63.8 P[63]                    
    0:08:42  196031.7     90.74    4120.4      63.8 P[63]                    
    0:08:42  196045.5     90.70    4118.1      63.8 P[63]                    
    0:08:43  196045.5     90.69    4117.5      63.8 P[63]                    
    0:08:43  196036.3     90.68    4116.9      63.8 P[63]                    
    0:08:43  196041.8     90.65    4116.8      63.8 P[63]                    
    0:08:43  196048.3     90.64    4116.6      63.8 P[63]                    
    0:08:44  196053.8     90.64    4116.6      63.8 P[63]                    
    0:08:44  196085.1     90.52    4112.3      63.8 P[62]                    
    0:08:44  196093.4     90.51    4112.1      63.8 P[62]                    
    0:08:44  196108.2     90.47    4105.8      63.8 P[62]                    
    0:08:44  196120.2     90.46    4105.7      63.8 P[62]                    
    0:08:45  196114.6     90.37    4104.8      63.8 P[62]                    
    0:08:45  196115.6     90.33    4104.1      63.8 P[62]                    
    0:08:45  196121.1     90.32    4103.8      63.8 P[62]                    
    0:08:45  196161.6     90.27    4103.2      63.8 P[62]                    
    0:08:45  196147.8     90.24    4102.4      63.8 P[62]                    
    0:08:46  196134.9     90.24    4102.4      63.8 P[62]                    
    0:08:46  196140.4     90.24    4100.1      63.8 P[62]                    
    0:08:46  196134.9     90.23    4100.0      63.8 P[62]                    
    0:08:46  196133.1     90.23    4100.0      63.8 P[62]                    
    0:08:47  196129.4     90.23    4099.9      63.8 P[62]                    
    0:08:47  196145.1     90.23    4099.9      63.8 P[62]                    
    0:08:47  196175.5     90.15    4099.1      63.8 P[62]                    
    0:08:47  196169.0     90.14    4098.7      63.8 P[62]                    
    0:08:47  196169.0     90.14    4098.7      63.8 P[62]                    
    0:08:48  196182.8     90.09    4096.8      63.8 P[63]                    
    0:08:48  196193.9     90.01    4090.7      63.8 P[63]                    
    0:08:48  196193.9     89.99    4090.3      63.8 P[63]                    
    0:08:48  196198.5     89.98    4090.3      63.8 P[63]                    
    0:08:49  196207.7     89.96    4089.8      63.8 P[63]                    
    0:08:49  196209.6     89.95    4089.8      63.8 P[63]                    
    0:08:49  196209.6     89.95    4089.7      63.8 P[63]                    
    0:08:49  196203.1     89.94    4089.5      63.8 P[63]                    
    0:08:49  196208.6     89.92    4089.2      63.8 P[63]                    
    0:08:49  196208.6     89.92    4089.1      63.8 P[63]                    
    0:08:49  196210.5     89.92    4089.1      63.8 P[63]                    
    0:08:49  196232.6     89.90    4088.8      63.8 P[63]                    
    0:08:50  196230.8     89.88    4088.3      63.8 P[63]                    
    0:08:50  196230.8     89.88    4088.3      63.8 P[63]                    
    0:08:50  196231.7     89.88    4088.2      63.8 P[63]                    
    0:08:50  196222.5     89.87    4088.1      63.8 P[63]                    
    0:08:50  196221.5     89.87    4087.9      63.8 P[63]                    
    0:08:51  196233.5     89.84    4086.5      63.8 P[63]                    
    0:08:51  196253.8     89.84    4086.5      63.8 P[63]                    
    0:08:51  196255.6     89.83    4086.1      63.8 P[63]                    
    0:08:52  196255.6     89.83    4085.5      63.8 P[63]                    
    0:08:52  196251.0     89.81    4085.4      63.8 P[63]                    
    0:08:52  196246.4     89.80    4085.3      63.8 P[63]                    
    0:08:52  196246.4     89.80    4085.2      63.8 P[63]                    
    0:08:52  196274.1     89.79    4085.1      62.5 P[63]                    
    0:08:53  196259.3     89.78    4085.1      62.5 P[63]                    
    0:08:53  196264.9     89.78    4085.0      62.5 P[63]                    
    0:08:53  196272.2     89.77    4084.5      62.5 P[63]                    
    0:08:53  196287.0     89.76    4084.4      62.5 P[63]                    
    0:08:54  196280.5     89.75    4084.4      62.5 P[63]                    
    0:08:54  196267.6     89.73    4083.8      62.5 P[63]                    
    0:08:54  196273.2     89.73    4083.2      62.5 P[63]                    
    0:08:55  196273.2     89.71    4082.7      62.5 P[63]                    
    0:08:55  196271.3     89.71    4082.5      62.5 P[63]                    
    0:08:55  196261.2     89.69    4081.6      62.5 P[63]                    
    0:08:55  196280.5     89.69    4081.5      62.5 P[63]                    
    0:08:55  196294.4     89.68    4081.2      62.5 P[63]                    
    0:08:56  196296.2     89.67    4080.8      62.5 P[63]                    
    0:08:56  196298.0     89.67    4080.5      62.5 P[63]                    
    0:08:56  196317.4     89.65    4079.6      62.5 P[63]                    
    0:08:57  196327.5     89.64    4078.9      62.5 P[63]                    
    0:08:57  196327.5     89.64    4078.7      62.5 P[63]                    
    0:08:57  196338.6     89.63    4078.7      62.5 P[63]                    
    0:08:59  196343.2     89.63    4078.7      62.5 P[63]                    
    0:08:59  196346.9     89.63    4078.3      62.5 P[63]                    
    0:08:59  196357.9     89.63    4078.0      62.6 P[63]                    
    0:08:59  196362.6     89.61    4075.6      62.6 P[63]                    
    0:08:59  196358.9     89.61    4075.4      62.6 P[63]                    
    0:08:59  196369.9     89.61    4075.4      62.6 P[63]                    
    0:09:00  196390.2     89.60    4075.0      62.6 P[63]                    
    0:09:01  196397.6     89.60    4074.7      62.6 P[63]                    
    0:09:01  196393.9     89.60    4074.7      62.6 P[63]                    
    0:09:01  196394.8     89.59    4074.6      62.6 P[63]                    
    0:09:01  196395.7     89.59    4074.5      62.6 P[63]                    
    0:09:01  196401.3     89.59    4074.5      62.6 P[63]                    
    0:09:02  196405.9     89.58    4074.4      62.6 P[62]                    
    0:09:02  196413.2     89.58    4074.3      62.6 P[62]                    
    0:09:02  196452.9     89.56    4073.8      62.5 P[62]                    
    0:09:03  196501.7     89.55    4073.1      62.5 P[62]                    
    0:09:03  196536.7     89.50    4071.0      60.3 P[62]                    
    0:09:03  196547.8     89.49    4071.0      60.3 P[62]                    
    0:09:03  196541.3     89.47    4070.4      60.3 P[62]                    
    0:09:03  196543.2     89.47    4069.7      60.3 P[62]                    
    0:09:04  196534.9     89.45    4068.3      60.3 P[62]                    
    0:09:04  196522.9     89.45    4068.0      60.3 P[62]                    
    0:09:04  196535.8     89.44    4067.7      60.3 P[62]                    
    0:09:05  196574.5     89.42    4068.1      60.3 P[62]                    
    0:09:05  196575.4     89.41    4068.1      60.3 P[62]                    
    0:09:05  196569.9     89.41    4067.8      60.3 P[62]                    
    0:09:06  196566.2     89.41    4067.7      60.3 P[62]                    
    0:09:06  196613.2     89.39    4067.1      60.3 P[62]                    
    0:09:06  196604.9     89.39    4067.1      60.3 P[62]                    
    0:09:06  196607.7     89.38    4066.6      60.3 P[62]                    
    0:09:07  196607.7     89.37    4066.3      60.3 P[62]                    
    0:09:07  196601.2     89.37    4066.3      60.3 P[62]                    
    0:09:07  196613.2     89.37    4066.3      60.3 P[62]                    
    0:09:07  196618.8     89.36    4064.4      60.3 P[62]                    
    0:09:08  196649.2     89.32    4063.3      60.3 P[62]                    
    0:09:08  196668.5     89.30    4062.9      60.3 P[62]                    
    0:09:08  196722.0     89.30    4062.7      60.3 P[62]                    
    0:09:08  196736.7     89.29    4060.9      60.3 P[62]                    
    0:09:09  196747.8     89.29    4060.9      60.3 P[62]                    
    0:09:09  196710.0     89.29    4060.7      60.3 P[62]                    
    0:09:09  196708.2     89.28    4060.7      60.4 P[62]                    
    0:09:10  196702.6     89.28    4060.7      60.4 P[62]                    
    0:09:10  196709.1     89.28    4060.7      60.4 P[62]                    
    0:09:10  196710.9     89.28    4060.7      60.4 P[62]                    
    0:09:10  196716.4     89.28    4060.7      60.4 P[62]                    
    0:09:11  196727.5     89.27    4059.9      60.4 P[62]                    
    0:09:11  196733.0     89.26    4059.7      60.4 P[62]                    
    0:09:11  196740.4     89.24    4059.5      60.4 P[62]                    
    0:09:11  196742.2     89.24    4059.3      60.4 P[62]                    
    0:09:11  196729.3     89.22    4058.9      60.4 P[62]                    
    0:09:12  196727.5     89.21    4058.2      60.4 P[62]                    
    0:09:12  196745.0     89.19    4057.3      60.4 P[62]                    
    0:09:13  196745.0     89.19    4057.2      60.4 P[62]                    
    0:09:13  196762.5     89.18    4056.9      60.3 P[62]                    
    0:09:13  196760.7     89.18    4056.9      60.3 P[62]                    
    0:09:13  196760.7     89.18    4056.8      60.3 P[62]                    
    0:09:13  196764.4     89.18    4056.7      59.1 P[62]                    
    0:09:14  196762.5     89.17    4056.4      59.1 P[62]                    
    0:09:14  196761.6     89.17    4056.4      59.1 P[62]                    
    0:09:15  196759.8     89.17    4056.4      59.1 P[62]                    
    0:09:15  196760.7     89.17    4056.4      59.1 P[62]                    
    0:09:15  196769.0     89.17    4056.4      59.1 P[62]                    
    0:09:15  196769.0     89.17    4056.3      59.1 P[62]                    
    0:09:16  196765.3     89.16    4056.0      59.1 P[62]                    
    0:09:16  196767.1     89.16    4055.7      59.1 P[62]                    
    0:09:16  196776.3     89.15    4055.5      59.1 P[62]                    
    0:09:16  196776.3     89.15    4055.2      59.1 P[62]                    
    0:09:17  196763.4     89.15    4055.1      59.1 P[62]                    
    0:09:17  196763.4     89.14    4054.9      59.1 P[62]                    
    0:09:17  196790.2     89.14    4054.6      59.1 P[62]                    
    0:09:18  196795.7     89.13    4054.2      59.1 P[62]                    
    0:09:18  196794.8     89.13    4054.2      59.1 P[62]                    
    0:09:19  196787.4     89.13    4053.9      59.1 P[62]                    
    0:09:19  196792.9     89.12    4053.6      59.1 P[62]                    
    0:09:19  196787.4     89.12    4053.5      59.1 P[62]                    
    0:09:20  196778.2     89.12    4053.5      59.1 P[62]                    
    0:09:20  196778.2     89.12    4053.5      59.1 P[62]                    
    0:09:21  196783.7     89.11    4053.4      59.1 P[62]                    
    0:09:21  196789.3     89.10    4053.2      59.1 P[62]                    
    0:09:21  196792.0     89.10    4053.1      59.1 P[62]                    
    0:09:21  196804.9     89.09    4053.0      59.1 P[62]                    
    0:09:22  196819.7     89.06    4052.3      57.7 P[62]                    
    0:09:22  196847.3     89.05    4052.2      57.7 P[62]                    
    0:09:22  196858.4     89.03    4051.0      57.7 P[62]                    
    0:09:23  196858.4     88.99    4050.9      57.7 P[62]                    
    0:09:24  196875.0     88.99    4050.4      57.7 P[63]                    
    0:09:24  196880.5     88.98    4050.4      57.7 P[63]                    
    0:09:26  196882.3     88.97    4050.3      57.7 P[63]                    
    0:09:27  196882.3     88.96    4050.3      57.7 P[63]                    
    0:09:27  196886.0     88.94    4050.3      57.7 P[63]                    
    0:09:28  196922.9     88.92    4049.0      57.7 P[63]                    
    0:09:29  196952.4     88.90    4047.8      57.7 P[63]                    
    0:09:29  196995.7     88.87    4046.3      57.7 P[63]                    
    0:09:30  197014.1     88.86    4046.0      57.7 P[63]                    
    0:09:31  197056.5     88.83    4044.5      57.7 P[63]                    
    0:09:32  197056.5     88.83    4044.4      57.7 P[63]                    
    0:09:33  197067.6     88.82    4044.1      57.7 P[63]                    
    0:09:35  197077.7     88.82    4044.0      57.7 P[63]                    
    0:09:35  197148.7     88.81    4043.9      57.7 P[63]                    
    0:09:36  197178.2     88.78    4043.8      57.7 P[63]                    
    0:09:36  197170.8     88.77    4043.8      57.7 P[63]                    
    0:09:37  197185.5     88.76    4044.1      57.7 P[63]                    
    0:09:37  197224.2     88.70    4043.9      57.7 P[63]                    
    0:09:38  197242.7     88.69    4043.8      57.7 P[63]                    
    0:09:38  197251.9     88.68    4043.7      57.7 P[63]                    
    0:09:39  197274.9     88.67    4043.5      57.7 P[63]                    
    0:09:39  197297.1     88.66    4043.1      57.7 P[63]                    
    0:09:40  197310.0     88.64    4043.0      57.7 P[63]                    
    0:09:40  197315.5     88.63    4042.9      57.7 P[63]                    
    0:09:41  197330.2     88.60    4042.4      57.7 P[63]                    
    0:09:52  197321.9     88.59    4042.4      57.7 P[63]                    
    0:09:54  197349.6     88.28    4041.2      57.7 P[63]                    
    0:09:55  197354.2     88.22    4040.2      57.7 P[63]                    
    0:09:57  197364.3     88.16    4039.4      57.7 P[63]                    
    0:09:58  197368.0     88.10    4038.4      57.7 P[63]                    
    0:09:59  197390.1     88.05    4038.2      57.7 P[63]                    
    0:10:00  197404.9     88.01    4037.8      57.7 P[63]                    
    0:10:01  197443.6     87.97    4037.4      57.7 P[63]                    
    0:10:02  197455.6     87.89    4035.9      57.7 P[63]                    
    0:10:04  197439.9     87.85    4034.5      57.7 P[63]                    
    0:10:05  197430.7     87.84    4034.2      57.7 P[63]                    
    0:10:06  197481.4     87.80    4032.0      57.7 P[63]                    
    0:10:07  197475.8     87.76    4030.7      57.7 P[63]                    
    0:10:09  197470.3     87.73    4029.3      57.7 P[63]                    
    0:10:10  197486.0     87.68    4029.1      57.7 P[63]                    
    0:10:11  197497.0     87.63    4027.5      57.7 P[63]                    
    0:10:12  197496.1     87.63    4027.3      57.8 P[63]                    
    0:10:14  197515.5     87.61    4026.8      57.9 P[63]                    
    0:10:15  197512.7     87.57    4024.8      57.9 P[63]                    
    0:10:17  197519.2     87.53    4023.2      57.9 P[63]                    
    0:10:18  197545.9     87.50    4022.5      57.9 P[63]                    
    0:10:18  197585.5     87.43    4022.2      57.9 P[63]                    
    0:10:19  197596.6     87.40    4021.8      57.9 P[63]                    
    0:10:20  197605.8     87.38    4021.7      57.9 P[63]                    
    0:10:23  197597.5     87.36    4020.8      57.9 P[63]                    
    0:10:31  197597.5     87.36    4020.8      57.9                          
    0:10:31  197597.5     87.36    4020.8      57.9                          


  Beginning Design Rule Fixing  (max_transition)
  ----------------------------

                                  TOTAL                                      
   ELAPSED            WORST NEG   SETUP    DESIGN                            
    TIME      AREA      SLACK     COST    RULE COST         ENDPOINT         
  --------- --------- --------- --------- --------- -------------------------
    0:10:31  197597.5     87.36    4020.8      57.9                          
    0:10:32  200193.6     87.32    4020.0       0.0 net402863                
    0:10:32  200215.8     87.24    4018.6       0.0 P[63]                    
    0:10:32  200235.1     87.20    4017.3       0.0 P[63]                    
    0:10:33  200242.5     87.20    4017.2       0.0 P[63]                    
    0:10:33  200253.5     87.18    4016.3       0.0 P[63]                    
    0:10:33  200261.8     87.18    4016.3       0.0 P[63]                    
    0:10:34  200253.5     87.17    4016.1       0.0 P[63]                    
    0:10:34  200259.1     87.15    4015.6       0.0 P[63]                    
    0:10:35  200251.7     87.13    4015.6       0.0 P[63]                    
    0:10:35  200251.7     87.12    4015.5       0.0 P[63]                    
    0:10:35  200261.8     87.12    4015.5       0.0 P[63]                    
    0:10:35  200256.3     87.11    4015.3       0.0 P[63]                    
    0:10:35  200257.2     87.11    4015.3       0.0 P[63]                    
    0:10:36  200264.6     87.10    4015.2       0.0 P[63]                    
    0:10:36  200279.4     87.10    4015.1       0.0 P[63]                    
    0:10:36  200283.0     87.10    4015.1       0.0 P[63]                    
    0:10:36  200281.2     87.10    4015.1       0.0 P[63]                    
    0:10:36  200280.3     87.09    4014.6       0.0 P[63]                    
    0:10:39  200280.3     87.09    4014.6       0.0                          
    0:10:39  200280.3     87.08    4014.6       0.0                          
    0:10:40  200310.7     87.05    4013.9       0.0                          
    0:10:40  200334.6     87.04    4013.7       0.0                          
    0:10:41  200363.2     87.01    4014.7       0.0                          
    0:10:41  200388.1     87.00    4014.6       0.0                          
    0:10:42  200394.6     86.99    4013.6       0.0                          
    0:10:42  200487.6     86.97    4013.3       0.0                          
    0:10:43  200504.2     86.96    4012.9       0.0                          
    0:10:43  200515.3     86.95    4012.5       0.0                          
    0:10:44  200543.8     86.94    4012.3       0.0                          
    0:10:45  200544.8     86.94    4012.3       0.0                          
    0:10:46  200544.8     86.93    4012.2       0.0                          
    0:10:46  200559.5     86.93    4012.1       0.0                          
    0:10:46  200596.4     86.92    4010.0       0.0                          
    0:10:47  200616.7     86.91    4009.7       0.0                          
    0:10:47  200681.2     86.82    4006.3       0.0                          
    0:10:48  200694.1     86.81    4005.7       0.0                          
    0:10:48  200707.0     86.80    4005.4       0.0                          
    0:10:48  200734.6     86.80    4005.1       0.0                          
    0:10:49  200769.6     86.79    4004.6       0.0                          
    0:10:50  200769.6     86.79    4004.6       0.0                          
    0:10:51  200778.9     86.79    4004.5       0.0                          
    0:10:52  200782.5     86.78    4004.3       0.0                          
    0:10:52  200788.1     86.78    4004.3       0.0                          
    0:10:55  200789.0     86.78    4004.3       0.0                          
    0:10:55  200800.1     86.78    4004.2       0.0                          
    0:10:55  200835.1     86.78    4002.5       0.0                          
    0:10:55  200840.6     86.78    4002.3       0.0                          
    0:10:55  200829.5     86.78    4002.2       0.0                          
    0:10:56  200872.9     86.78    4001.3       0.0                          
    0:10:56  200883.9     86.78    4000.8       0.0                          
    0:10:56  200878.4     86.78    4000.8       0.0                          
    0:10:56  200896.8     86.78    4000.6       0.0                          
    0:10:56  200946.6     86.78    3998.9       0.0                          
    0:10:56  201033.2     86.78    3996.7       0.0                          
    0:10:56  201068.2     86.78    3996.3       0.0                          
    0:10:56  201090.4     86.78    3995.0       0.0                          
    0:10:56  201114.3     86.78    3994.7       0.0                          
    0:10:56  201142.0     86.78    3994.2       0.0                          
    0:10:56  201158.6     86.78    3993.9       0.0                          
    0:10:56  201169.6     86.78    3993.3       0.0                          
    0:10:56  201171.5     86.78    3993.3       0.0                          
    0:10:56  201226.8     86.78    3992.5       0.0                          
    0:10:57  201223.1     86.78    3992.5       0.0                          
    0:10:57  201247.0     86.78    3992.3       0.0                          
    0:10:57  201246.1     86.78    3992.1       0.0                          
    0:10:57  201259.9     86.78    3991.7       0.0                          
    0:10:57  201331.8     86.78    3990.7       0.0                          
    0:10:57  201400.0     86.78    3989.5       0.0                          
    0:10:57  201390.8     86.78    3989.4       0.0                          
    0:10:57  201405.5     86.78    3989.3       0.0                          
    0:10:57  201444.3     86.78    3988.4       0.0                          
    0:10:57  201499.5     86.78    3987.8       0.0                          
    0:10:58  201530.9     86.78    3987.5       0.0                          
    0:10:58  201538.3     86.78    3987.0       0.0                          
    0:10:58  201553.0     86.78    3986.8       0.0                          
    0:10:58  201586.2     86.78    3986.3       0.0                          
    0:10:58  201593.6     86.78    3986.2       0.0                          
    0:10:58  201593.6     86.78    3986.2       0.0                          
    0:10:58  201661.8     86.78    3985.6       0.0                          
    0:10:58  201739.2     86.78    3984.8       0.0                          
    0:10:58  201742.9     86.78    3984.7       0.0                          
    0:10:59  201766.8     86.78    3984.2       0.0                          
    0:10:59  201766.8     86.78    3984.1       0.0                          
    0:10:59  201770.5     86.78    3983.9       0.0                          
    0:10:59  201800.0     86.78    3983.5       0.0                          
    0:10:59  201820.3     86.78    3983.3       0.0                          
    0:10:59  201941.9     86.78    3981.9       0.0                          
    0:10:59  201934.5     86.78    3981.8       0.0                          
    0:10:59  201945.6     86.78    3981.8       0.0                          
    0:10:59  201993.5     86.78    3981.3       0.0                          
    0:11:00  202023.0     86.78    3981.1       0.0                          
    0:11:00  202024.9     86.78    3980.9       0.0                          
    0:11:00  202015.6     86.78    3980.9       0.0                          
    0:11:00  201997.2     86.78    3980.6       0.0                          


  Beginning Area-Recovery Phase  (cleanup)
  -----------------------------

                                  TOTAL                                      
   ELAPSED            WORST NEG   SETUP    DESIGN                            
    TIME      AREA      SLACK     COST    RULE COST         ENDPOINT         
  --------- --------- --------- --------- --------- -------------------------
    0:11:00  201997.2     86.78    3980.6       0.0                          
    0:11:00  201997.2     86.78    3980.6       0.0                          
    0:11:01  196803.1     86.80    3981.4       0.0                          
    0:11:02  194049.3     86.83    3982.2       0.0                          
    0:11:02  192224.6     87.01    3984.3       0.0                          
    0:11:02  190451.4     87.01    3984.4       0.0                          
    0:11:02  188680.1     86.86    3982.7       0.0                          
    0:11:03  187009.2     86.89    3985.2       0.0                          
    0:11:03  185549.4     86.95    3989.3       1.3                          
    0:11:03  184346.7     86.89    3983.1       1.3                          
    0:11:03  183275.8     86.89    3983.1       1.3                          
    0:11:03  182263.9     86.89    3983.1       1.3                          
    0:11:03  181417.0     87.13    3986.1       2.3                          
    0:11:04  180813.3     87.13    3986.2       3.4                          
    0:11:04  180514.7     87.13    3986.2       3.4                          
    0:11:04  180220.7     87.13    3986.2       3.4                          
    0:11:04  180220.7     87.13    3986.2       3.4                          
    0:11:04  180683.4     87.00    3984.1       0.0                          
    0:11:05  180410.6     87.00    3984.0       0.0                          
    0:11:05  180354.4     87.00    3983.8       0.0                          
    0:11:05  180348.8     87.00    3983.8       0.0                          
    0:11:05  180348.8     87.00    3983.8       0.0                          
    0:11:05  180348.8     87.00    3983.8       0.0                          
    0:11:05  180348.8     87.00    3983.8       0.0                          
    0:11:05  180348.8     87.00    3983.8       0.0                          
    0:11:05  180348.8     87.00    3983.8       0.0                          
    0:11:05  180347.9     87.00    3983.8       0.0 P[63]                    
    0:11:05  180414.3     86.84    3982.4       0.0 P[63]                    
    0:11:06  180416.1     86.84    3982.4       0.0 P[63]                    
    0:11:06  180429.9     86.83    3975.8       0.0 P[63]                    
    0:11:06  180441.0     86.80    3975.5       0.0 P[63]                    
    0:11:06  180533.1     86.78    3975.4       0.0 P[63]                    
    0:11:06  180524.9     86.78    3975.4       0.0 P[63]                    
    0:11:06  180526.7     86.78    3975.2       0.0 P[63]                    
    0:11:07  180516.6     86.76    3974.8       0.0 P[63]                    
    0:11:07  180511.0     86.76    3974.8       0.0 P[63]                    
    0:11:08  180511.0     86.76    3974.8       0.0 P[63]                    
    0:11:08  180514.7     86.74    3974.7       0.0 P[63]                    
    0:11:09  180540.5     86.74    3973.8       0.0 P[63]                    
    0:11:09  180565.4     86.72    3973.7       0.0 P[63]                    
    0:11:09  180582.0     86.72    3973.5       0.0 P[63]                    
    0:11:09  180582.0     86.72    3973.4       0.0 P[63]                    
    0:11:10  180600.4     86.71    3973.1       0.0 P[63]                    
    0:11:10  180608.7     86.71    3973.0       0.0 P[63]                    
    0:11:10  180599.5     86.71    3972.9       0.0 P[63]                    
    0:11:10  180595.8     86.70    3972.4       0.0 P[63]                    
    0:11:11  180608.7     86.68    3971.8       0.0 P[63]                    
    0:11:11  180616.1     86.68    3971.7       0.0 P[63]                    
    0:11:12  180608.7     86.68    3971.4       0.0 P[63]                    
    0:11:12  180604.1     86.68    3971.4       0.0 P[63]                    
    0:11:12  180641.9     86.66    3969.8       0.0 P[63]                    
    0:11:12  180649.3     86.62    3969.0       0.0 P[63]                    
    0:11:13  180684.3     86.58    3967.4       0.0 P[63]                    
    0:11:13  180685.2     86.57    3967.3       0.0 P[63]                    
    0:11:14  180685.2     86.57    3967.3       0.0 P[63]                    
    0:11:14  180689.8     86.57    3967.3       0.0 P[63]                    
    0:11:14  180700.9     86.52    3966.2       0.0 P[63]                    
    0:11:15  180695.3     86.49    3965.3       0.0 P[63]                    
    0:11:15  180700.9     86.47    3964.6       0.0 P[63]                    
    0:11:15  180716.5     86.46    3964.4       0.0 P[63]                    
    0:11:15  180733.1     86.45    3964.2       0.0 P[63]                    
    0:11:15  180782.0     86.45    3964.2       0.0 P[63]                    
    0:11:16  180782.0     86.45    3964.2       0.0 P[63]                    
    0:11:16  180793.0     86.19    3940.4       0.0 P[63]                    
    0:11:16  180785.7     86.17    3940.1       0.0 P[63]                    
    0:11:16  180785.7     86.17    3940.0       0.0 P[63]                    
    0:11:17  180804.1     86.07    3938.5       0.0 P[63]                    
    0:11:17  180859.4     85.96    3936.2       0.0 P[63]                    
    0:11:17  180863.1     85.94    3935.8       0.0 P[63]                    
    0:11:18  180900.9     85.91    3935.2       0.0 P[63]                    
    0:11:18  180887.0     85.91    3935.1       0.0 P[63]                    
    0:11:18  180892.6     85.89    3934.7       0.0 P[63]                    
    0:11:18  180893.5     85.88    3934.5       0.0 P[63]                    
    0:11:18  180910.1     85.87    3934.4       0.0 P[63]                    
    0:11:19  180935.0     85.85    3933.9       0.0 P[63]                    
    0:11:19  180951.6     85.84    3933.7       0.0 P[63]                    
    0:11:19  180990.3     85.83    3933.4       0.0 P[63]                    
    0:11:19  181012.4     85.79    3932.5       0.0 P[63]                    
    0:11:19  181060.3     85.75    3931.8       0.0 P[63]                    
    0:11:20  181059.4     85.75    3931.5       0.0 P[63]                    
    0:11:20  181064.9     85.73    3931.3       0.0 P[63]                    
    0:11:20  181072.3     85.73    3930.8       0.0 P[63]                    
    0:11:20  181074.1     85.72    3930.8       0.0 P[63]                    
    0:11:21  181079.7     85.71    3930.0       0.0 P[63]                    
    0:11:21  181075.0     85.71    3930.0       0.0 P[63]                    
    0:11:21  181072.3     85.70    3929.3       0.0 P[63]                    
    0:11:21  181087.0     85.69    3928.8       0.0 P[63]                    
    0:11:21  181092.6     85.69    3928.8       0.0 P[63]                    
    0:11:21  181087.0     85.69    3928.7       0.0 P[63]                    
    0:11:22  181085.2     85.69    3928.6       0.0 P[63]                    
    0:11:22  181090.7     85.69    3928.4       0.0 P[63]                    
    0:11:22  181111.0     85.68    3928.4       0.0 P[63]                    
    0:11:22  181115.6     85.68    3928.4       0.0 P[63]                    
    0:11:23  181115.6     85.68    3928.3       0.0 P[63]                    
    0:11:23  181110.1     85.68    3928.3       0.0 P[63]                    
    0:11:23  181180.1     85.64    3926.8       0.0 P[63]                    
    0:11:24  181200.4     85.63    3926.7       0.0 P[63]                    
    0:11:24  181216.1     85.56    3926.3       0.0 P[63]                    
    0:11:25  181244.6     85.53    3925.2       0.0 P[63]                    
    0:11:25  181244.6     85.53    3925.2       0.0 P[63]                    
    0:11:26  181246.5     85.52    3924.9       0.0 P[63]                    
    0:11:27  181208.7     85.52    3924.9       0.0                          
    0:11:27  181178.3     85.52    3924.9       0.0                          
    0:11:27  181106.4     85.52    3924.9       0.0                          
    0:11:27  181026.2     85.52    3924.9       0.0                          
    0:11:27  180975.5     85.52    3924.9       0.0                          
    0:11:27  180947.9     85.52    3924.9       0.0                          
    0:11:27  180888.9     85.52    3924.9       0.0                          
    0:11:27  180834.5     85.52    3924.8       0.0                          
    0:11:27  180782.0     85.52    3924.3       0.0                          
    0:11:27  180745.1     85.52    3924.3       0.0                          
    0:11:27  180706.4     85.52    3924.3       0.0                          
    0:11:27  180673.2     85.52    3924.3       0.0                          
    0:11:28  180641.9     85.52    3924.3       0.0                          
    0:11:28  180630.8     85.52    3924.3       0.0                          
    0:11:28  180619.8     85.52    3924.3       0.0                          
    0:11:28  180594.9     85.52    3924.3       0.0                          
    0:11:28  180562.6     85.52    3924.3       0.0                          
    0:11:28  180524.9     85.52    3924.3       0.0                          
    0:11:28  180513.8     85.52    3924.3       0.0                          
    0:11:28  180493.5     85.52    3924.3       0.0                          
    0:11:28  180477.9     85.52    3924.3       0.0                          
    0:11:28  180441.0     85.52    3924.3       0.0                          
    0:11:28  180379.2     85.52    3924.3       0.0                          
    0:11:28  180334.1     85.52    3924.3       0.0                          
    0:11:28  180300.9     85.52    3924.3       0.0                          
    0:11:29  180230.9     85.52    3924.3       0.0                          
    0:11:29  180168.2     85.52    3924.1       0.0                          
    0:11:29  180100.0     85.52    3924.1       0.0                          
    0:11:29  180075.1     85.52    3924.0       0.0                          
    0:11:29  179984.8     85.51    3923.9       0.0                          
    0:11:29  179957.1     85.51    3923.9       0.0                          
    0:11:29  179918.4     85.51    3923.9       0.0                          
    0:11:29  179901.9     85.51    3923.9       0.0                          
    0:11:30  179830.0     85.51    3923.4       0.0                          
    0:11:30  179782.0     85.51    3923.4       0.0                          
    0:11:30  179665.9     85.51    3923.3       0.0                          
    0:11:30  179612.5     85.51    3923.3       0.0                          
    0:11:31  179470.5     85.51    3922.6       0.0                          
    0:11:31  179358.1     85.51    3922.6       0.0                          
    0:11:31  179225.4     85.51    3922.6       0.0                          
    0:11:31  179188.5     85.51    3922.6       0.0                          
    0:11:31  179121.3     85.41    3916.1       0.0                          
    0:11:32  179086.2     85.39    3915.9       0.0                          
    0:11:32  179080.7     85.38    3915.2       0.0                          
    0:11:33  179090.8     85.36    3914.4       0.0                          
    0:11:33  179091.8     85.35    3914.3       0.0                          
    0:11:34  179178.4     85.34    3913.6       0.0                          
    0:11:34  179183.9     85.34    3913.5       0.0                          
    0:11:34  179195.0     85.32    3912.6       0.0                          
    0:11:35  179195.0     85.31    3912.4       0.0                          
    0:11:35  179222.6     85.31    3912.3       0.0                          
    0:11:35  179238.3     85.30    3912.2       0.0                          
    0:11:35  179233.7     85.30    3912.2       0.0                          
    0:11:36  179257.7     85.29    3912.1       0.0                          
    0:11:37  179246.6     85.28    3912.1       0.0                          
    0:11:37  179275.2     85.27    3911.5       0.0                          
    0:11:38  179275.2     85.27    3911.1       0.0                          
    0:11:38  179277.0     85.26    3910.8       0.0                          
    0:11:39  179301.0     85.24    3909.0       0.0                          
    0:11:39  179420.8     85.17    3904.2       0.0                          
    0:11:41  179433.7     85.15    3903.4       0.0                          
    0:11:41  179441.1     85.15    3903.3       0.0                          
    0:11:42  179451.2     85.14    3902.8       0.0                          
    0:11:42  179456.7     85.13    3902.8       0.0                          
    0:11:44  179455.8     85.12    3902.5       0.0                          
    0:11:44  179455.8     85.12    3902.4       0.0                          
    0:11:44  179467.8     85.12    3902.2       0.0                          
    0:11:44  179557.2     85.12    3900.9       0.0                          
    0:11:44  179554.4     85.12    3900.5       0.0                          
    0:11:44  179549.8     85.12    3900.5       0.0                          
    0:11:44  179555.3     85.12    3900.4       0.0                          
    0:11:44  179540.6     85.12    3900.3       0.0                          
    0:11:44  179548.0     85.12    3900.2       0.0                          
    0:11:45  179558.1     85.12    3899.5       0.0                          
    0:11:45  179572.8     85.12    3899.2       0.0                          
    0:11:45  179567.3     85.12    3899.1       0.0                          
    0:11:45  179585.7     85.12    3898.9       0.0                          
    0:11:45  179602.3     85.12    3898.1       0.0                          
    0:11:45  179591.3     85.12    3896.2       0.0                          
    0:11:46  179613.4     85.12    3896.2       0.0                          
    0:11:46  179665.0     85.12    3895.8       0.0                          
    0:11:46  179681.6     85.12    3895.0       0.0                          
    0:11:46  179683.4     85.12    3894.5       0.0                          
    0:11:46  179683.4     85.12    3894.0       0.0                          
    0:11:46  179685.3     85.12    3894.0       0.0                          
    0:11:46  179694.5     85.12    3892.2       0.0                          
    0:11:46  179716.6     85.12    3892.1       0.0                          
    0:11:46  179712.0     85.12    3892.1       0.0                          
    0:11:47  179708.3     85.12    3892.1       0.0                          
    0:11:47  179719.4     85.12    3891.7       0.0                          
    0:11:47  179773.7     85.12    3889.5       0.0                          
    0:11:48  179776.5     85.12    3888.7       0.0                          
    0:11:48  179778.4     85.12    3888.3       0.0                          
    0:11:49  179783.9     85.12    3888.2       0.0                          
    0:11:49  179805.1     85.12    3887.9       0.0                          
    0:11:49  179799.6     85.12    3887.2       0.0                          
    0:11:49  179812.5     85.12    3886.9       0.0                          
    0:11:49  179833.7     85.12    3886.8       0.0                          
    0:11:49  179829.0     85.12    3886.8       0.0                          
    0:11:49  179883.4     85.12    3886.7       0.0                          
    0:11:50  179865.0     85.12    3886.7       0.0                          
    0:11:50  179876.0     85.12    3886.5       0.0                          
    0:11:50  179931.3     85.12    3885.7       0.0                          
    0:11:50  179964.5     85.12    3885.4       0.0                          
    0:11:50  179966.4     85.12    3885.4       0.0                          
    0:11:50  179973.7     85.12    3885.2       0.0                          
    0:11:50  179995.9     85.12    3885.2       0.0                          
    0:11:51  180003.2     85.12    3884.8       0.0                          
    0:11:51  180021.7     85.12    3884.3       0.0                          
    0:11:51  180014.3     85.12    3884.3       0.0                          
    0:11:51  180036.4     85.12    3883.8       0.0                          
    0:11:51  180032.7     85.12    3883.8       0.0                          
    0:11:51  180036.4     85.12    3883.7       0.0                          
    0:11:51  180040.1     85.12    3883.6       0.0                          
    0:11:51  180058.5     85.12    3883.2       0.0                          
    0:11:51  180122.1     85.12    3882.9       0.0                          
    0:11:51  180169.1     85.12    3882.6       0.0                          
    0:11:51  180174.6     85.12    3882.5       0.0                          
    0:11:52  180247.5     85.12    3882.0       0.0                          
    0:11:52  180251.1     85.12    3881.9       0.0                          
    0:11:52  180278.8     85.12    3881.8       0.0                          
    0:11:52  180275.1     85.12    3881.7       0.0                          
    0:11:52  180286.2     85.12    3881.1       0.0                          
    0:11:52  180327.6     85.12    3881.0       0.0                          
    0:11:52  180395.8     85.11    3880.6       0.0 P[63]                    
    0:11:53  180403.2     85.10    3880.5       0.0 P[63]                    
    0:11:53  180398.6     85.10    3880.0       0.0 P[63]                    
    0:11:53  180409.7     85.10    3879.6       0.0 P[63]                    
    0:11:53  180430.9     85.09    3879.3       0.0 P[63]                    
    0:11:54  180446.5     85.09    3879.2       0.0 P[63]                    
    0:11:54  180443.8     85.06    3878.3       0.0 P[63]                    
    0:11:54  180475.1     85.03    3877.8       0.0 P[63]                    
    0:11:54  180523.9     85.03    3877.6       0.0 P[63]                    
    0:11:55  180518.4     85.03    3877.3       0.0 P[63]                    
    0:11:55  180616.1     85.02    3877.2       0.0 P[63]                    
    0:11:55  180615.2     85.01    3876.3       0.0 P[63]                    
    0:11:55  180655.7     84.99    3875.0       0.0 P[63]                    
    0:11:55  180655.7     84.98    3874.7       0.0 P[63]                    
    0:11:56  180693.5     84.97    3873.8       0.0 P[63]                    
    0:11:56  180745.1     84.95    3873.0       0.0 P[63]                    
    0:11:56  180748.8     84.95    3872.9       0.0 P[63]                    
    0:11:56  180760.8     84.94    3872.6       0.0 P[63]                    
    0:11:56  180775.5     84.93    3872.4       0.0 P[63]                    
    0:11:56  180771.8     84.93    3872.3       0.0 P[63]                    
    0:11:57  180773.7     84.93    3872.2       0.0 P[63]                    
    0:11:57  180893.5     84.87    3869.5       0.0 P[63]                    
    0:11:57  180895.3     84.87    3869.4       0.0 P[63]                    
    0:11:58  180871.4     84.87    3869.4       0.0 P[63]                    
    0:11:58  180893.5     84.87    3869.0       0.0 P[63]                    
    0:11:58  180893.5     84.85    3867.6       0.0 P[63]                    
    0:11:59  180893.5     84.83    3867.0       0.0 P[63]                    
    0:11:59  180886.1     84.81    3866.2       0.0 P[63]                    
    0:11:59  180930.4     84.79    3865.1       0.0 P[63]                    
    0:12:00  180935.9     84.78    3864.2       0.0 P[63]                    
    0:12:00  180941.4     84.77    3864.0       0.0 P[63]                    
    0:12:00  180941.4     84.76    3863.8       0.0 P[63]                    
    0:12:01  180941.4     84.76    3863.8       0.0 P[63]                    
    0:12:01  180949.7     84.76    3863.5       0.0 P[63]                    
    0:12:02  180973.7     84.75    3863.4       0.0 P[63]                    
    0:12:02  180970.0     84.74    3863.3       0.0 P[63]                    
    0:12:02  180970.0     84.74    3863.3       0.0 P[63]                    
    0:12:03  180966.3     84.74    3863.2       0.0 P[63]                    
    0:12:03  181015.1     84.74    3863.2       0.0 P[63]                    
    0:12:03  181014.2     84.74    3863.1       0.0 P[63]                    
    0:12:04  181014.2     84.74    3863.0       0.0 P[63]                    
    0:12:04  181016.1     84.73    3862.9       0.0 P[63]                    
    0:12:05  181061.2     84.73    3862.0       0.0 P[63]                    
    0:12:05  181072.3     84.72    3862.0       0.0 P[63]                    
    0:12:06  181098.1     84.70    3861.7       0.0 P[63]                    
    0:12:07  181140.5     84.63    3859.5       0.0 P[63]                    
    0:12:07  181151.5     84.62    3859.3       0.0 P[63]                    
    0:12:08  181166.3     84.59    3858.1       0.0 P[63]                    
    0:12:09  181186.6     84.57    3857.7       0.0 P[63]                    
    0:12:09  181238.2     84.55    3857.3       0.0 P[63]                    
    0:12:09  181301.8     84.51    3856.5       0.0 P[63]                    
    0:12:10  181309.1     84.51    3856.4       0.0 P[63]                    
    0:12:11  181314.7     84.49    3856.4       0.0 P[63]                    
    0:12:11  181332.2     84.49    3856.3       0.0 P[63]                    
    0:12:12  181337.7     84.49    3856.3       0.0 P[63]                    
    0:12:13  181340.5     84.48    3856.2       0.0 P[63]                    
    0:12:13  181346.0     84.48    3856.2       0.0 P[63]                    
    0:12:15  181386.5     84.47    3856.0       0.0 P[63]                    
    0:12:16  181445.5     84.44    3858.2       0.0 P[63]                    
    0:12:18  181485.2     84.43    3857.4       0.0 P[63]                    
    0:12:19  181485.2     84.41    3857.2       0.0 P[63]                    
    0:12:20  181505.4     84.39    3856.5       0.0 P[63]                    
    0:12:20  181525.7     84.38    3856.2       0.0 P[63]                    
    0:12:21  181534.9     84.37    3856.1       0.0 P[63]                    
    0:12:22  181555.2     84.35    3855.6       0.0 P[63]                    
    0:12:23  181576.4     84.32    3854.4       0.0 P[63]                    
    0:12:23  181587.5     84.31    3853.7       0.0 P[63]                    
    0:12:24  181593.0     84.30    3853.4       0.0 P[63]                    
    0:12:25  181589.3     84.28    3852.0       0.0 P[63]                    
    0:12:26  181605.0     84.27    3851.9       0.0 P[63]                    
    0:12:27  181605.0     84.27    3851.8       0.0 P[63]                    
    0:12:27  181616.0     84.27    3851.8       0.0 P[63]                    
    0:12:28  181636.3     84.26    3851.7       0.0 P[63]                    
    0:12:29  181683.3     84.24    3850.7       0.0 P[63]                    
    0:12:30  181681.5     84.23    3850.4       0.0 P[63]                    
    0:12:31  181681.5     84.22    3850.2       0.0 P[63]                    
    0:12:31  181687.0     84.22    3850.1       0.0 P[63]                    
    0:12:32  181722.9     84.21    3849.9       0.0 P[63]                    
    0:12:33  181730.3     84.20    3849.7       0.0 P[63]                    
    0:12:33  181755.2     84.19    3849.8       0.0 P[63]                    
    0:12:34  181793.0     84.18    3849.1       0.0 P[63]                    
    0:12:35  181798.5     84.17    3849.0       0.0 P[63]                    
    0:12:45  181806.8     84.17    3849.0       0.0 P[63]                    
    0:12:46  181819.7     84.17    3849.0       0.0 P[63]                    
    0:12:47  181850.1     84.16    3848.9       0.0 P[63]                    
    0:13:05  181875.9     84.16    3848.9       0.0                          
Loading db file '/home/user24/Downloads/Lab4/ref/models/saed90nm_typ_ht.db'


Note: Symbol # after min delay cost means estimated hold TNS across all active scenarios 


  Optimization Complete
  ---------------------
Information: Total number of MV cells in the design.
----------------------------------------------------------------------------------------------------
 MV Cells                                           Total Number                                   
----------------------------------------------------------------------------------------------------
 Level Shifter:                                     0                                             
 Enable Level Shifter:                              0                                             
 Isolation Cell:                                    0                                             
 Retention Cell:                                    0                                             
 Retention Clamp Cell:                              0                                             
 Switch Cell:                                       0                                             
 Always-On Cell:                                    0                                             
 Repeater Cell:                                     0                                             

----------------------------------------------------------------------------------------------------
Unmapped MV Cells 
----------------------------------------------------------------------------------------------------
0 Isolation Cells are unmapped 
0 Retention Clamp Cells are unmapped 
----------------------------------------------------------------------------------------------------
1
