====================================================================================================
| Flow Information                                                                                 |
----------------------------------------------------------------------------------------------------
| Flow         | Design Compiler                                                                   |
====================================================================================================
| Design Information                                      | Value                                  |
====================================================================================================
| Number of Scenarios                                     | 0                                      |
| Leaf Cell Count                                         | 1                                      |
| Number of User Hierarchies                              | 0                                      |
| Sequential Cell Count                                   | 0                                      |
| Macro Count                                             | 0                                      |
| Number of Power Domains                                 | 0                                      |
| Number of Path Groups                                   | 2                                      |
| Number of VT Class                                      | 1                                      |
| Number of Clocks                                        | 1                                      |
| Number of Dont Touch Cells                              | 0                                      |
| Number of Dont Touch Nets                               | 0                                      |
| Number of Size Only Cells                               | 0                                      |
| Design with UPF Data                                    | false                                  |
====================================================================================================


  Beginning Pass 1 Mapping
  ------------------------
  Processing 'MultiplierOperator'

  Updating timing information
Information: Updating design information... (UID-85)

  Beginning Implementation Selection
  ----------------------------------
  Allocating blocks in 'DW02_mult_A_width32_B_width32'
  Building model 'DW01_MUX'
  Processing 'DW01_MUX'
  Building model 'DW01_mmux_width2'
  Processing 'DW01_mmux_width2'
  Building model 'DW01_mmux_width3'
  Processing 'DW01_mmux_width3'
  Building model 'DW01_mmux_width4'
  Processing 'DW01_mmux_width4'
  Building model 'DW01_mmux_width5'
  Processing 'DW01_mmux_width5'
  Building model 'DW01_NAND2'
  Processing 'DW01_NAND2'
  Building model 'DW01_add_width62' (cla)
  Processing 'DW01_add_width62'
  Building model 'DW02_mult_A_width32_B_width32' (csa)
  Processing 'DW02_mult_A_width32_B_width32'
  Processing 'MultiplierOperator_DW02_mult_0'
  Processing 'MultiplierOperator_DW01_add_0'
Information: Command 'do_operand_isolation' is obsolete and is being ignored.  Please refer to the replacement command 'set power_enable_datapath_gating true' instead. (INFO-118)

  Beginning Mapping Optimizations  (Medium effort)
  -------------------------------
  Mapping Optimization (Phase 30)
Information: Command 'do_operand_isolation' is obsolete and is being ignored.  Please refer to the replacement command 'set power_enable_datapath_gating true' instead. (INFO-118)

                                  TOTAL                                      
   ELAPSED            WORST NEG   SETUP    DESIGN                            
    TIME      AREA      SLACK     COST    RULE COST         ENDPOINT         
  --------- --------- --------- --------- --------- -------------------------
    0:00:08   44230.3     79.42    3650.0     722.8                          
    0:00:08   44230.3     79.42    3650.0     722.8                          
    0:00:08   44230.3     79.42    3650.0     722.8                          
    0:00:08   44230.3     79.42    3650.0     722.8                          
    0:00:08   44230.3     79.42    3650.0     722.8                          
    0:00:09   38475.9     78.48    3578.9       2.6                          
    0:00:09   38467.6     78.08    3573.3       2.6                          
    0:00:09   38467.6     78.08    3573.2       2.6                          
    0:00:09   38467.6     78.08    3573.1       2.6                          
    0:00:09   38467.6     78.08    3573.1       2.6                          
    0:00:09   38467.6     78.08    3573.1       2.6                          
    0:00:09   38467.6     78.08    3573.1       2.6                          
    0:00:09   38467.6     78.08    3573.1       2.6                          
    0:00:09   38468.5     78.08    3573.1       0.0                          
    0:00:09   38468.5     78.08    3573.1       0.0                          
    0:00:09   38468.5     78.08    3573.1       0.0                          
    0:00:09   38468.5     78.08    3573.1       0.0                          



  Beginning Delay Optimization Phase
  ----------------------------------

                                  TOTAL                                      
   ELAPSED            WORST NEG   SETUP    DESIGN                            
    TIME      AREA      SLACK     COST    RULE COST         ENDPOINT         
  --------- --------- --------- --------- --------- -------------------------
    0:00:09   38468.5     78.08    3573.1       0.0                          
    0:00:09   38822.4     77.41    3535.4       0.0 P[63]                    
    0:00:10   39559.7     77.18    3501.3       0.0 P[63]                    
    0:00:10   40288.7     77.12    3497.8       0.0 P[63]                    
    0:00:10   41113.5     76.70    3470.0       2.6 P[63]                    
    0:00:10   41703.3     76.21    3459.1       2.6 P[63]                    
    0:00:10   42340.1     75.64    3446.3       2.6 P[63]                    
    0:00:10   43023.1     75.13    3439.5       2.6 P[63]                    
    0:00:11   43307.8     74.45    3416.6       2.6 P[63]                    
    0:00:11   43446.1     74.08    3406.7       2.6 P[63]                    
    0:00:11   43548.4     73.79    3397.8       2.6 P[63]                    
    0:00:11   43681.1     73.58    3395.1       2.6 P[63]                    
    0:00:11   43682.9     73.29    3388.3       2.6 P[63]                    
    0:00:11   43725.3     73.13    3386.0       2.6 P[63]                    
    0:00:11   43943.7     73.02    3375.5       2.6 P[63]                    
    0:00:11   44135.4     72.72    3371.2       2.6 P[63]                    
    0:00:12   44178.7     72.53    3365.7       2.6 P[63]                    
    0:00:12   44332.6     72.35    3363.9       2.6 P[63]                    
    0:00:12   44425.7     72.19    3355.0       2.6 P[63]                    
    0:00:12   44431.3     72.14    3351.6       2.6 P[63]                    
    0:00:12   44465.4     72.04    3349.5       0.0 P[63]                    
    0:00:12   44650.6     71.83    3340.3       0.0 P[63]                    
    0:00:12   44723.4     71.56    3331.3       0.0 P[63]                    
    0:00:12   44772.2     71.28    3318.5       0.0 P[63]                    
    0:00:12   44872.7     71.11    3316.3       0.0 P[63]                    
    0:00:13   44953.8     70.84    3305.9       0.0 P[63]                    
    0:00:13   45071.8     70.59    3303.9      12.0 P[63]                    
    0:00:13   45210.0     70.45    3269.7      12.0 P[63]                    
    0:00:13   45373.1     70.31    3267.3      12.0 P[63]                    
    0:00:13   45375.9     70.25    3276.6      12.0 P[63]                    
    0:00:13   45678.2     70.15    3273.0      12.0 P[63]                    
    0:00:13   45680.9     69.81    3262.9      12.0 P[63]                    
    0:00:13   45687.4     69.69    3260.7      12.0 P[63]                    
    0:00:13   45686.5     69.61    3258.1      12.0 P[63]                    
    0:00:14   45749.1     69.56    3254.4      12.0 P[63]                    
    0:00:14   46247.7     69.42    3237.8      12.0 P[63]                    
    0:00:14   46319.6     68.84    3230.9      12.0 P[63]                    
    0:00:14   46346.3     68.70    3229.6      12.0 P[63]                    
    0:00:14   46606.2     68.65    3229.0      12.0 P[63]                    
    0:00:14   46685.5     68.56    3226.4      38.8 P[63]                    
    0:00:14   46742.6     68.49    3225.4      38.8 P[63]                    
    0:00:14   46742.6     68.41    3223.6      38.8 P[63]                    
    0:00:14   46746.3     68.33    3210.8      38.8 P[63]                    
    0:00:15   46890.1     67.95    3209.0      38.9 P[63]                    
    0:00:15   46986.9     67.58    3201.5      38.9 P[63]                    
    0:00:15   47004.4     67.44    3195.3      38.9 P[63]                    
    0:00:15   47048.6     67.28    3189.0      38.9 P[63]                    
    0:00:15   47091.9     67.11    3180.6      38.9 P[63]                    
    0:00:15   47122.3     66.99    3176.4      38.9 P[63]                    
    0:00:15   47154.6     66.85    3169.4      38.9 P[63]                    
    0:00:15   47187.8     66.80    3163.8      38.9 P[63]                    
    0:00:15   47211.7     66.69    3161.3      38.9 P[63]                    
    0:00:15   47233.8     66.66    3161.8      38.9 P[63]                    
    0:00:15   47264.3     66.59    3159.7      38.9 P[63]                    
    0:00:15   47283.6     66.51    3157.9      38.9 P[63]                    
    0:00:15   47314.9     66.33    3151.3      38.9 P[63]                    
    0:00:16   47311.3     66.23    3141.6      38.9 P[63]                    
    0:00:16   47382.2     66.08    3135.6      38.9 P[63]                    
    0:00:16   47411.7     66.00    3134.6      38.9 P[63]                    
    0:00:16   47424.6     65.85    3131.7      38.9 P[49]                    
    0:00:16   47483.6     65.75    3129.4      38.9 P[63]                    
    0:00:16   47535.2     65.63    3126.2      38.9 P[63]                    
    0:00:16   47554.6     65.59    3123.3      38.9 P[63]                    
    0:00:16   47619.1     65.42    3119.0      38.9 P[49]                    
    0:00:16   47693.7     65.32    3116.3      38.9 P[49]                    
    0:00:16   47704.8     65.25    3115.3      38.9 P[63]                    
    0:00:16   47768.4     65.16    3113.4      38.9 P[49]                    
    0:00:16   47757.3     65.07    3105.1      38.9 P[63]                    
    0:00:16   47794.2     65.01    3103.2      38.9 P[49]                    
    0:00:17   47816.3     64.96    3102.5      38.9 P[63]                    
    0:00:17   47864.2     64.87    3099.0      38.9 P[49]                    
    0:00:17   47864.2     64.83    3098.4      38.9 P[56]                    
    0:00:17   47917.7     64.80    3095.2      38.9 P[49]                    
    0:00:17   47942.6     64.75    3094.9      38.9 P[56]                    
    0:00:17   47951.8     64.67    3094.2      38.9 P[63]                    
    0:00:17   47960.1     64.60    3093.0      38.9 P[62]                    
    0:00:17   47994.2     64.52    3091.8      38.9 P[62]                    
    0:00:17   48058.7     64.42    3088.8      38.9 P[62]                    
    0:00:18   48080.8     64.38    3088.4      38.9                          
    0:00:18   48080.8     64.38    3088.4      38.9                          


  Beginning Design Rule Fixing  (max_transition)  (max_capacitance)
  ----------------------------

                                  TOTAL                                      
   ELAPSED            WORST NEG   SETUP    DESIGN                            
    TIME      AREA      SLACK     COST    RULE COST         ENDPOINT         
  --------- --------- --------- --------- --------- -------------------------
    0:00:18   48080.8     64.38    3088.4      38.9                          
    0:00:18   47997.8     64.38    3088.4       0.0                          
    0:00:18   48003.4     64.36    3088.2       0.0                          
    0:00:18   48018.1     64.35    3088.1       0.0                          
    0:00:18   48025.5     64.31    3086.5       0.0                          
    0:00:18   48019.0     64.27    3085.1       0.0                          
    0:00:18   48039.3     64.25    3085.6       0.0                          
    0:00:18   48023.7     64.23    3084.9       0.0                          
    0:00:18   48051.3     64.17    3080.6       0.0                          
    0:00:18   48022.7     64.16    3079.9       0.0                          
    0:00:18   48008.9     64.16    3079.7       0.0                          
    0:00:18   48027.3     64.16    3079.4       0.0                          
    0:00:19   48051.3     64.16    3076.2       0.0                          
    0:00:19   48043.9     64.16    3075.9       0.0                          
    0:00:19   48047.6     64.16    3075.4       0.0                          
    0:00:19   48050.4     64.16    3074.5       0.0                          
    0:00:19   48102.9     64.16    3074.2       0.0                          
    0:00:19   48134.2     64.16    3074.0       0.0                          
    0:00:19   48130.6     64.16    3073.0       0.0                          
    0:00:19   48135.2     64.16    3068.0       0.0                          
    0:00:19   48145.3     64.16    3058.9       0.0                          
    0:00:19   48145.3     64.16    3057.7       0.0                          


  Beginning Area-Recovery Phase  (cleanup)
  -----------------------------

                                  TOTAL                                      
   ELAPSED            WORST NEG   SETUP    DESIGN                            
    TIME      AREA      SLACK     COST    RULE COST         ENDPOINT         
  --------- --------- --------- --------- --------- -------------------------
    0:00:19   48145.3     64.16    3057.7       0.0                          
    0:00:19   48145.3     64.16    3057.7       0.0                          
    0:00:19   47662.4     64.16    3054.5       0.0                          
    0:00:19   47618.2     64.16    3054.5       0.0                          
    0:00:19   47612.6     64.16    3054.6       0.0                          
    0:00:19   47612.6     64.16    3054.6       0.0                          
    0:00:19   47612.6     64.16    3054.6       0.0                          
    0:00:19   47612.6     64.16    3054.6       0.0                          
    0:00:19   47482.7     64.19    3056.0       0.0                          
    0:00:19   47409.9     64.21    3057.4       0.0                          
    0:00:19   47372.1     64.21    3057.9       0.0                          
    0:00:19   47364.7     64.21    3057.9       0.0                          
    0:00:19   47362.9     64.21    3057.9       0.0                          
    0:00:19   47362.9     64.21    3057.9       0.0                          
    0:00:19   47362.9     64.21    3057.9       0.0                          
    0:00:19   47362.9     64.21    3057.9       0.0                          
    0:00:19   47371.2     64.19    3057.1       0.0 P[56]                    
    0:00:20   47446.7     64.12    3056.2       0.0 P[56]                    
    0:00:20   47520.5     64.08    3055.2       0.0 P[56]                    
    0:00:20   47583.1     64.06    3050.7       0.0 P[56]                    
    0:00:20   47782.2     64.03    3050.1       0.0 P[63]                    
    0:00:20   47871.6     64.02    3045.7       0.0 P[56]                    
    0:00:20   48067.0     63.93    3044.3       0.0 P[56]                    
    0:00:20   48121.3     63.88    3044.3       0.0 P[56]                    
    0:00:20   48160.1     63.81    3052.2       0.0 P[56]                    
    0:00:20   48183.1     63.69    3050.6       0.0 P[56]                    
    0:00:20   48229.2     63.59    3049.8       0.0 P[48]                    
    0:00:20   48229.2     63.58    3049.7       0.0 P[56]                    
    0:00:21   48215.3     63.54    3048.3       0.0                          
    0:00:21   48127.8     63.54    3048.3       0.0                          
    0:00:21   48080.8     63.54    3047.4       0.0                          
    0:00:21   48019.0     63.54    3047.4       0.0                          
    0:00:21   47928.7     63.54    3047.4       0.0                          
    0:00:21   47930.6     63.53    3045.1       0.0                          
    0:00:21   47937.9     63.44    3042.0       0.0                          
    0:00:21   47948.1     63.40    3038.9       0.0                          
    0:00:21   47953.6     63.39    3038.6       0.0                          
    0:00:21   47966.5     63.21    3032.7       0.0                          
    0:00:21   47978.5     63.11    3030.1       0.0                          
    0:00:21   48032.9     63.08    3029.1       0.0                          
    0:00:21   48032.9     63.08    3029.0       0.0                          
    0:00:21   48029.2     63.08    3025.8       0.0                          
    0:00:21   48024.6     63.08    3023.8       0.0                          
    0:00:22   48048.5     63.08    3020.8       0.0                          
    0:00:22   48061.4     63.08    3020.4       0.0                          
    0:00:22   48061.4     63.08    3019.8       0.0                          
    0:00:22   48058.7     63.08    3017.4       0.0                          
    0:00:22   48070.7     63.08    3014.7       0.0                          
    0:00:22   48058.7     63.08    3014.5       0.0                          
    0:00:22   48058.7     63.08    3013.7       0.0                          
    0:00:22   48057.8     63.08    3011.7       0.0                          
    0:00:22   48044.9     63.08    3011.0       0.0                          
    0:00:22   48040.2     63.08    3010.4       0.0                          
    0:00:22   48036.6     63.08    3010.4       0.0                          
    0:00:22   48043.9     63.08    3002.6       0.0                          
    0:00:22   48089.1     63.08    2996.3       0.0                          
    0:00:22   48087.2     63.08    2993.0       0.0                          
    0:00:22   48305.7     63.05    2986.0       0.0 P[63]                    
    0:00:22   48339.8     62.64    2984.6       0.0 P[59]                    
    0:00:22   48442.1     62.52    2983.6       0.0 P[63]                    
    0:00:23   48475.2     62.39    2983.0       0.0 P[63]                    
    0:00:23   48672.5     62.32    2978.3       0.0 P[63]                    
    0:00:23   48768.3     62.30    2977.9       0.0 P[63]                    
    0:00:23   48774.8     62.21    2976.6       0.0 P[62]                    
    0:00:23   48811.6     62.18    2976.2       0.0 P[63]                    
    0:00:23   48989.5     62.16    2973.1       0.0 P[63]                    
    0:00:23   48994.1     62.08    2971.6       0.0 P[57]                    
    0:00:23   48997.8     61.94    2963.2       0.0 P[57]                    
    0:00:23   49075.2     61.90    2962.8       0.0 P[57]                    
    0:00:23   49088.1     61.86    2964.2       0.0 P[57]                    
    0:00:24   49113.9     61.82    2962.5       0.0 P[61]                    
    0:00:24   49127.7     61.71    2960.9       0.0 P[61]                    
    0:00:24   49162.8     61.58    2958.7       0.0 P[61]                    
    0:00:24   49170.1     61.55    2956.7       0.0 P[61]                    
    0:00:24   49159.1     61.46    2958.3       0.0 P[61]                    
    0:00:24   49183.0     61.43    2956.9       0.0 P[62]                    
    0:00:24   49229.1     61.40    2956.4       0.0 P[61]                    
    0:00:24   49219.0     61.29    2953.8       0.0 P[61]                    
    0:00:24   49255.8     61.20    2947.3       0.0 P[61]                    
    0:00:24   49254.0     61.13    2928.9       0.0 P[54]                    
    0:00:24   49256.8     60.98    2923.1       0.0 P[61]                    
    0:00:24   49317.6     60.90    2928.3       0.0 P[54]                    
    0:00:25   49316.7     60.79    2925.2       0.0 P[49]                    
    0:00:25   49372.0     60.66    2919.4       0.0 P[54]                    
    0:00:25   49377.5     60.62    2918.5       0.0 P[61]                    
    0:00:25   49390.4     60.59    2911.8       0.0 P[62]                    
    0:00:25   49408.8     60.45    2907.7       0.0 P[54]                    
    0:00:25   49468.7     60.42    2906.1       0.0 P[61]                    
    0:00:25   49489.0     60.36    2905.0       0.0 P[61]                    
    0:00:25   49525.9     60.23    2900.8       0.0 P[61]                    
    0:00:25   49578.4     60.07    2894.2       0.0 P[61]                    
    0:00:25   49582.1     59.85    2885.1       0.0 P[61]                    
    0:00:25   49571.0     59.76    2883.6       0.0 P[61]                    
    0:00:25   49573.8     59.51    2868.9       0.0 P[61]                    
    0:00:26   49631.8     59.43    2864.9       0.0 P[61]                    
    0:00:26   49646.6     59.31    2858.3       0.0 P[54]                    
    0:00:26   49657.7     59.25    2856.5       0.0 P[61]                    
    0:00:26   49666.9     59.20    2855.1       0.0 P[61]                    
    0:00:26   49670.6     59.16    2853.5       0.0 P[61]                    
    0:00:26   49704.7     59.07    2850.3       0.0 P[61]                    
    0:00:26   49760.9     58.97    2843.0       0.0 P[62]                    
    0:00:26   49760.9     58.94    2842.4       0.0 P[61]                    
    0:00:26   49782.1     58.91    2842.2       0.0 P[61]                    
    0:00:26   49810.6     58.87    2840.5       0.0 P[61]                    
    0:00:26   49826.3     58.84    2834.6       0.0 P[61]                    
    0:00:26   49849.3     58.78    2834.1       0.0 P[61]                    
    0:00:26   49873.3     58.76    2834.0       0.0 P[61]                    
    0:00:26   49881.6     58.75    2833.7       0.0 P[58]                    
    0:00:27   49901.0     58.70    2832.9       0.0 P[57]                    
    0:00:27   49903.7     58.69    2832.8       0.0 P[58]                    
    0:00:27   49911.1     58.66    2831.0       0.0 P[54]                    
    0:00:27   49907.4     58.65    2830.7       0.0 P[57]                    
    0:00:27   49911.1     58.62    2824.5       0.0 P[57]                    
    0:00:27   49931.4     58.56    2822.2       0.0 P[57]                    
    0:00:27   49931.4     58.54    2820.8       0.0 P[57]                    
    0:00:27   49931.4     58.48    2818.1       0.0 P[57]                    
    0:00:27   49926.8     58.43    2817.8       0.0 P[50]                    
    0:00:27   49932.3     58.43    2817.4       0.0 P[62]                    
    0:00:27   49937.8     58.41    2817.2       0.0 P[62]                    
    0:00:27   49934.1     58.40    2817.1       0.0 P[62]                    
    0:00:27   49942.4     58.35    2815.2       0.0 P[62]                    
    0:00:27   49951.6     58.31    2813.8       0.0 P[62]                    
    0:00:27   49951.6     58.26    2812.2       0.0 P[62]                    
    0:00:28   50008.8     58.24    2811.0       0.0 P[58]                    
    0:00:28   50032.7     58.20    2809.5       0.0 P[62]                    
    0:00:28   50031.8     58.18    2809.2       0.0 P[57]                    
    0:00:28   50031.8     58.14    2808.0       0.0 P[53]                    
    0:00:28   50014.3     58.11    2807.5       0.0 P[59]                    
    0:00:28   50018.0     58.11    2807.2       0.0 P[53]                    
    0:00:28   50014.3     58.10    2805.8       0.0 P[53]                    
    0:00:28   50012.5     58.08    2806.4       0.0 P[53]                    
    0:00:28   50012.5     58.08    2806.3       0.0                          
Loading db file '/home/user24/Downloads/Lab4/ref/models/saed90nm_typ_ht.db'


Note: Symbol # after min delay cost means estimated hold TNS across all active scenarios 


  Optimization Complete
  ---------------------
Information: Total number of MV cells in the design.
----------------------------------------------------------------------------------------------------
 MV Cells                                           Total Number                                   
----------------------------------------------------------------------------------------------------
 Level Shifter:                                     0                                             
 Enable Level Shifter:                              0                                             
 Isolation Cell:                                    0                                             
 Retention Cell:                                    0                                             
 Retention Clamp Cell:                              0                                             
 Switch Cell:                                       0                                             
 Always-On Cell:                                    0                                             
 Repeater Cell:                                     0                                             

----------------------------------------------------------------------------------------------------
Unmapped MV Cells 
----------------------------------------------------------------------------------------------------
0 Isolation Cells are unmapped 
0 Retention Clamp Cells are unmapped 
----------------------------------------------------------------------------------------------------
1
