Loading db file '/home/ahesham/phase3/johnson/NangateOpenCellLibrary_PDKv1_3_v2010_12/lib/Front_End/Liberty/NLDM/NangateOpenCellLibrary_ss0p95vn40c.db'
Information: Propagating switching activity (low effort zero delay simulation). (PWR-6)
Warning: Design has unannotated primary inputs. (PWR-414)
Warning: Design has unannotated sequential cell outputs. (PWR-415)
 
****************************************
Report : power
        -analysis_effort low
Design : FloatingAdder_Integration
Version: G-2012.06-SP2
Date   : Fri Mar 10 00:39:42 2017
****************************************


Library(s) Used:

    NangateOpenCellLibrary_ss0p95vn40c (File: /home/ahesham/phase3/johnson/NangateOpenCellLibrary_PDKv1_3_v2010_12/lib/Front_End/Liberty/NLDM/NangateOpenCellLibrary_ss0p95vn40c.db)


Operating Conditions: worst_low   Library: NangateOpenCellLibrary_ss0p95vn40c
Wire Load Model Mode: top

Design        Wire Load Model            Library
------------------------------------------------
FloatingAdder_Integration
                       5K_hvratio_1_1    NangateOpenCellLibrary_ss0p95vn40c


Global Operating Voltage = 0.95 
Power-specific unit information :
    Voltage Units = 1V
    Capacitance Units = 1.000000ff
    Time Units = 1ns
    Dynamic Power Units = 1uW    (derived from V,C,T units)
    Leakage Power Units = 1nW


  Cell Internal Power  = 212.1340 uW   (55%)
  Net Switching Power  = 170.6346 uW   (45%)
                         ---------
Total Dynamic Power    = 382.7686 uW  (100%)

Cell Leakage Power     =  15.4735 uW


                 Internal         Switching           Leakage            Total
Power Group      Power            Power               Power              Power   (   %    )  Attrs
--------------------------------------------------------------------------------------------------
io_pad             0.0000            0.0000            0.0000            0.0000  (   0.00%)
memory             0.0000            0.0000            0.0000            0.0000  (   0.00%)
black_box          0.0000            0.0000            0.0000            0.0000  (   0.00%)
clock_network      0.0000            0.0000            0.0000            0.0000  (   0.00%)
register          78.9587           12.8500        1.6041e+03           93.4128  (  23.46%)
sequential         4.7652            0.8728          554.2599            6.1922  (   1.55%)
combinational    128.4100          156.9115        1.3315e+04          298.6370  (  74.99%)
--------------------------------------------------------------------------------------------------
Total            212.1339 uW       170.6343 uW     1.5473e+04 nW       398.2419 uW
1
