 
****************************************
Report : cell
Design : FloatingMultiplier_Integration
Version: G-2012.06-SP2
Date   : Fri Mar 10 01:08:39 2017
****************************************

Attributes:
    b - black box (unknown)
    h - hierarchical
    n - noncombinational
    r - removable
    u - contains unmapped logic

Cell                      Reference       Library             Area  Attributes
--------------------------------------------------------------------------------
FloatingPointMultiplier1  FloatingPointMultiplier         6060.544010
                                                                    h
input_reg1_reg[0]         DFF_X1          NangateOpenCellLibrary_ss0p95vn40c
                                                          4.522000  n
input_reg1_reg[1]         DFF_X1          NangateOpenCellLibrary_ss0p95vn40c
                                                          4.522000  n
input_reg1_reg[2]         DFF_X1          NangateOpenCellLibrary_ss0p95vn40c
                                                          4.522000  n
input_reg1_reg[3]         DFF_X1          NangateOpenCellLibrary_ss0p95vn40c
                                                          4.522000  n
input_reg1_reg[4]         DFF_X1          NangateOpenCellLibrary_ss0p95vn40c
                                                          4.522000  n
input_reg1_reg[5]         DFF_X1          NangateOpenCellLibrary_ss0p95vn40c
                                                          4.522000  n
input_reg1_reg[6]         DFF_X1          NangateOpenCellLibrary_ss0p95vn40c
                                                          4.522000  n
input_reg1_reg[7]         DFF_X1          NangateOpenCellLibrary_ss0p95vn40c
                                                          4.522000  n
input_reg1_reg[8]         DFF_X1          NangateOpenCellLibrary_ss0p95vn40c
                                                          4.522000  n
input_reg1_reg[9]         DFF_X1          NangateOpenCellLibrary_ss0p95vn40c
                                                          4.522000  n
input_reg1_reg[10]        DFF_X1          NangateOpenCellLibrary_ss0p95vn40c
                                                          4.522000  n
input_reg1_reg[11]        DFF_X1          NangateOpenCellLibrary_ss0p95vn40c
                                                          4.522000  n
input_reg1_reg[12]        DFF_X1          NangateOpenCellLibrary_ss0p95vn40c
                                                          4.522000  n
input_reg1_reg[13]        DFF_X1          NangateOpenCellLibrary_ss0p95vn40c
                                                          4.522000  n
input_reg1_reg[14]        DFF_X1          NangateOpenCellLibrary_ss0p95vn40c
                                                          4.522000  n
input_reg1_reg[15]        DFF_X1          NangateOpenCellLibrary_ss0p95vn40c
                                                          4.522000  n
input_reg1_reg[16]        DFF_X1          NangateOpenCellLibrary_ss0p95vn40c
                                                          4.522000  n
input_reg1_reg[17]        DFF_X1          NangateOpenCellLibrary_ss0p95vn40c
                                                          4.522000  n
input_reg1_reg[18]        DFF_X1          NangateOpenCellLibrary_ss0p95vn40c
                                                          4.522000  n
input_reg1_reg[19]        DFF_X1          NangateOpenCellLibrary_ss0p95vn40c
                                                          4.522000  n
input_reg1_reg[20]        DFF_X1          NangateOpenCellLibrary_ss0p95vn40c
                                                          4.522000  n
input_reg1_reg[21]        DFF_X1          NangateOpenCellLibrary_ss0p95vn40c
                                                          4.522000  n
input_reg1_reg[22]        DFF_X1          NangateOpenCellLibrary_ss0p95vn40c
                                                          4.522000  n
input_reg1_reg[23]        DFF_X1          NangateOpenCellLibrary_ss0p95vn40c
                                                          4.522000  n
input_reg1_reg[24]        DFF_X1          NangateOpenCellLibrary_ss0p95vn40c
                                                          4.522000  n
input_reg1_reg[25]        DFF_X1          NangateOpenCellLibrary_ss0p95vn40c
                                                          4.522000  n
input_reg1_reg[26]        DFF_X1          NangateOpenCellLibrary_ss0p95vn40c
                                                          4.522000  n
input_reg1_reg[27]        DFF_X1          NangateOpenCellLibrary_ss0p95vn40c
                                                          4.522000  n
input_reg1_reg[28]        DFF_X1          NangateOpenCellLibrary_ss0p95vn40c
                                                          4.522000  n
input_reg1_reg[29]        DFF_X1          NangateOpenCellLibrary_ss0p95vn40c
                                                          4.522000  n
input_reg1_reg[30]        DFF_X1          NangateOpenCellLibrary_ss0p95vn40c
                                                          4.522000  n
input_reg1_reg[31]        DFF_X1          NangateOpenCellLibrary_ss0p95vn40c
                                                          4.522000  n
input_reg2_reg[0]         DFF_X1          NangateOpenCellLibrary_ss0p95vn40c
                                                          4.522000  n
input_reg2_reg[1]         DFF_X1          NangateOpenCellLibrary_ss0p95vn40c
                                                          4.522000  n
input_reg2_reg[2]         DFF_X1          NangateOpenCellLibrary_ss0p95vn40c
                                                          4.522000  n
input_reg2_reg[3]         DFF_X1          NangateOpenCellLibrary_ss0p95vn40c
                                                          4.522000  n
input_reg2_reg[4]         DFF_X1          NangateOpenCellLibrary_ss0p95vn40c
                                                          4.522000  n
input_reg2_reg[5]         DFF_X1          NangateOpenCellLibrary_ss0p95vn40c
                                                          4.522000  n
input_reg2_reg[6]         DFF_X1          NangateOpenCellLibrary_ss0p95vn40c
                                                          4.522000  n
input_reg2_reg[7]         DFF_X1          NangateOpenCellLibrary_ss0p95vn40c
                                                          4.522000  n
input_reg2_reg[8]         DFF_X1          NangateOpenCellLibrary_ss0p95vn40c
                                                          4.522000  n
input_reg2_reg[9]         DFF_X1          NangateOpenCellLibrary_ss0p95vn40c
                                                          4.522000  n
input_reg2_reg[10]        DFF_X1          NangateOpenCellLibrary_ss0p95vn40c
                                                          4.522000  n
input_reg2_reg[11]        DFF_X1          NangateOpenCellLibrary_ss0p95vn40c
                                                          4.522000  n
input_reg2_reg[12]        DFF_X1          NangateOpenCellLibrary_ss0p95vn40c
                                                          4.522000  n
input_reg2_reg[13]        DFF_X1          NangateOpenCellLibrary_ss0p95vn40c
                                                          4.522000  n
input_reg2_reg[14]        DFF_X1          NangateOpenCellLibrary_ss0p95vn40c
                                                          4.522000  n
input_reg2_reg[15]        DFF_X1          NangateOpenCellLibrary_ss0p95vn40c
                                                          4.522000  n
input_reg2_reg[16]        DFF_X1          NangateOpenCellLibrary_ss0p95vn40c
                                                          4.522000  n
input_reg2_reg[17]        DFF_X1          NangateOpenCellLibrary_ss0p95vn40c
                                                          4.522000  n
input_reg2_reg[18]        DFF_X1          NangateOpenCellLibrary_ss0p95vn40c
                                                          4.522000  n
input_reg2_reg[19]        DFF_X1          NangateOpenCellLibrary_ss0p95vn40c
                                                          4.522000  n
input_reg2_reg[20]        DFF_X1          NangateOpenCellLibrary_ss0p95vn40c
                                                          4.522000  n
input_reg2_reg[21]        DFF_X1          NangateOpenCellLibrary_ss0p95vn40c
                                                          4.522000  n
input_reg2_reg[22]        DFF_X1          NangateOpenCellLibrary_ss0p95vn40c
                                                          4.522000  n
input_reg2_reg[23]        DFF_X1          NangateOpenCellLibrary_ss0p95vn40c
                                                          4.522000  n
input_reg2_reg[24]        DFF_X1          NangateOpenCellLibrary_ss0p95vn40c
                                                          4.522000  n
input_reg2_reg[25]        DFF_X1          NangateOpenCellLibrary_ss0p95vn40c
                                                          4.522000  n
input_reg2_reg[26]        DFF_X1          NangateOpenCellLibrary_ss0p95vn40c
                                                          4.522000  n
input_reg2_reg[27]        DFF_X1          NangateOpenCellLibrary_ss0p95vn40c
                                                          4.522000  n
input_reg2_reg[28]        DFF_X1          NangateOpenCellLibrary_ss0p95vn40c
                                                          4.522000  n
input_reg2_reg[29]        DFF_X1          NangateOpenCellLibrary_ss0p95vn40c
                                                          4.522000  n
input_reg2_reg[30]        DFF_X1          NangateOpenCellLibrary_ss0p95vn40c
                                                          4.522000  n
input_reg2_reg[31]        DFF_X1          NangateOpenCellLibrary_ss0p95vn40c
                                                          4.522000  n
output1_reg[0]            DFF_X1          NangateOpenCellLibrary_ss0p95vn40c
                                                          4.522000  n
output1_reg[1]            DFF_X1          NangateOpenCellLibrary_ss0p95vn40c
                                                          4.522000  n
output1_reg[2]            DFF_X1          NangateOpenCellLibrary_ss0p95vn40c
                                                          4.522000  n
output1_reg[3]            DFF_X1          NangateOpenCellLibrary_ss0p95vn40c
                                                          4.522000  n
output1_reg[4]            DFF_X1          NangateOpenCellLibrary_ss0p95vn40c
                                                          4.522000  n
output1_reg[5]            DFF_X1          NangateOpenCellLibrary_ss0p95vn40c
                                                          4.522000  n
output1_reg[6]            DFF_X1          NangateOpenCellLibrary_ss0p95vn40c
                                                          4.522000  n
output1_reg[7]            DFF_X1          NangateOpenCellLibrary_ss0p95vn40c
                                                          4.522000  n
output1_reg[8]            DFF_X1          NangateOpenCellLibrary_ss0p95vn40c
                                                          4.522000  n
output1_reg[9]            DFF_X1          NangateOpenCellLibrary_ss0p95vn40c
                                                          4.522000  n
output1_reg[10]           DFF_X1          NangateOpenCellLibrary_ss0p95vn40c
                                                          4.522000  n
output1_reg[11]           DFF_X1          NangateOpenCellLibrary_ss0p95vn40c
                                                          4.522000  n
output1_reg[12]           DFF_X1          NangateOpenCellLibrary_ss0p95vn40c
                                                          4.522000  n
output1_reg[13]           DFF_X1          NangateOpenCellLibrary_ss0p95vn40c
                                                          4.522000  n
output1_reg[14]           DFF_X1          NangateOpenCellLibrary_ss0p95vn40c
                                                          4.522000  n
output1_reg[15]           DFF_X1          NangateOpenCellLibrary_ss0p95vn40c
                                                          4.522000  n
output1_reg[16]           DFF_X1          NangateOpenCellLibrary_ss0p95vn40c
                                                          4.522000  n
output1_reg[17]           DFF_X1          NangateOpenCellLibrary_ss0p95vn40c
                                                          4.522000  n
output1_reg[18]           DFF_X1          NangateOpenCellLibrary_ss0p95vn40c
                                                          4.522000  n
output1_reg[19]           DFF_X1          NangateOpenCellLibrary_ss0p95vn40c
                                                          4.522000  n
output1_reg[20]           DFF_X1          NangateOpenCellLibrary_ss0p95vn40c
                                                          4.522000  n
output1_reg[21]           DFF_X1          NangateOpenCellLibrary_ss0p95vn40c
                                                          4.522000  n
output1_reg[22]           DFF_X1          NangateOpenCellLibrary_ss0p95vn40c
                                                          4.522000  n
output1_reg[23]           DFF_X1          NangateOpenCellLibrary_ss0p95vn40c
                                                          4.522000  n
output1_reg[24]           DFF_X1          NangateOpenCellLibrary_ss0p95vn40c
                                                          4.522000  n
output1_reg[25]           DFF_X1          NangateOpenCellLibrary_ss0p95vn40c
                                                          4.522000  n
output1_reg[26]           DFF_X1          NangateOpenCellLibrary_ss0p95vn40c
                                                          4.522000  n
output1_reg[27]           DFF_X1          NangateOpenCellLibrary_ss0p95vn40c
                                                          4.522000  n
output1_reg[28]           DFF_X1          NangateOpenCellLibrary_ss0p95vn40c
                                                          4.522000  n
output1_reg[29]           DFF_X1          NangateOpenCellLibrary_ss0p95vn40c
                                                          4.522000  n
output1_reg[30]           DFF_X1          NangateOpenCellLibrary_ss0p95vn40c
                                                          4.522000  n
output1_reg[31]           DFF_X1          NangateOpenCellLibrary_ss0p95vn40c
                                                          4.522000  n
--------------------------------------------------------------------------------
Total 97 cells                                            6494.655995
1
