Loading db file '/home/ahesham/phase3/johnson/NangateOpenCellLibrary_PDKv1_3_v2010_12/lib/Front_End/Liberty/NLDM/NangateOpenCellLibrary_ss0p95vn40c.db'
Information: Propagating switching activity (low effort zero delay simulation). (PWR-6)
Warning: Design has unannotated primary inputs. (PWR-414)
Warning: Design has unannotated sequential cell outputs. (PWR-415)
 
****************************************
Report : power
        -analysis_effort low
Design : FloatingMultiplier_Integration
Version: G-2012.06-SP2
Date   : Fri Mar 10 01:08:40 2017
****************************************


Library(s) Used:

    NangateOpenCellLibrary_ss0p95vn40c (File: /home/ahesham/phase3/johnson/NangateOpenCellLibrary_PDKv1_3_v2010_12/lib/Front_End/Liberty/NLDM/NangateOpenCellLibrary_ss0p95vn40c.db)


Operating Conditions: worst_low   Library: NangateOpenCellLibrary_ss0p95vn40c
Wire Load Model Mode: top

Design        Wire Load Model            Library
------------------------------------------------
FloatingMultiplier_Integration
                       5K_hvratio_1_1    NangateOpenCellLibrary_ss0p95vn40c


Global Operating Voltage = 0.95 
Power-specific unit information :
    Voltage Units = 1V
    Capacitance Units = 1.000000ff
    Time Units = 1ns
    Dynamic Power Units = 1uW    (derived from V,C,T units)
    Leakage Power Units = 1nW


  Cell Internal Power  = 210.7646 uW   (58%)
  Net Switching Power  = 150.4813 uW   (42%)
                         ---------
Total Dynamic Power    = 361.2460 uW  (100%)

Cell Leakage Power     =  26.4608 uW


                 Internal         Switching           Leakage            Total
Power Group      Power            Power               Power              Power   (   %    )  Attrs
--------------------------------------------------------------------------------------------------
io_pad             0.0000            0.0000            0.0000            0.0000  (   0.00%)
memory             0.0000            0.0000            0.0000            0.0000  (   0.00%)
black_box          0.0000            0.0000            0.0000            0.0000  (   0.00%)
clock_network      0.0000            0.0000            0.0000            0.0000  (   0.00%)
register          53.8374            9.4776        1.6041e+03           64.9190  (  16.74%)
sequential         0.0000            0.0000            0.0000            0.0000  (   0.00%)
combinational    156.9274          141.0037        2.4857e+04          322.7878  (  83.26%)
--------------------------------------------------------------------------------------------------
Total            210.7648 uW       150.4812 uW     2.6461e+04 nW       387.7069 uW
1
