 
****************************************
Report : cell
Design : MultiplierOperator
Version: U-2022.12-SP7
Date   : Sun Dec 24 14:16:30 2023
****************************************

Attributes:
   BO - reference allows boundary optimization
    b - black box (unknown)
    h - hierarchical
    n - noncombinational
    r - removable
    u - contains unmapped logic

Cell                      Reference       Library             Area  Attributes
--------------------------------------------------------------------------------
mult_8                    MultiplierOperator_DW02_mult_0  50012.467566
                                                                    BO, h
--------------------------------------------------------------------------------
Total 1 cells                                             50012.467566
1
