Loading db file '/home/user24/Downloads/Lab4/ref/models/saed90nm_typ_ht.db'
Information: Updating design information... (UID-85)
Information: Propagating switching activity (low effort zero delay simulation). (PWR-6)
Warning: Design has unannotated primary inputs. (PWR-414)
Warning: Design has unannotated sequential cell outputs. (PWR-415)
 
****************************************
Report : power
        -analysis_effort low
Design : multOp_integration
Version: U-2022.12-SP7
Date   : Sat Dec 23 19:46:06 2023
****************************************


Library(s) Used:

    saed90nm_typ_ht (File: /home/user24/Downloads/Lab4/ref/models/saed90nm_typ_ht.db)


Operating Conditions: TYPICAL   Library: saed90nm_typ_ht
Wire Load Model Mode: enclosed

Design        Wire Load Model            Library
------------------------------------------------
multOp_integration     70000             saed90nm_typ_ht
MultiplierOperator     70000             saed90nm_typ_ht
MultiplierOperator_DW02_mult_0
                       70000             saed90nm_typ_ht
MultiplierOperator_DW01_add_0
                       8000              saed90nm_typ_ht


Global Operating Voltage = 1.2  
Power-specific unit information :
    Voltage Units = 1V
    Capacitance Units = 1.000000ff
    Time Units = 1ns
    Dynamic Power Units = 1uW    (derived from V,C,T units)
    Leakage Power Units = 1pW


Attributes
----------
i - Including register clock pin internal power


  Cell Internal Power  = 630.0677 uW   (72%)
  Net Switching Power  = 250.3448 uW   (28%)
                         ---------
Total Dynamic Power    = 880.4125 uW  (100%)

Cell Leakage Power     = 597.4698 uW

Information: report_power power group summary does not include estimated clock tree power. (PWR-789)

                 Internal         Switching           Leakage            Total
Power Group      Power            Power               Power              Power   (   %    )  Attrs
--------------------------------------------------------------------------------------------------
io_pad             0.0000            0.0000            0.0000            0.0000  (   0.00%)
memory             0.0000            0.0000            0.0000            0.0000  (   0.00%)
black_box          0.0000            0.0000            0.0000            0.0000  (   0.00%)
clock_network      0.0000            0.0000            0.0000            0.0000  (   0.00%)  i
register           0.0000            0.0000            0.0000            0.0000  (   0.00%)
sequential        25.9097            8.9702        5.3869e+07           88.7485  (   6.01%)
combinational    604.1580          241.3746        5.4360e+08        1.3891e+03  (  93.99%)
--------------------------------------------------------------------------------------------------
Total            630.0677 uW       250.3448 uW     5.9747e+08 pW     1.4779e+03 uW
1
