Information: Updating design information... (UID-85)
Warning: Design 'shift_integration' contains 1 high-fanout nets. A fanout number of 1000 will be used for delay calculations involving these nets. (TIM-134)
Information: Propagating switching activity (low effort zero delay simulation). (PWR-6)
Warning: Design has unannotated primary inputs. (PWR-414)
Warning: Design has unannotated sequential cell outputs. (PWR-415)
 
****************************************
Report : power
        -analysis_effort low
Design : shift_integration
Version: U-2022.12-SP7
Date   : Sun Dec 24 17:18:37 2023
****************************************


Library(s) Used:

    saed90nm_typ_ht (File: /home/user24/Downloads/Lab4/ref/models/saed90nm_typ_ht.db)


Operating Conditions: TYPICAL   Library: saed90nm_typ_ht
Wire Load Model Mode: enclosed

Design        Wire Load Model            Library
------------------------------------------------
shift_integration      140000            saed90nm_typ_ht
shiftMultiplier        140000            saed90nm_typ_ht
ShiftAdder_0           8000              saed90nm_typ_ht
ShiftAdder_30          8000              saed90nm_typ_ht
shiftMultiplier_DW01_inc_2_DW01_inc_3
                       8000              saed90nm_typ_ht
shiftMultiplier_DW02_mult_30
                       8000              saed90nm_typ_ht
shiftMultiplier_DW02_mult_29
                       8000              saed90nm_typ_ht
shiftMultiplier_DW02_mult_28
                       8000              saed90nm_typ_ht
shiftMultiplier_DW02_mult_27
                       8000              saed90nm_typ_ht
shiftMultiplier_DW02_mult_26
                       8000              saed90nm_typ_ht
shiftMultiplier_DW02_mult_25
                       8000              saed90nm_typ_ht
shiftMultiplier_DW02_mult_24
                       8000              saed90nm_typ_ht
shiftMultiplier_DW02_mult_23
                       8000              saed90nm_typ_ht
shiftMultiplier_DW02_mult_22
                       8000              saed90nm_typ_ht
shiftMultiplier_DW02_mult_21
                       8000              saed90nm_typ_ht
shiftMultiplier_DW02_mult_20
                       8000              saed90nm_typ_ht
shiftMultiplier_DW02_mult_19
                       8000              saed90nm_typ_ht
shiftMultiplier_DW02_mult_18
                       8000              saed90nm_typ_ht
shiftMultiplier_DW02_mult_17
                       8000              saed90nm_typ_ht
shiftMultiplier_DW02_mult_16
                       8000              saed90nm_typ_ht
shiftMultiplier_DW02_mult_15
                       8000              saed90nm_typ_ht
shiftMultiplier_DW02_mult_14
                       8000              saed90nm_typ_ht
shiftMultiplier_DW02_mult_13
                       8000              saed90nm_typ_ht
shiftMultiplier_DW02_mult_12
                       8000              saed90nm_typ_ht
shiftMultiplier_DW02_mult_11
                       8000              saed90nm_typ_ht
shiftMultiplier_DW02_mult_10
                       8000              saed90nm_typ_ht
shiftMultiplier_DW02_mult_9
                       8000              saed90nm_typ_ht
shiftMultiplier_DW02_mult_8
                       8000              saed90nm_typ_ht
shiftMultiplier_DW02_mult_7
                       8000              saed90nm_typ_ht
shiftMultiplier_DW02_mult_6
                       8000              saed90nm_typ_ht
shiftMultiplier_DW02_mult_5
                       8000              saed90nm_typ_ht
shiftMultiplier_DW02_mult_4
                       8000              saed90nm_typ_ht
shiftMultiplier_DW02_mult_3
                       8000              saed90nm_typ_ht
shiftMultiplier_DW02_mult_2
                       8000              saed90nm_typ_ht
shiftMultiplier_DW02_mult_1
                       8000              saed90nm_typ_ht
shiftMultiplier_DW02_mult_0
                       8000              saed90nm_typ_ht
shiftMultiplier_DW01_inc_0_DW01_inc_1
                       8000              saed90nm_typ_ht
shiftMultiplier_DW01_inc_1_DW01_inc_2
                       8000              saed90nm_typ_ht
CarryBypass_Adder_0    8000              saed90nm_typ_ht
CarryBypass_Adder_61   8000              saed90nm_typ_ht
Ripple4bit_0           ForQA             saed90nm_typ_ht
Ripple4bit_495         ForQA             saed90nm_typ_ht
ShiftAdder_1           8000              saed90nm_typ_ht
ShiftAdder_2           8000              saed90nm_typ_ht
ShiftAdder_3           8000              saed90nm_typ_ht
ShiftAdder_4           8000              saed90nm_typ_ht
ShiftAdder_5           8000              saed90nm_typ_ht
ShiftAdder_6           8000              saed90nm_typ_ht
ShiftAdder_7           8000              saed90nm_typ_ht
ShiftAdder_8           8000              saed90nm_typ_ht
ShiftAdder_9           8000              saed90nm_typ_ht
ShiftAdder_10          8000              saed90nm_typ_ht
ShiftAdder_11          8000              saed90nm_typ_ht
ShiftAdder_12          8000              saed90nm_typ_ht
ShiftAdder_13          8000              saed90nm_typ_ht
ShiftAdder_14          8000              saed90nm_typ_ht
ShiftAdder_15          8000              saed90nm_typ_ht
ShiftAdder_16          8000              saed90nm_typ_ht
ShiftAdder_17          8000              saed90nm_typ_ht
ShiftAdder_18          8000              saed90nm_typ_ht
ShiftAdder_19          8000              saed90nm_typ_ht
ShiftAdder_20          8000              saed90nm_typ_ht
ShiftAdder_21          8000              saed90nm_typ_ht
ShiftAdder_22          8000              saed90nm_typ_ht
ShiftAdder_23          8000              saed90nm_typ_ht
ShiftAdder_24          8000              saed90nm_typ_ht
ShiftAdder_25          8000              saed90nm_typ_ht
ShiftAdder_26          8000              saed90nm_typ_ht
ShiftAdder_27          8000              saed90nm_typ_ht
ShiftAdder_28          8000              saed90nm_typ_ht
ShiftAdder_29          8000              saed90nm_typ_ht
CarryBypass_Adder_1    8000              saed90nm_typ_ht
CarryBypass_Adder_2    8000              saed90nm_typ_ht
CarryBypass_Adder_3    8000              saed90nm_typ_ht
CarryBypass_Adder_4    8000              saed90nm_typ_ht
CarryBypass_Adder_5    8000              saed90nm_typ_ht
CarryBypass_Adder_6    8000              saed90nm_typ_ht
CarryBypass_Adder_7    8000              saed90nm_typ_ht
CarryBypass_Adder_8    8000              saed90nm_typ_ht
CarryBypass_Adder_9    8000              saed90nm_typ_ht
CarryBypass_Adder_10   8000              saed90nm_typ_ht
CarryBypass_Adder_11   8000              saed90nm_typ_ht
CarryBypass_Adder_12   8000              saed90nm_typ_ht
CarryBypass_Adder_13   8000              saed90nm_typ_ht
CarryBypass_Adder_14   8000              saed90nm_typ_ht
CarryBypass_Adder_15   8000              saed90nm_typ_ht
CarryBypass_Adder_16   8000              saed90nm_typ_ht
CarryBypass_Adder_17   8000              saed90nm_typ_ht
CarryBypass_Adder_18   8000              saed90nm_typ_ht
CarryBypass_Adder_19   8000              saed90nm_typ_ht
CarryBypass_Adder_20   8000              saed90nm_typ_ht
CarryBypass_Adder_21   8000              saed90nm_typ_ht
CarryBypass_Adder_22   8000              saed90nm_typ_ht
CarryBypass_Adder_23   8000              saed90nm_typ_ht
CarryBypass_Adder_24   8000              saed90nm_typ_ht
CarryBypass_Adder_25   8000              saed90nm_typ_ht
CarryBypass_Adder_26   8000              saed90nm_typ_ht
CarryBypass_Adder_27   8000              saed90nm_typ_ht
CarryBypass_Adder_28   8000              saed90nm_typ_ht
CarryBypass_Adder_29   8000              saed90nm_typ_ht
CarryBypass_Adder_30   8000              saed90nm_typ_ht
CarryBypass_Adder_31   8000              saed90nm_typ_ht
CarryBypass_Adder_32   8000              saed90nm_typ_ht
CarryBypass_Adder_33   8000              saed90nm_typ_ht
CarryBypass_Adder_34   8000              saed90nm_typ_ht
CarryBypass_Adder_35   8000              saed90nm_typ_ht
CarryBypass_Adder_36   8000              saed90nm_typ_ht
CarryBypass_Adder_37   8000              saed90nm_typ_ht
CarryBypass_Adder_38   8000              saed90nm_typ_ht
CarryBypass_Adder_39   8000              saed90nm_typ_ht
CarryBypass_Adder_40   8000              saed90nm_typ_ht
CarryBypass_Adder_41   8000              saed90nm_typ_ht
CarryBypass_Adder_42   8000              saed90nm_typ_ht
CarryBypass_Adder_43   8000              saed90nm_typ_ht
CarryBypass_Adder_44   8000              saed90nm_typ_ht
CarryBypass_Adder_45   8000              saed90nm_typ_ht
CarryBypass_Adder_46   8000              saed90nm_typ_ht
CarryBypass_Adder_47   8000              saed90nm_typ_ht
CarryBypass_Adder_48   8000              saed90nm_typ_ht
CarryBypass_Adder_49   8000              saed90nm_typ_ht
CarryBypass_Adder_50   8000              saed90nm_typ_ht
CarryBypass_Adder_51   8000              saed90nm_typ_ht
CarryBypass_Adder_52   8000              saed90nm_typ_ht
CarryBypass_Adder_53   8000              saed90nm_typ_ht
CarryBypass_Adder_54   8000              saed90nm_typ_ht
CarryBypass_Adder_55   8000              saed90nm_typ_ht
CarryBypass_Adder_56   8000              saed90nm_typ_ht
CarryBypass_Adder_57   8000              saed90nm_typ_ht
CarryBypass_Adder_58   8000              saed90nm_typ_ht
CarryBypass_Adder_59   8000              saed90nm_typ_ht
CarryBypass_Adder_60   8000              saed90nm_typ_ht
Ripple4bit_1           ForQA             saed90nm_typ_ht
Ripple4bit_2           ForQA             saed90nm_typ_ht
Ripple4bit_3           ForQA             saed90nm_typ_ht
Ripple4bit_4           ForQA             saed90nm_typ_ht
Ripple4bit_5           ForQA             saed90nm_typ_ht
Ripple4bit_6           ForQA             saed90nm_typ_ht
Ripple4bit_7           ForQA             saed90nm_typ_ht
Ripple4bit_8           ForQA             saed90nm_typ_ht
Ripple4bit_9           ForQA             saed90nm_typ_ht
Ripple4bit_10          ForQA             saed90nm_typ_ht
Ripple4bit_11          ForQA             saed90nm_typ_ht
Ripple4bit_12          ForQA             saed90nm_typ_ht
Ripple4bit_13          ForQA             saed90nm_typ_ht
Ripple4bit_14          ForQA             saed90nm_typ_ht
Ripple4bit_15          ForQA             saed90nm_typ_ht
Ripple4bit_16          ForQA             saed90nm_typ_ht
Ripple4bit_17          ForQA             saed90nm_typ_ht
Ripple4bit_18          ForQA             saed90nm_typ_ht
Ripple4bit_19          ForQA             saed90nm_typ_ht
Ripple4bit_20          ForQA             saed90nm_typ_ht
Ripple4bit_21          ForQA             saed90nm_typ_ht
Ripple4bit_22          ForQA             saed90nm_typ_ht
Ripple4bit_23          ForQA             saed90nm_typ_ht
Ripple4bit_24          ForQA             saed90nm_typ_ht
Ripple4bit_25          ForQA             saed90nm_typ_ht
Ripple4bit_26          ForQA             saed90nm_typ_ht
Ripple4bit_27          ForQA             saed90nm_typ_ht
Ripple4bit_28          ForQA             saed90nm_typ_ht
Ripple4bit_29          ForQA             saed90nm_typ_ht
Ripple4bit_30          ForQA             saed90nm_typ_ht
Ripple4bit_31          ForQA             saed90nm_typ_ht
Ripple4bit_32          ForQA             saed90nm_typ_ht
Ripple4bit_33          ForQA             saed90nm_typ_ht
Ripple4bit_34          ForQA             saed90nm_typ_ht
Ripple4bit_35          ForQA             saed90nm_typ_ht
Ripple4bit_36          ForQA             saed90nm_typ_ht
Ripple4bit_37          ForQA             saed90nm_typ_ht
Ripple4bit_38          ForQA             saed90nm_typ_ht
Ripple4bit_39          ForQA             saed90nm_typ_ht
Ripple4bit_40          ForQA             saed90nm_typ_ht
Ripple4bit_41          ForQA             saed90nm_typ_ht
Ripple4bit_42          ForQA             saed90nm_typ_ht
Ripple4bit_43          ForQA             saed90nm_typ_ht
Ripple4bit_44          ForQA             saed90nm_typ_ht
Ripple4bit_45          ForQA             saed90nm_typ_ht
Ripple4bit_46          ForQA             saed90nm_typ_ht
Ripple4bit_47          ForQA             saed90nm_typ_ht
Ripple4bit_48          ForQA             saed90nm_typ_ht
Ripple4bit_49          ForQA             saed90nm_typ_ht
Ripple4bit_50          ForQA             saed90nm_typ_ht
Ripple4bit_51          ForQA             saed90nm_typ_ht
Ripple4bit_52          ForQA             saed90nm_typ_ht
Ripple4bit_53          ForQA             saed90nm_typ_ht
Ripple4bit_54          ForQA             saed90nm_typ_ht
Ripple4bit_55          ForQA             saed90nm_typ_ht
Ripple4bit_56          ForQA             saed90nm_typ_ht
Ripple4bit_57          ForQA             saed90nm_typ_ht
Ripple4bit_58          ForQA             saed90nm_typ_ht
Ripple4bit_59          ForQA             saed90nm_typ_ht
Ripple4bit_60          ForQA             saed90nm_typ_ht
Ripple4bit_61          ForQA             saed90nm_typ_ht
Ripple4bit_62          ForQA             saed90nm_typ_ht
Ripple4bit_63          ForQA             saed90nm_typ_ht
Ripple4bit_64          ForQA             saed90nm_typ_ht
Ripple4bit_65          ForQA             saed90nm_typ_ht
Ripple4bit_66          ForQA             saed90nm_typ_ht
Ripple4bit_67          ForQA             saed90nm_typ_ht
Ripple4bit_68          ForQA             saed90nm_typ_ht
Ripple4bit_69          ForQA             saed90nm_typ_ht
Ripple4bit_70          ForQA             saed90nm_typ_ht
Ripple4bit_71          ForQA             saed90nm_typ_ht
Ripple4bit_72          ForQA             saed90nm_typ_ht
Ripple4bit_73          ForQA             saed90nm_typ_ht
Ripple4bit_74          ForQA             saed90nm_typ_ht
Ripple4bit_75          ForQA             saed90nm_typ_ht
Ripple4bit_76          ForQA             saed90nm_typ_ht
Ripple4bit_77          ForQA             saed90nm_typ_ht
Ripple4bit_78          ForQA             saed90nm_typ_ht
Ripple4bit_79          ForQA             saed90nm_typ_ht
Ripple4bit_80          ForQA             saed90nm_typ_ht
Ripple4bit_81          ForQA             saed90nm_typ_ht
Ripple4bit_82          ForQA             saed90nm_typ_ht
Ripple4bit_83          ForQA             saed90nm_typ_ht
Ripple4bit_84          ForQA             saed90nm_typ_ht
Ripple4bit_85          ForQA             saed90nm_typ_ht
Ripple4bit_86          ForQA             saed90nm_typ_ht
Ripple4bit_87          ForQA             saed90nm_typ_ht
Ripple4bit_88          ForQA             saed90nm_typ_ht
Ripple4bit_89          ForQA             saed90nm_typ_ht
Ripple4bit_90          ForQA             saed90nm_typ_ht
Ripple4bit_91          ForQA             saed90nm_typ_ht
Ripple4bit_92          ForQA             saed90nm_typ_ht
Ripple4bit_93          ForQA             saed90nm_typ_ht
Ripple4bit_94          ForQA             saed90nm_typ_ht
Ripple4bit_95          ForQA             saed90nm_typ_ht
Ripple4bit_96          ForQA             saed90nm_typ_ht
Ripple4bit_97          ForQA             saed90nm_typ_ht
Ripple4bit_98          ForQA             saed90nm_typ_ht
Ripple4bit_99          ForQA             saed90nm_typ_ht
Ripple4bit_100         ForQA             saed90nm_typ_ht
Ripple4bit_101         ForQA             saed90nm_typ_ht
Ripple4bit_102         ForQA             saed90nm_typ_ht
Ripple4bit_103         ForQA             saed90nm_typ_ht
Ripple4bit_104         ForQA             saed90nm_typ_ht
Ripple4bit_105         ForQA             saed90nm_typ_ht
Ripple4bit_106         ForQA             saed90nm_typ_ht
Ripple4bit_107         ForQA             saed90nm_typ_ht
Ripple4bit_108         ForQA             saed90nm_typ_ht
Ripple4bit_109         ForQA             saed90nm_typ_ht
Ripple4bit_110         ForQA             saed90nm_typ_ht
Ripple4bit_111         ForQA             saed90nm_typ_ht
Ripple4bit_112         ForQA             saed90nm_typ_ht
Ripple4bit_113         ForQA             saed90nm_typ_ht
Ripple4bit_114         ForQA             saed90nm_typ_ht
Ripple4bit_115         ForQA             saed90nm_typ_ht
Ripple4bit_116         ForQA             saed90nm_typ_ht
Ripple4bit_117         ForQA             saed90nm_typ_ht
Ripple4bit_118         ForQA             saed90nm_typ_ht
Ripple4bit_119         ForQA             saed90nm_typ_ht
Ripple4bit_120         ForQA             saed90nm_typ_ht
Ripple4bit_121         ForQA             saed90nm_typ_ht
Ripple4bit_122         ForQA             saed90nm_typ_ht
Ripple4bit_123         ForQA             saed90nm_typ_ht
Ripple4bit_124         ForQA             saed90nm_typ_ht
Ripple4bit_125         ForQA             saed90nm_typ_ht
Ripple4bit_126         ForQA             saed90nm_typ_ht
Ripple4bit_127         ForQA             saed90nm_typ_ht
Ripple4bit_128         ForQA             saed90nm_typ_ht
Ripple4bit_129         ForQA             saed90nm_typ_ht
Ripple4bit_130         ForQA             saed90nm_typ_ht
Ripple4bit_131         ForQA             saed90nm_typ_ht
Ripple4bit_132         ForQA             saed90nm_typ_ht
Ripple4bit_133         ForQA             saed90nm_typ_ht
Ripple4bit_134         ForQA             saed90nm_typ_ht
Ripple4bit_135         ForQA             saed90nm_typ_ht
Ripple4bit_136         ForQA             saed90nm_typ_ht
Ripple4bit_137         ForQA             saed90nm_typ_ht
Ripple4bit_138         ForQA             saed90nm_typ_ht
Ripple4bit_139         ForQA             saed90nm_typ_ht
Ripple4bit_140         ForQA             saed90nm_typ_ht
Ripple4bit_141         ForQA             saed90nm_typ_ht
Ripple4bit_142         ForQA             saed90nm_typ_ht
Ripple4bit_143         ForQA             saed90nm_typ_ht
Ripple4bit_144         ForQA             saed90nm_typ_ht
Ripple4bit_145         ForQA             saed90nm_typ_ht
Ripple4bit_146         ForQA             saed90nm_typ_ht
Ripple4bit_147         ForQA             saed90nm_typ_ht
Ripple4bit_148         ForQA             saed90nm_typ_ht
Ripple4bit_149         ForQA             saed90nm_typ_ht
Ripple4bit_150         ForQA             saed90nm_typ_ht
Ripple4bit_151         ForQA             saed90nm_typ_ht
Ripple4bit_152         ForQA             saed90nm_typ_ht
Ripple4bit_153         ForQA             saed90nm_typ_ht
Ripple4bit_154         ForQA             saed90nm_typ_ht
Ripple4bit_155         ForQA             saed90nm_typ_ht
Ripple4bit_156         ForQA             saed90nm_typ_ht
Ripple4bit_157         ForQA             saed90nm_typ_ht
Ripple4bit_158         ForQA             saed90nm_typ_ht
Ripple4bit_159         ForQA             saed90nm_typ_ht
Ripple4bit_160         ForQA             saed90nm_typ_ht
Ripple4bit_161         ForQA             saed90nm_typ_ht
Ripple4bit_162         ForQA             saed90nm_typ_ht
Ripple4bit_163         ForQA             saed90nm_typ_ht
Ripple4bit_164         ForQA             saed90nm_typ_ht
Ripple4bit_165         ForQA             saed90nm_typ_ht
Ripple4bit_166         ForQA             saed90nm_typ_ht
Ripple4bit_167         ForQA             saed90nm_typ_ht
Ripple4bit_168         ForQA             saed90nm_typ_ht
Ripple4bit_169         ForQA             saed90nm_typ_ht
Ripple4bit_170         ForQA             saed90nm_typ_ht
Ripple4bit_171         ForQA             saed90nm_typ_ht
Ripple4bit_172         ForQA             saed90nm_typ_ht
Ripple4bit_173         ForQA             saed90nm_typ_ht
Ripple4bit_174         ForQA             saed90nm_typ_ht
Ripple4bit_175         ForQA             saed90nm_typ_ht
Ripple4bit_176         ForQA             saed90nm_typ_ht
Ripple4bit_177         ForQA             saed90nm_typ_ht
Ripple4bit_178         ForQA             saed90nm_typ_ht
Ripple4bit_179         ForQA             saed90nm_typ_ht
Ripple4bit_180         ForQA             saed90nm_typ_ht
Ripple4bit_181         ForQA             saed90nm_typ_ht
Ripple4bit_182         ForQA             saed90nm_typ_ht
Ripple4bit_183         ForQA             saed90nm_typ_ht
Ripple4bit_184         ForQA             saed90nm_typ_ht
Ripple4bit_185         ForQA             saed90nm_typ_ht
Ripple4bit_186         ForQA             saed90nm_typ_ht
Ripple4bit_187         ForQA             saed90nm_typ_ht
Ripple4bit_188         ForQA             saed90nm_typ_ht
Ripple4bit_189         ForQA             saed90nm_typ_ht
Ripple4bit_190         ForQA             saed90nm_typ_ht
Ripple4bit_191         ForQA             saed90nm_typ_ht
Ripple4bit_192         ForQA             saed90nm_typ_ht
Ripple4bit_193         ForQA             saed90nm_typ_ht
Ripple4bit_194         ForQA             saed90nm_typ_ht
Ripple4bit_195         ForQA             saed90nm_typ_ht
Ripple4bit_196         ForQA             saed90nm_typ_ht
Ripple4bit_197         ForQA             saed90nm_typ_ht
Ripple4bit_198         ForQA             saed90nm_typ_ht
Ripple4bit_199         ForQA             saed90nm_typ_ht
Ripple4bit_200         ForQA             saed90nm_typ_ht
Ripple4bit_201         ForQA             saed90nm_typ_ht
Ripple4bit_202         ForQA             saed90nm_typ_ht
Ripple4bit_203         ForQA             saed90nm_typ_ht
Ripple4bit_204         ForQA             saed90nm_typ_ht
Ripple4bit_205         ForQA             saed90nm_typ_ht
Ripple4bit_206         ForQA             saed90nm_typ_ht
Ripple4bit_207         ForQA             saed90nm_typ_ht
Ripple4bit_208         ForQA             saed90nm_typ_ht
Ripple4bit_209         ForQA             saed90nm_typ_ht
Ripple4bit_210         ForQA             saed90nm_typ_ht
Ripple4bit_211         ForQA             saed90nm_typ_ht
Ripple4bit_212         ForQA             saed90nm_typ_ht
Ripple4bit_213         ForQA             saed90nm_typ_ht
Ripple4bit_214         ForQA             saed90nm_typ_ht
Ripple4bit_215         ForQA             saed90nm_typ_ht
Ripple4bit_216         ForQA             saed90nm_typ_ht
Ripple4bit_217         ForQA             saed90nm_typ_ht
Ripple4bit_218         ForQA             saed90nm_typ_ht
Ripple4bit_219         ForQA             saed90nm_typ_ht
Ripple4bit_220         ForQA             saed90nm_typ_ht
Ripple4bit_221         ForQA             saed90nm_typ_ht
Ripple4bit_222         ForQA             saed90nm_typ_ht
Ripple4bit_223         ForQA             saed90nm_typ_ht
Ripple4bit_224         ForQA             saed90nm_typ_ht
Ripple4bit_225         ForQA             saed90nm_typ_ht
Ripple4bit_226         ForQA             saed90nm_typ_ht
Ripple4bit_227         ForQA             saed90nm_typ_ht
Ripple4bit_228         ForQA             saed90nm_typ_ht
Ripple4bit_229         ForQA             saed90nm_typ_ht
Ripple4bit_230         ForQA             saed90nm_typ_ht
Ripple4bit_231         ForQA             saed90nm_typ_ht
Ripple4bit_232         ForQA             saed90nm_typ_ht
Ripple4bit_233         ForQA             saed90nm_typ_ht
Ripple4bit_234         ForQA             saed90nm_typ_ht
Ripple4bit_235         ForQA             saed90nm_typ_ht
Ripple4bit_236         ForQA             saed90nm_typ_ht
Ripple4bit_237         ForQA             saed90nm_typ_ht
Ripple4bit_238         ForQA             saed90nm_typ_ht
Ripple4bit_239         ForQA             saed90nm_typ_ht
Ripple4bit_240         ForQA             saed90nm_typ_ht
Ripple4bit_241         ForQA             saed90nm_typ_ht
Ripple4bit_242         ForQA             saed90nm_typ_ht
Ripple4bit_243         ForQA             saed90nm_typ_ht
Ripple4bit_244         ForQA             saed90nm_typ_ht
Ripple4bit_245         ForQA             saed90nm_typ_ht
Ripple4bit_246         ForQA             saed90nm_typ_ht
Ripple4bit_247         ForQA             saed90nm_typ_ht
Ripple4bit_248         ForQA             saed90nm_typ_ht
Ripple4bit_249         ForQA             saed90nm_typ_ht
Ripple4bit_250         ForQA             saed90nm_typ_ht
Ripple4bit_251         ForQA             saed90nm_typ_ht
Ripple4bit_252         ForQA             saed90nm_typ_ht
Ripple4bit_253         ForQA             saed90nm_typ_ht
Ripple4bit_254         ForQA             saed90nm_typ_ht
Ripple4bit_255         ForQA             saed90nm_typ_ht
Ripple4bit_256         ForQA             saed90nm_typ_ht
Ripple4bit_257         ForQA             saed90nm_typ_ht
Ripple4bit_258         ForQA             saed90nm_typ_ht
Ripple4bit_259         ForQA             saed90nm_typ_ht
Ripple4bit_260         ForQA             saed90nm_typ_ht
Ripple4bit_261         ForQA             saed90nm_typ_ht
Ripple4bit_262         ForQA             saed90nm_typ_ht
Ripple4bit_263         ForQA             saed90nm_typ_ht
Ripple4bit_264         ForQA             saed90nm_typ_ht
Ripple4bit_265         ForQA             saed90nm_typ_ht
Ripple4bit_266         ForQA             saed90nm_typ_ht
Ripple4bit_267         ForQA             saed90nm_typ_ht
Ripple4bit_268         ForQA             saed90nm_typ_ht
Ripple4bit_269         ForQA             saed90nm_typ_ht
Ripple4bit_270         ForQA             saed90nm_typ_ht
Ripple4bit_271         ForQA             saed90nm_typ_ht
Ripple4bit_272         ForQA             saed90nm_typ_ht
Ripple4bit_273         ForQA             saed90nm_typ_ht
Ripple4bit_274         ForQA             saed90nm_typ_ht
Ripple4bit_275         ForQA             saed90nm_typ_ht
Ripple4bit_276         ForQA             saed90nm_typ_ht
Ripple4bit_277         ForQA             saed90nm_typ_ht
Ripple4bit_278         ForQA             saed90nm_typ_ht
Ripple4bit_279         ForQA             saed90nm_typ_ht
Ripple4bit_280         ForQA             saed90nm_typ_ht
Ripple4bit_281         ForQA             saed90nm_typ_ht
Ripple4bit_282         ForQA             saed90nm_typ_ht
Ripple4bit_283         ForQA             saed90nm_typ_ht
Ripple4bit_284         ForQA             saed90nm_typ_ht
Ripple4bit_285         ForQA             saed90nm_typ_ht
Ripple4bit_286         ForQA             saed90nm_typ_ht
Ripple4bit_287         ForQA             saed90nm_typ_ht
Ripple4bit_288         ForQA             saed90nm_typ_ht
Ripple4bit_289         ForQA             saed90nm_typ_ht
Ripple4bit_290         ForQA             saed90nm_typ_ht
Ripple4bit_291         ForQA             saed90nm_typ_ht
Ripple4bit_292         ForQA             saed90nm_typ_ht
Ripple4bit_293         ForQA             saed90nm_typ_ht
Ripple4bit_294         ForQA             saed90nm_typ_ht
Ripple4bit_295         ForQA             saed90nm_typ_ht
Ripple4bit_296         ForQA             saed90nm_typ_ht
Ripple4bit_297         ForQA             saed90nm_typ_ht
Ripple4bit_298         ForQA             saed90nm_typ_ht
Ripple4bit_299         ForQA             saed90nm_typ_ht
Ripple4bit_300         ForQA             saed90nm_typ_ht
Ripple4bit_301         ForQA             saed90nm_typ_ht
Ripple4bit_302         ForQA             saed90nm_typ_ht
Ripple4bit_303         ForQA             saed90nm_typ_ht
Ripple4bit_304         ForQA             saed90nm_typ_ht
Ripple4bit_305         ForQA             saed90nm_typ_ht
Ripple4bit_306         ForQA             saed90nm_typ_ht
Ripple4bit_307         ForQA             saed90nm_typ_ht
Ripple4bit_308         ForQA             saed90nm_typ_ht
Ripple4bit_309         ForQA             saed90nm_typ_ht
Ripple4bit_310         ForQA             saed90nm_typ_ht
Ripple4bit_311         ForQA             saed90nm_typ_ht
Ripple4bit_312         ForQA             saed90nm_typ_ht
Ripple4bit_313         ForQA             saed90nm_typ_ht
Ripple4bit_314         ForQA             saed90nm_typ_ht
Ripple4bit_315         ForQA             saed90nm_typ_ht
Ripple4bit_316         ForQA             saed90nm_typ_ht
Ripple4bit_317         ForQA             saed90nm_typ_ht
Ripple4bit_318         ForQA             saed90nm_typ_ht
Ripple4bit_319         ForQA             saed90nm_typ_ht
Ripple4bit_320         ForQA             saed90nm_typ_ht
Ripple4bit_321         ForQA             saed90nm_typ_ht
Ripple4bit_322         ForQA             saed90nm_typ_ht
Ripple4bit_323         ForQA             saed90nm_typ_ht
Ripple4bit_324         ForQA             saed90nm_typ_ht
Ripple4bit_325         ForQA             saed90nm_typ_ht
Ripple4bit_326         ForQA             saed90nm_typ_ht
Ripple4bit_327         ForQA             saed90nm_typ_ht
Ripple4bit_328         ForQA             saed90nm_typ_ht
Ripple4bit_329         ForQA             saed90nm_typ_ht
Ripple4bit_330         ForQA             saed90nm_typ_ht
Ripple4bit_331         ForQA             saed90nm_typ_ht
Ripple4bit_332         ForQA             saed90nm_typ_ht
Ripple4bit_333         ForQA             saed90nm_typ_ht
Ripple4bit_334         ForQA             saed90nm_typ_ht
Ripple4bit_335         ForQA             saed90nm_typ_ht
Ripple4bit_336         ForQA             saed90nm_typ_ht
Ripple4bit_337         ForQA             saed90nm_typ_ht
Ripple4bit_338         ForQA             saed90nm_typ_ht
Ripple4bit_339         ForQA             saed90nm_typ_ht
Ripple4bit_340         ForQA             saed90nm_typ_ht
Ripple4bit_341         ForQA             saed90nm_typ_ht
Ripple4bit_342         ForQA             saed90nm_typ_ht
Ripple4bit_343         ForQA             saed90nm_typ_ht
Ripple4bit_344         ForQA             saed90nm_typ_ht
Ripple4bit_345         ForQA             saed90nm_typ_ht
Ripple4bit_346         ForQA             saed90nm_typ_ht
Ripple4bit_347         ForQA             saed90nm_typ_ht
Ripple4bit_348         ForQA             saed90nm_typ_ht
Ripple4bit_349         ForQA             saed90nm_typ_ht
Ripple4bit_350         ForQA             saed90nm_typ_ht
Ripple4bit_351         ForQA             saed90nm_typ_ht
Ripple4bit_352         ForQA             saed90nm_typ_ht
Ripple4bit_353         ForQA             saed90nm_typ_ht
Ripple4bit_354         ForQA             saed90nm_typ_ht
Ripple4bit_355         ForQA             saed90nm_typ_ht
Ripple4bit_356         ForQA             saed90nm_typ_ht
Ripple4bit_357         ForQA             saed90nm_typ_ht
Ripple4bit_358         ForQA             saed90nm_typ_ht
Ripple4bit_359         ForQA             saed90nm_typ_ht
Ripple4bit_360         ForQA             saed90nm_typ_ht
Ripple4bit_361         ForQA             saed90nm_typ_ht
Ripple4bit_362         ForQA             saed90nm_typ_ht
Ripple4bit_363         ForQA             saed90nm_typ_ht
Ripple4bit_364         ForQA             saed90nm_typ_ht
Ripple4bit_365         ForQA             saed90nm_typ_ht
Ripple4bit_366         ForQA             saed90nm_typ_ht
Ripple4bit_367         ForQA             saed90nm_typ_ht
Ripple4bit_368         ForQA             saed90nm_typ_ht
Ripple4bit_369         ForQA             saed90nm_typ_ht
Ripple4bit_370         ForQA             saed90nm_typ_ht
Ripple4bit_371         ForQA             saed90nm_typ_ht
Ripple4bit_372         ForQA             saed90nm_typ_ht
Ripple4bit_373         ForQA             saed90nm_typ_ht
Ripple4bit_374         ForQA             saed90nm_typ_ht
Ripple4bit_375         ForQA             saed90nm_typ_ht
Ripple4bit_376         ForQA             saed90nm_typ_ht
Ripple4bit_377         ForQA             saed90nm_typ_ht
Ripple4bit_378         ForQA             saed90nm_typ_ht
Ripple4bit_379         ForQA             saed90nm_typ_ht
Ripple4bit_380         ForQA             saed90nm_typ_ht
Ripple4bit_381         ForQA             saed90nm_typ_ht
Ripple4bit_382         ForQA             saed90nm_typ_ht
Ripple4bit_383         ForQA             saed90nm_typ_ht
Ripple4bit_384         ForQA             saed90nm_typ_ht
Ripple4bit_385         ForQA             saed90nm_typ_ht
Ripple4bit_386         ForQA             saed90nm_typ_ht
Ripple4bit_387         ForQA             saed90nm_typ_ht
Ripple4bit_388         ForQA             saed90nm_typ_ht
Ripple4bit_389         ForQA             saed90nm_typ_ht
Ripple4bit_390         ForQA             saed90nm_typ_ht
Ripple4bit_391         ForQA             saed90nm_typ_ht
Ripple4bit_392         ForQA             saed90nm_typ_ht
Ripple4bit_393         ForQA             saed90nm_typ_ht
Ripple4bit_394         ForQA             saed90nm_typ_ht
Ripple4bit_395         ForQA             saed90nm_typ_ht
Ripple4bit_396         ForQA             saed90nm_typ_ht
Ripple4bit_397         ForQA             saed90nm_typ_ht
Ripple4bit_398         ForQA             saed90nm_typ_ht
Ripple4bit_399         ForQA             saed90nm_typ_ht
Ripple4bit_400         ForQA             saed90nm_typ_ht
Ripple4bit_401         ForQA             saed90nm_typ_ht
Ripple4bit_402         ForQA             saed90nm_typ_ht
Ripple4bit_403         ForQA             saed90nm_typ_ht
Ripple4bit_404         ForQA             saed90nm_typ_ht
Ripple4bit_405         ForQA             saed90nm_typ_ht
Ripple4bit_406         ForQA             saed90nm_typ_ht
Ripple4bit_407         ForQA             saed90nm_typ_ht
Ripple4bit_408         ForQA             saed90nm_typ_ht
Ripple4bit_409         ForQA             saed90nm_typ_ht
Ripple4bit_410         ForQA             saed90nm_typ_ht
Ripple4bit_411         ForQA             saed90nm_typ_ht
Ripple4bit_412         ForQA             saed90nm_typ_ht
Ripple4bit_413         ForQA             saed90nm_typ_ht
Ripple4bit_414         ForQA             saed90nm_typ_ht
Ripple4bit_415         ForQA             saed90nm_typ_ht
Ripple4bit_416         ForQA             saed90nm_typ_ht
Ripple4bit_417         ForQA             saed90nm_typ_ht
Ripple4bit_418         ForQA             saed90nm_typ_ht
Ripple4bit_419         ForQA             saed90nm_typ_ht
Ripple4bit_420         ForQA             saed90nm_typ_ht
Ripple4bit_421         ForQA             saed90nm_typ_ht
Ripple4bit_422         ForQA             saed90nm_typ_ht
Ripple4bit_423         ForQA             saed90nm_typ_ht
Ripple4bit_424         ForQA             saed90nm_typ_ht
Ripple4bit_425         ForQA             saed90nm_typ_ht
Ripple4bit_426         ForQA             saed90nm_typ_ht
Ripple4bit_427         ForQA             saed90nm_typ_ht
Ripple4bit_428         ForQA             saed90nm_typ_ht
Ripple4bit_429         ForQA             saed90nm_typ_ht
Ripple4bit_430         ForQA             saed90nm_typ_ht
Ripple4bit_431         ForQA             saed90nm_typ_ht
Ripple4bit_432         ForQA             saed90nm_typ_ht
Ripple4bit_433         ForQA             saed90nm_typ_ht
Ripple4bit_434         ForQA             saed90nm_typ_ht
Ripple4bit_435         ForQA             saed90nm_typ_ht
Ripple4bit_436         ForQA             saed90nm_typ_ht
Ripple4bit_437         ForQA             saed90nm_typ_ht
Ripple4bit_438         ForQA             saed90nm_typ_ht
Ripple4bit_439         ForQA             saed90nm_typ_ht
Ripple4bit_440         ForQA             saed90nm_typ_ht
Ripple4bit_441         ForQA             saed90nm_typ_ht
Ripple4bit_442         ForQA             saed90nm_typ_ht
Ripple4bit_443         ForQA             saed90nm_typ_ht
Ripple4bit_444         ForQA             saed90nm_typ_ht
Ripple4bit_445         ForQA             saed90nm_typ_ht
Ripple4bit_446         ForQA             saed90nm_typ_ht
Ripple4bit_447         ForQA             saed90nm_typ_ht
Ripple4bit_448         ForQA             saed90nm_typ_ht
Ripple4bit_449         ForQA             saed90nm_typ_ht
Ripple4bit_450         ForQA             saed90nm_typ_ht
Ripple4bit_451         ForQA             saed90nm_typ_ht
Ripple4bit_452         ForQA             saed90nm_typ_ht
Ripple4bit_453         ForQA             saed90nm_typ_ht
Ripple4bit_454         ForQA             saed90nm_typ_ht
Ripple4bit_455         ForQA             saed90nm_typ_ht
Ripple4bit_456         ForQA             saed90nm_typ_ht
Ripple4bit_457         ForQA             saed90nm_typ_ht
Ripple4bit_458         ForQA             saed90nm_typ_ht
Ripple4bit_459         ForQA             saed90nm_typ_ht
Ripple4bit_460         ForQA             saed90nm_typ_ht
Ripple4bit_461         ForQA             saed90nm_typ_ht
Ripple4bit_462         ForQA             saed90nm_typ_ht
Ripple4bit_463         ForQA             saed90nm_typ_ht
Ripple4bit_464         ForQA             saed90nm_typ_ht
Ripple4bit_465         ForQA             saed90nm_typ_ht
Ripple4bit_466         ForQA             saed90nm_typ_ht
Ripple4bit_467         ForQA             saed90nm_typ_ht
Ripple4bit_468         ForQA             saed90nm_typ_ht
Ripple4bit_469         ForQA             saed90nm_typ_ht
Ripple4bit_470         ForQA             saed90nm_typ_ht
Ripple4bit_471         ForQA             saed90nm_typ_ht
Ripple4bit_472         ForQA             saed90nm_typ_ht
Ripple4bit_473         ForQA             saed90nm_typ_ht
Ripple4bit_474         ForQA             saed90nm_typ_ht
Ripple4bit_475         ForQA             saed90nm_typ_ht
Ripple4bit_476         ForQA             saed90nm_typ_ht
Ripple4bit_477         ForQA             saed90nm_typ_ht
Ripple4bit_478         ForQA             saed90nm_typ_ht
Ripple4bit_479         ForQA             saed90nm_typ_ht
Ripple4bit_480         ForQA             saed90nm_typ_ht
Ripple4bit_481         ForQA             saed90nm_typ_ht
Ripple4bit_482         ForQA             saed90nm_typ_ht
Ripple4bit_483         ForQA             saed90nm_typ_ht
Ripple4bit_484         ForQA             saed90nm_typ_ht
Ripple4bit_485         ForQA             saed90nm_typ_ht
Ripple4bit_486         ForQA             saed90nm_typ_ht
Ripple4bit_487         ForQA             saed90nm_typ_ht
Ripple4bit_488         ForQA             saed90nm_typ_ht
Ripple4bit_489         ForQA             saed90nm_typ_ht
Ripple4bit_490         ForQA             saed90nm_typ_ht
Ripple4bit_491         ForQA             saed90nm_typ_ht
Ripple4bit_492         ForQA             saed90nm_typ_ht
Ripple4bit_493         ForQA             saed90nm_typ_ht
Ripple4bit_494         ForQA             saed90nm_typ_ht


Global Operating Voltage = 1.2  
Power-specific unit information :
    Voltage Units = 1V
    Capacitance Units = 1.000000ff
    Time Units = 1ns
    Dynamic Power Units = 1uW    (derived from V,C,T units)
    Leakage Power Units = 1pW


Attributes
----------
i - Including register clock pin internal power


  Cell Internal Power  =   1.1302 mW   (82%)
  Net Switching Power  = 243.8230 uW   (18%)
                         ---------
Total Dynamic Power    =   1.3741 mW  (100%)

Cell Leakage Power     =   1.6971 mW

Information: report_power power group summary does not include estimated clock tree power. (PWR-789)

                 Internal         Switching           Leakage            Total
Power Group      Power            Power               Power              Power   (   %    )  Attrs
--------------------------------------------------------------------------------------------------
io_pad             0.0000            0.0000            0.0000            0.0000  (   0.00%)
memory             0.0000            0.0000            0.0000            0.0000  (   0.00%)
black_box          0.0000            0.0000            0.0000            0.0000  (   0.00%)
clock_network      0.0000            0.0000            0.0000            0.0000  (   0.00%)  i
register           0.0000            0.0000            0.0000            0.0000  (   0.00%)
sequential        24.3609            8.1023        5.3869e+07           86.3319  (   2.81%)
combinational  1.1059e+03          235.7199        1.6433e+09        2.9849e+03  (  97.19%)
--------------------------------------------------------------------------------------------------
Total          1.1302e+03 uW       243.8221 uW     1.6971e+09 pW     3.0712e+03 uW
1
