 
****************************************
Report : area
Design : Ripple4bit
Version: U-2022.12-SP7
Date   : Tue Dec 12 19:55:49 2023
****************************************

Library(s) Used:

    saed90nm_typ_ht (File: /home/user26/Downloads/Lab4/ref/models/saed90nm_typ_ht.db)

Number of ports:                           14
Number of nets:                            28
Number of cells:                           19
Number of combinational cells:             19
Number of sequential cells:                 0
Number of macros/black boxes:               0
Number of buf/inv:                          1
Number of references:                       4

Combinational area:                239.616003
Buf/Inv area:                        5.529600
Noncombinational area:               0.000000
Macro/Black Box area:                0.000000
Net Interconnect area:               8.722857

Total cell area:                   239.616003
Total area:                        248.338860
1
