 
****************************************
Report : qor
Design : PlusOperatorAdder
Version: U-2022.12-SP7
Date   : Tue Dec 12 19:21:09 2023
****************************************


  Timing Path Group 'vsysclk'
  -----------------------------------
  Levels of Logic:              32.00
  Critical Path Length:         10.98
  Critical Path Slack:           7.52
  Critical Path Clk Period:     20.00
  Total Negative Slack:          0.00
  No. of Violating Paths:        0.00
  Worst Hold Violation:          0.00
  Total Hold Violation:          0.00
  No. of Hold Violations:        0.00
  -----------------------------------


  Cell Count
  -----------------------------------
  Hierarchical Cell Count:          1
  Hierarchical Port Count:        101
  Leaf Cell Count:                 32
  Buf/Inv Cell Count:               0
  Buf Cell Count:                   0
  Inv Cell Count:                   0
  CT Buf/Inv Cell Count:            0
  Combinational Cell Count:        32
  Sequential Cell Count:            0
  Macro Count:                      0
  -----------------------------------


  Area
  -----------------------------------
  Combinational Area:      943.718384
  Noncombinational Area:     0.000000
  Buf/Inv Area:              0.000000
  Total Buffer Area:             0.00
  Total Inverter Area:           0.00
  Macro/Black Box Area:      0.000000
  Net Area:                 17.983064
  -----------------------------------
  Cell Area:               943.718384
  Design Area:             961.701448


  Design Rules
  -----------------------------------
  Total Number of Nets:           130
  Nets With Violations:             0
  Max Trans Violations:             0
  Max Cap Violations:               0
  -----------------------------------


  Hostname: ip-172-31-17-209.ec2.internal

  Compile CPU Statistics
  -----------------------------------------
  Resource Sharing:                    0.05
  Logic Optimization:                  0.03
  Mapping Optimization:                0.09
  -----------------------------------------
  Overall Compile Time:                0.48
  Overall Compile Wall Clock Time:     0.71

  --------------------------------------------------------------------

  Design  WNS: 0.00  TNS: 0.00  Number of Violating Paths: 0


  Design (Hold)  WNS: 0.00  TNS: 0.00  Number of Violating Paths: 0

  --------------------------------------------------------------------


1
