 
****************************************
Report : cell
Design : PlusOperatorAdder
Version: U-2022.12-SP7
Date   : Tue Dec 12 19:21:09 2023
****************************************

Attributes:
   BO - reference allows boundary optimization
    b - black box (unknown)
    h - hierarchical
    n - noncombinational
    r - removable
    u - contains unmapped logic

Cell                      Reference       Library             Area  Attributes
--------------------------------------------------------------------------------
add_1_root_add_9_2        PlusOperatorAdder_DW01_add_0    943.718384
                                                                    BO, h
--------------------------------------------------------------------------------
Total 1 cells                                             943.718384
1
